INFO 2020-05-07 21:47:42.985 [main] com.example.demo.DemoApplication-Starting DemoApplication on LAPTOP-C1QADBMM with PID 22608 (D:\example\target\classes started by Tyler Wong in D:\example)
INFO 2020-05-07 21:47:42.988 [main] com.example.demo.DemoApplication-The following profiles are active: dev
WARN 2020-05-07 21:47:43.481 [main] t.m.s.mapper.ClassPathMapperScanner-No MyBatis mapper was found in '[com.example.demo.*.dao]' package. Please check your configuration.
WARN 2020-05-07 21:47:43.647 [main] o.m.s.mapper.ClassPathMapperScanner-No MyBatis mapper was found in '[com.example.demo]' package. Please check your configuration.
INFO 2020-05-07 21:47:44.242 [main] o.s.b.w.e.tomcat.TomcatWebServer-Tomcat initialized with port(s): 8081 (http)
INFO 2020-05-07 21:47:44.253 [main] o.a.coyote.http11.Http11NioProtocol-Initializing ProtocolHandler ["http-nio-8081"]
INFO 2020-05-07 21:47:44.254 [main] o.a.catalina.core.StandardService-Starting service [Tomcat]
INFO 2020-05-07 21:47:44.254 [main] o.a.catalina.core.StandardEngine-Starting Servlet engine: [Apache Tomcat/9.0.29]
INFO 2020-05-07 21:47:44.386 [main] o.a.c.c.C.[Tomcat].[localhost].[/]-Initializing Spring embedded WebApplicationContext
INFO 2020-05-07 21:47:44.386 [main] o.s.web.context.ContextLoader-Root WebApplicationContext: initialization completed in 1341 ms
WARN 2020-05-07 21:47:44.473 [main] o.s.b.w.s.c.AnnotationConfigServletWebServerApplicationContext-Exception encountered during context initialization - cancelling refresh attempt: org.springframework.beans.factory.UnsatisfiedDependencyException: Error creating bean with name '/v1/user': Unsatisfied dependency expressed through field 'baseService'; nested exception is org.springframework.beans.factory.UnsatisfiedDependencyException: Error creating bean with name 'userServiceImpl': Unsatisfied dependency expressed through field 'mapper'; nested exception is org.springframework.beans.factory.NoSuchBeanDefinitionException: No qualifying bean of type 'com.example.demo.base.dao.BaseMapper<com.example.demo.user.vo.User>' available: expected at least 1 bean which qualifies as autowire candidate. Dependency annotations: {@org.springframework.beans.factory.annotation.Autowired(required=true)}
INFO 2020-05-07 21:47:44.478 [main] o.a.catalina.core.StandardService-Stopping service [Tomcat]
INFO 2020-05-07 21:47:44.500 [main] o.s.b.a.l.ConditionEvaluationReportLoggingListener-

Error starting ApplicationContext. To display the conditions report re-run your application with 'debug' enabled.
ERROR2020-05-07 21:47:44.624 [main] o.s.b.d.LoggingFailureAnalysisReporter-

***************************
APPLICATION FAILED TO START
***************************

Description:

Field mapper in com.example.demo.base.service.impl.BaseServiceImpl required a bean of type 'com.example.demo.base.dao.BaseMapper' that could not be found.

The injection point has the following annotations:
	- @org.springframework.beans.factory.annotation.Autowired(required=true)


Action:

Consider defining a bean of type 'com.example.demo.base.dao.BaseMapper' in your configuration.

INFO 2020-05-07 21:47:57.891 [main] com.example.demo.DemoApplication-Starting DemoApplication on LAPTOP-C1QADBMM with PID 3880 (D:\example\target\classes started by Tyler Wong in D:\example)
INFO 2020-05-07 21:47:57.894 [main] com.example.demo.DemoApplication-The following profiles are active: dev
WARN 2020-05-07 21:47:58.259 [main] t.m.s.mapper.ClassPathMapperScanner-No MyBatis mapper was found in '[com.example.demo.*.mapper]' package. Please check your configuration.
WARN 2020-05-07 21:47:58.365 [main] o.m.s.mapper.ClassPathMapperScanner-No MyBatis mapper was found in '[com.example.demo]' package. Please check your configuration.
INFO 2020-05-07 21:47:58.767 [main] o.s.b.w.e.tomcat.TomcatWebServer-Tomcat initialized with port(s): 8081 (http)
INFO 2020-05-07 21:47:58.775 [main] o.a.coyote.http11.Http11NioProtocol-Initializing ProtocolHandler ["http-nio-8081"]
INFO 2020-05-07 21:47:58.775 [main] o.a.catalina.core.StandardService-Starting service [Tomcat]
INFO 2020-05-07 21:47:58.775 [main] o.a.catalina.core.StandardEngine-Starting Servlet engine: [Apache Tomcat/9.0.29]
INFO 2020-05-07 21:47:58.866 [main] o.a.c.c.C.[Tomcat].[localhost].[/]-Initializing Spring embedded WebApplicationContext
INFO 2020-05-07 21:47:58.867 [main] o.s.web.context.ContextLoader-Root WebApplicationContext: initialization completed in 928 ms
WARN 2020-05-07 21:47:58.918 [main] o.s.b.w.s.c.AnnotationConfigServletWebServerApplicationContext-Exception encountered during context initialization - cancelling refresh attempt: org.springframework.beans.factory.UnsatisfiedDependencyException: Error creating bean with name '/v1/user': Unsatisfied dependency expressed through field 'baseService'; nested exception is org.springframework.beans.factory.UnsatisfiedDependencyException: Error creating bean with name 'userServiceImpl': Unsatisfied dependency expressed through field 'mapper'; nested exception is org.springframework.beans.factory.NoSuchBeanDefinitionException: No qualifying bean of type 'com.example.demo.base.dao.BaseMapper<com.example.demo.user.vo.User>' available: expected at least 1 bean which qualifies as autowire candidate. Dependency annotations: {@org.springframework.beans.factory.annotation.Autowired(required=true)}
INFO 2020-05-07 21:47:58.921 [main] o.a.catalina.core.StandardService-Stopping service [Tomcat]
INFO 2020-05-07 21:47:58.932 [main] o.s.b.a.l.ConditionEvaluationReportLoggingListener-

Error starting ApplicationContext. To display the conditions report re-run your application with 'debug' enabled.
ERROR2020-05-07 21:47:59.003 [main] o.s.b.d.LoggingFailureAnalysisReporter-

***************************
APPLICATION FAILED TO START
***************************

Description:

Field mapper in com.example.demo.base.service.impl.BaseServiceImpl required a bean of type 'com.example.demo.base.dao.BaseMapper' that could not be found.

The injection point has the following annotations:
	- @org.springframework.beans.factory.annotation.Autowired(required=true)


Action:

Consider defining a bean of type 'com.example.demo.base.dao.BaseMapper' in your configuration.

INFO 2020-05-07 21:48:29.871 [main] com.example.demo.DemoApplication-Starting DemoApplication on LAPTOP-C1QADBMM with PID 7040 (D:\example\target\classes started by Tyler Wong in D:\example)
INFO 2020-05-07 21:48:29.873 [main] com.example.demo.DemoApplication-The following profiles are active: dev
WARN 2020-05-07 21:48:30.258 [main] t.m.s.mapper.ClassPathMapperScanner-No MyBatis mapper was found in '[com.example.demo.*.mapper]' package. Please check your configuration.
WARN 2020-05-07 21:48:30.388 [main] o.m.s.mapper.ClassPathMapperScanner-No MyBatis mapper was found in '[com.example.demo]' package. Please check your configuration.
INFO 2020-05-07 21:48:30.830 [main] o.s.b.w.e.tomcat.TomcatWebServer-Tomcat initialized with port(s): 8081 (http)
INFO 2020-05-07 21:48:30.837 [main] o.a.coyote.http11.Http11NioProtocol-Initializing ProtocolHandler ["http-nio-8081"]
INFO 2020-05-07 21:48:30.837 [main] o.a.catalina.core.StandardService-Starting service [Tomcat]
INFO 2020-05-07 21:48:30.838 [main] o.a.catalina.core.StandardEngine-Starting Servlet engine: [Apache Tomcat/9.0.29]
INFO 2020-05-07 21:48:30.930 [main] o.a.c.c.C.[Tomcat].[localhost].[/]-Initializing Spring embedded WebApplicationContext
INFO 2020-05-07 21:48:30.931 [main] o.s.web.context.ContextLoader-Root WebApplicationContext: initialization completed in 1006 ms
WARN 2020-05-07 21:48:30.975 [main] o.s.b.w.s.c.AnnotationConfigServletWebServerApplicationContext-Exception encountered during context initialization - cancelling refresh attempt: org.springframework.beans.factory.UnsatisfiedDependencyException: Error creating bean with name '/v1/user': Unsatisfied dependency expressed through field 'baseService'; nested exception is org.springframework.beans.factory.NoSuchBeanDefinitionException: No qualifying bean of type 'com.example.demo.base.service.BaseService<com.example.demo.user.vo.User, com.example.demo.user.vo.AddUserVo, com.example.demo.user.vo.EditUserVo>' available: expected at least 1 bean which qualifies as autowire candidate. Dependency annotations: {@org.springframework.beans.factory.annotation.Autowired(required=true)}
INFO 2020-05-07 21:48:30.977 [main] o.a.catalina.core.StandardService-Stopping service [Tomcat]
INFO 2020-05-07 21:48:30.988 [main] o.s.b.a.l.ConditionEvaluationReportLoggingListener-

Error starting ApplicationContext. To display the conditions report re-run your application with 'debug' enabled.
ERROR2020-05-07 21:48:31.069 [main] o.s.b.d.LoggingFailureAnalysisReporter-

***************************
APPLICATION FAILED TO START
***************************

Description:

Field baseService in com.example.demo.base.controller.BaseController required a bean of type 'com.example.demo.base.service.BaseService' that could not be found.

The injection point has the following annotations:
	- @org.springframework.beans.factory.annotation.Autowired(required=true)


Action:

Consider defining a bean of type 'com.example.demo.base.service.BaseService' in your configuration.

INFO 2020-05-07 21:49:31.742 [main] com.example.demo.DemoApplication-Starting DemoApplication on LAPTOP-C1QADBMM with PID 6768 (D:\example\target\classes started by Tyler Wong in D:\example)
INFO 2020-05-07 21:49:31.745 [main] com.example.demo.DemoApplication-The following profiles are active: dev
WARN 2020-05-07 21:49:32.090 [main] t.m.s.mapper.ClassPathMapperScanner-No MyBatis mapper was found in '[com.example.demo.*.mapper]' package. Please check your configuration.
WARN 2020-05-07 21:49:32.207 [main] o.m.s.mapper.ClassPathMapperScanner-No MyBatis mapper was found in '[com.example.demo]' package. Please check your configuration.
INFO 2020-05-07 21:49:32.640 [main] o.s.b.w.e.tomcat.TomcatWebServer-Tomcat initialized with port(s): 8081 (http)
INFO 2020-05-07 21:49:32.647 [main] o.a.coyote.http11.Http11NioProtocol-Initializing ProtocolHandler ["http-nio-8081"]
INFO 2020-05-07 21:49:32.648 [main] o.a.catalina.core.StandardService-Starting service [Tomcat]
INFO 2020-05-07 21:49:32.648 [main] o.a.catalina.core.StandardEngine-Starting Servlet engine: [Apache Tomcat/9.0.29]
INFO 2020-05-07 21:49:32.734 [main] o.a.c.c.C.[Tomcat].[localhost].[/]-Initializing Spring embedded WebApplicationContext
INFO 2020-05-07 21:49:32.735 [main] o.s.web.context.ContextLoader-Root WebApplicationContext: initialization completed in 944 ms
WARN 2020-05-07 21:49:32.783 [main] o.s.b.w.s.c.AnnotationConfigServletWebServerApplicationContext-Exception encountered during context initialization - cancelling refresh attempt: org.springframework.beans.factory.UnsatisfiedDependencyException: Error creating bean with name '/v1/user': Unsatisfied dependency expressed through field 'baseService'; nested exception is org.springframework.beans.factory.NoSuchBeanDefinitionException: No qualifying bean of type 'com.example.demo.base.service.BaseService<com.example.demo.user.vo.User, com.example.demo.user.vo.AddUserVo, com.example.demo.user.vo.EditUserVo>' available: expected at least 1 bean which qualifies as autowire candidate. Dependency annotations: {@org.springframework.beans.factory.annotation.Autowired(required=true)}
INFO 2020-05-07 21:49:32.785 [main] o.a.catalina.core.StandardService-Stopping service [Tomcat]
INFO 2020-05-07 21:49:32.796 [main] o.s.b.a.l.ConditionEvaluationReportLoggingListener-

Error starting ApplicationContext. To display the conditions report re-run your application with 'debug' enabled.
ERROR2020-05-07 21:49:32.874 [main] o.s.b.d.LoggingFailureAnalysisReporter-

***************************
APPLICATION FAILED TO START
***************************

Description:

Field baseService in com.example.demo.base.controller.BaseController required a bean of type 'com.example.demo.base.service.BaseService' that could not be found.

The injection point has the following annotations:
	- @org.springframework.beans.factory.annotation.Autowired(required=true)


Action:

Consider defining a bean of type 'com.example.demo.base.service.BaseService' in your configuration.

INFO 2020-05-07 21:52:10.289 [main] com.example.demo.DemoApplication-Starting DemoApplication on LAPTOP-C1QADBMM with PID 24292 (D:\example\target\classes started by Tyler Wong in D:\example)
INFO 2020-05-07 21:52:10.294 [main] com.example.demo.DemoApplication-The following profiles are active: dev
ERROR2020-05-07 21:52:10.369 [main] o.s.boot.SpringApplication-Application run failed
org.springframework.core.annotation.AnnotationConfigurationException: Attribute 'proxyBeanMethods' in annotation [org.springframework.boot.autoconfigure.SpringBootApplication] is declared as an @AliasFor nonexistent attribute 'proxyBeanMethods' in annotation [org.springframework.context.annotation.Configuration].; nested exception is java.lang.NoSuchMethodException: org.springframework.context.annotation.Configuration.proxyBeanMethods()
	at org.springframework.core.annotation.AnnotationUtils$AliasDescriptor.<init>(AnnotationUtils.java:2180)
	at org.springframework.core.annotation.AnnotationUtils$AliasDescriptor.from(AnnotationUtils.java:2148)
	at org.springframework.core.annotation.AnnotationUtils$AliasDescriptor.getOtherDescriptors(AnnotationUtils.java:2312)
	at org.springframework.core.annotation.AnnotationUtils$AliasDescriptor.getAttributeAliasNames(AnnotationUtils.java:2299)
	at org.springframework.core.annotation.AnnotationUtils.getAttributeAliasNames(AnnotationUtils.java:1813)
	at org.springframework.core.annotation.AnnotationUtils.getAttributeAliasMap(AnnotationUtils.java:1722)
	at org.springframework.core.annotation.AnnotationUtils.postProcessAnnotationAttributes(AnnotationUtils.java:1335)
	at org.springframework.core.annotation.AnnotatedElementUtils.getMergedAnnotationAttributes(AnnotatedElementUtils.java:365)
	at org.springframework.core.type.StandardAnnotationMetadata.getAnnotationAttributes(StandardAnnotationMetadata.java:121)
	at org.springframework.context.annotation.AnnotationConfigUtils.attributesFor(AnnotationConfigUtils.java:285)
	at org.springframework.context.annotation.AnnotationBeanNameGenerator.determineBeanNameFromAnnotation(AnnotationBeanNameGenerator.java:93)
	at org.springframework.context.annotation.AnnotationBeanNameGenerator.generateBeanName(AnnotationBeanNameGenerator.java:72)
	at org.springframework.context.annotation.AnnotatedBeanDefinitionReader.doRegisterBean(AnnotatedBeanDefinitionReader.java:224)
	at org.springframework.context.annotation.AnnotatedBeanDefinitionReader.registerBean(AnnotatedBeanDefinitionReader.java:145)
	at org.springframework.context.annotation.AnnotatedBeanDefinitionReader.register(AnnotatedBeanDefinitionReader.java:135)
	at org.springframework.boot.BeanDefinitionLoader.load(BeanDefinitionLoader.java:158)
	at org.springframework.boot.BeanDefinitionLoader.load(BeanDefinitionLoader.java:135)
	at org.springframework.boot.BeanDefinitionLoader.load(BeanDefinitionLoader.java:127)
	at org.springframework.boot.SpringApplication.load(SpringApplication.java:717)
	at org.springframework.boot.SpringApplication.prepareContext(SpringApplication.java:392)
	at org.springframework.boot.SpringApplication.run(SpringApplication.java:314)
	at org.springframework.boot.SpringApplication.run(SpringApplication.java:1260)
	at org.springframework.boot.SpringApplication.run(SpringApplication.java:1248)
	at com.example.demo.DemoApplication.main(DemoApplication.java:18)
Caused by: java.lang.NoSuchMethodException: org.springframework.context.annotation.Configuration.proxyBeanMethods()
	at java.lang.Class.getDeclaredMethod(Class.java:2130)
	at org.springframework.core.annotation.AnnotationUtils$AliasDescriptor.<init>(AnnotationUtils.java:2173)
	... 23 common frames omitted
INFO 2020-05-07 21:54:24.372 [main] com.example.demo.DemoApplication-Starting DemoApplication on LAPTOP-C1QADBMM with PID 16324 (D:\example\target\classes started by Tyler Wong in D:\example)
INFO 2020-05-07 21:54:24.376 [main] com.example.demo.DemoApplication-The following profiles are active: dev
WARN 2020-05-07 21:54:24.847 [main] t.m.s.mapper.ClassPathMapperScanner-No MyBatis mapper was found in '[com.example.demo.*.mapper]' package. Please check your configuration.
WARN 2020-05-07 21:54:25.014 [main] o.m.s.mapper.ClassPathMapperScanner-No MyBatis mapper was found in '[com.example.demo]' package. Please check your configuration.
INFO 2020-05-07 21:54:25.537 [main] o.s.b.w.e.tomcat.TomcatWebServer-Tomcat initialized with port(s): 8081 (http)
INFO 2020-05-07 21:54:25.545 [main] o.a.coyote.http11.Http11NioProtocol-Initializing ProtocolHandler ["http-nio-8081"]
INFO 2020-05-07 21:54:25.546 [main] o.a.catalina.core.StandardService-Starting service [Tomcat]
INFO 2020-05-07 21:54:25.546 [main] o.a.catalina.core.StandardEngine-Starting Servlet engine: [Apache Tomcat/9.0.31]
INFO 2020-05-07 21:54:25.644 [main] o.a.c.c.C.[Tomcat].[localhost].[/]-Initializing Spring embedded WebApplicationContext
INFO 2020-05-07 21:54:25.644 [main] o.s.web.context.ContextLoader-Root WebApplicationContext: initialization completed in 1203 ms
WARN 2020-05-07 21:54:25.689 [main] o.s.b.w.s.c.AnnotationConfigServletWebServerApplicationContext-Exception encountered during context initialization - cancelling refresh attempt: org.springframework.beans.factory.UnsatisfiedDependencyException: Error creating bean with name '/v1/user': Unsatisfied dependency expressed through field 'baseService'; nested exception is org.springframework.beans.factory.NoSuchBeanDefinitionException: No qualifying bean of type 'com.example.demo.base.service.BaseService<com.example.demo.user.vo.User, com.example.demo.user.vo.AddUserVo, com.example.demo.user.vo.EditUserVo>' available: expected at least 1 bean which qualifies as autowire candidate. Dependency annotations: {@org.springframework.beans.factory.annotation.Autowired(required=true)}
INFO 2020-05-07 21:54:25.692 [main] o.a.catalina.core.StandardService-Stopping service [Tomcat]
INFO 2020-05-07 21:54:25.704 [main] o.s.b.a.l.ConditionEvaluationReportLoggingListener-

Error starting ApplicationContext. To display the conditions report re-run your application with 'debug' enabled.
ERROR2020-05-07 21:54:25.780 [main] o.s.b.d.LoggingFailureAnalysisReporter-

***************************
APPLICATION FAILED TO START
***************************

Description:

Field baseService in com.example.demo.base.controller.BaseController required a bean of type 'com.example.demo.base.service.BaseService' that could not be found.

The injection point has the following annotations:
	- @org.springframework.beans.factory.annotation.Autowired(required=true)


Action:

Consider defining a bean of type 'com.example.demo.base.service.BaseService' in your configuration.

INFO 2020-05-07 22:50:30.584 [main] com.example.demo.DemoApplication-Starting DemoApplication on LAPTOP-C1QADBMM with PID 29764 (D:\example\target\classes started by Tyler Wong in D:\example)
INFO 2020-05-07 22:50:30.586 [main] com.example.demo.DemoApplication-The following profiles are active: dev
WARN 2020-05-07 22:50:30.935 [main] t.m.s.mapper.ClassPathMapperScanner-No MyBatis mapper was found in '[com.example.demo.*.mapper]' package. Please check your configuration.
WARN 2020-05-07 22:50:31.068 [main] o.m.s.mapper.ClassPathMapperScanner-No MyBatis mapper was found in '[com.example.demo]' package. Please check your configuration.
INFO 2020-05-07 22:50:31.459 [main] o.s.b.w.e.tomcat.TomcatWebServer-Tomcat initialized with port(s): 8081 (http)
INFO 2020-05-07 22:50:31.466 [main] o.a.coyote.http11.Http11NioProtocol-Initializing ProtocolHandler ["http-nio-8081"]
INFO 2020-05-07 22:50:31.467 [main] o.a.catalina.core.StandardService-Starting service [Tomcat]
INFO 2020-05-07 22:50:31.467 [main] o.a.catalina.core.StandardEngine-Starting Servlet engine: [Apache Tomcat/9.0.31]
INFO 2020-05-07 22:50:31.550 [main] o.a.c.c.C.[Tomcat].[localhost].[/]-Initializing Spring embedded WebApplicationContext
INFO 2020-05-07 22:50:31.550 [main] o.s.web.context.ContextLoader-Root WebApplicationContext: initialization completed in 918 ms
WARN 2020-05-07 22:50:31.592 [main] o.s.b.w.s.c.AnnotationConfigServletWebServerApplicationContext-Exception encountered during context initialization - cancelling refresh attempt: org.springframework.beans.factory.UnsatisfiedDependencyException: Error creating bean with name '/v1/user': Unsatisfied dependency expressed through field 'baseService'; nested exception is org.springframework.beans.factory.NoSuchBeanDefinitionException: No qualifying bean of type 'com.example.demo.base.service.BaseService<com.example.demo.user.vo.User, com.example.demo.user.vo.AddUserVo, com.example.demo.user.vo.EditUserVo>' available: expected at least 1 bean which qualifies as autowire candidate. Dependency annotations: {@org.springframework.beans.factory.annotation.Autowired(required=true)}
INFO 2020-05-07 22:50:31.594 [main] o.a.catalina.core.StandardService-Stopping service [Tomcat]
INFO 2020-05-07 22:50:31.605 [main] o.s.b.a.l.ConditionEvaluationReportLoggingListener-

Error starting ApplicationContext. To display the conditions report re-run your application with 'debug' enabled.
ERROR2020-05-07 22:50:31.678 [main] o.s.b.d.LoggingFailureAnalysisReporter-

***************************
APPLICATION FAILED TO START
***************************

Description:

Field baseService in com.example.demo.base.controller.BaseController required a bean of type 'com.example.demo.base.service.BaseService' that could not be found.

The injection point has the following annotations:
	- @org.springframework.beans.factory.annotation.Autowired(required=true)


Action:

Consider defining a bean of type 'com.example.demo.base.service.BaseService' in your configuration.

INFO 2020-05-07 22:51:32.953 [main] com.example.demo.DemoApplication-Starting DemoApplication on LAPTOP-C1QADBMM with PID 25140 (D:\example\target\classes started by Tyler Wong in D:\example)
INFO 2020-05-07 22:51:32.957 [main] com.example.demo.DemoApplication-The following profiles are active: dev
WARN 2020-05-07 22:51:33.298 [main] t.m.s.mapper.ClassPathMapperScanner-No MyBatis mapper was found in '[com.example.demo.*.mapper]' package. Please check your configuration.
WARN 2020-05-07 22:51:33.415 [main] o.m.s.mapper.ClassPathMapperScanner-No MyBatis mapper was found in '[com.example.demo]' package. Please check your configuration.
INFO 2020-05-07 22:51:33.799 [main] o.s.b.w.e.tomcat.TomcatWebServer-Tomcat initialized with port(s): 8081 (http)
INFO 2020-05-07 22:51:33.806 [main] o.a.coyote.http11.Http11NioProtocol-Initializing ProtocolHandler ["http-nio-8081"]
INFO 2020-05-07 22:51:33.806 [main] o.a.catalina.core.StandardService-Starting service [Tomcat]
INFO 2020-05-07 22:51:33.807 [main] o.a.catalina.core.StandardEngine-Starting Servlet engine: [Apache Tomcat/9.0.31]
INFO 2020-05-07 22:51:33.886 [main] o.a.c.c.C.[Tomcat].[localhost].[/]-Initializing Spring embedded WebApplicationContext
INFO 2020-05-07 22:51:33.886 [main] o.s.web.context.ContextLoader-Root WebApplicationContext: initialization completed in 882 ms
WARN 2020-05-07 22:51:33.924 [main] o.s.b.w.s.c.AnnotationConfigServletWebServerApplicationContext-Exception encountered during context initialization - cancelling refresh attempt: org.springframework.beans.factory.UnsatisfiedDependencyException: Error creating bean with name '/v1/user': Unsatisfied dependency expressed through field 'baseService'; nested exception is org.springframework.beans.factory.NoSuchBeanDefinitionException: No qualifying bean of type 'com.example.demo.base.service.BaseService<com.example.demo.user.vo.User, com.example.demo.user.vo.AddUserVo, com.example.demo.user.vo.EditUserVo>' available: expected at least 1 bean which qualifies as autowire candidate. Dependency annotations: {@org.springframework.beans.factory.annotation.Autowired(required=true)}
INFO 2020-05-07 22:51:33.927 [main] o.a.catalina.core.StandardService-Stopping service [Tomcat]
INFO 2020-05-07 22:51:33.939 [main] o.s.b.a.l.ConditionEvaluationReportLoggingListener-

Error starting ApplicationContext. To display the conditions report re-run your application with 'debug' enabled.
ERROR2020-05-07 22:51:34.003 [main] o.s.b.d.LoggingFailureAnalysisReporter-

***************************
APPLICATION FAILED TO START
***************************

Description:

Field baseService in com.example.demo.base.controller.BaseController required a bean of type 'com.example.demo.base.service.BaseService' that could not be found.

The injection point has the following annotations:
	- @org.springframework.beans.factory.annotation.Autowired(required=true)


Action:

Consider defining a bean of type 'com.example.demo.base.service.BaseService' in your configuration.

INFO 2020-05-07 22:52:44.680 [main] com.example.demo.DemoApplication-Starting DemoApplication on LAPTOP-C1QADBMM with PID 24516 (D:\example\target\classes started by Tyler Wong in D:\example)
INFO 2020-05-07 22:52:44.683 [main] com.example.demo.DemoApplication-The following profiles are active: dev
WARN 2020-05-07 22:52:45.013 [main] t.m.s.mapper.ClassPathMapperScanner-No MyBatis mapper was found in '[com.example.demo.*.mapper]' package. Please check your configuration.
WARN 2020-05-07 22:52:45.127 [main] o.m.s.mapper.ClassPathMapperScanner-No MyBatis mapper was found in '[com.example.demo]' package. Please check your configuration.
INFO 2020-05-07 22:52:45.511 [main] o.s.b.w.e.tomcat.TomcatWebServer-Tomcat initialized with port(s): 8081 (http)
INFO 2020-05-07 22:52:45.518 [main] o.a.coyote.http11.Http11NioProtocol-Initializing ProtocolHandler ["http-nio-8081"]
INFO 2020-05-07 22:52:45.519 [main] o.a.catalina.core.StandardService-Starting service [Tomcat]
INFO 2020-05-07 22:52:45.519 [main] o.a.catalina.core.StandardEngine-Starting Servlet engine: [Apache Tomcat/9.0.31]
INFO 2020-05-07 22:52:45.601 [main] o.a.c.c.C.[Tomcat].[localhost].[/]-Initializing Spring embedded WebApplicationContext
INFO 2020-05-07 22:52:45.602 [main] o.s.web.context.ContextLoader-Root WebApplicationContext: initialization completed in 873 ms
WARN 2020-05-07 22:52:45.641 [main] o.s.b.w.s.c.AnnotationConfigServletWebServerApplicationContext-Exception encountered during context initialization - cancelling refresh attempt: org.springframework.beans.factory.UnsatisfiedDependencyException: Error creating bean with name '/v1/user': Unsatisfied dependency expressed through field 'baseService'; nested exception is org.springframework.beans.factory.NoSuchBeanDefinitionException: No qualifying bean of type 'com.example.demo.base.service.BaseService<com.example.demo.user.vo.User, com.example.demo.user.vo.AddUserVo, com.example.demo.user.vo.EditUserVo>' available: expected at least 1 bean which qualifies as autowire candidate. Dependency annotations: {@org.springframework.beans.factory.annotation.Autowired(required=true)}
INFO 2020-05-07 22:52:45.643 [main] o.a.catalina.core.StandardService-Stopping service [Tomcat]
INFO 2020-05-07 22:52:45.654 [main] o.s.b.a.l.ConditionEvaluationReportLoggingListener-

Error starting ApplicationContext. To display the conditions report re-run your application with 'debug' enabled.
ERROR2020-05-07 22:52:45.722 [main] o.s.b.d.LoggingFailureAnalysisReporter-

***************************
APPLICATION FAILED TO START
***************************

Description:

Field baseService in com.example.demo.base.controller.BaseController required a bean of type 'com.example.demo.base.service.BaseService' that could not be found.

The injection point has the following annotations:
	- @org.springframework.beans.factory.annotation.Autowired(required=true)


Action:

Consider defining a bean of type 'com.example.demo.base.service.BaseService' in your configuration.

INFO 2020-05-07 22:52:57.629 [main] com.example.demo.DemoApplication-Starting DemoApplication on LAPTOP-C1QADBMM with PID 8792 (D:\example\target\classes started by Tyler Wong in D:\example)
INFO 2020-05-07 22:52:57.632 [main] com.example.demo.DemoApplication-The following profiles are active: dev
WARN 2020-05-07 22:52:57.998 [main] t.m.s.mapper.ClassPathMapperScanner-No MyBatis mapper was found in '[com.example.demo.*.mapper]' package. Please check your configuration.
WARN 2020-05-07 22:52:58.099 [main] o.m.s.mapper.ClassPathMapperScanner-No MyBatis mapper was found in '[com.example.demo]' package. Please check your configuration.
INFO 2020-05-07 22:52:58.467 [main] o.s.b.w.e.tomcat.TomcatWebServer-Tomcat initialized with port(s): 8081 (http)
INFO 2020-05-07 22:52:58.473 [main] o.a.coyote.http11.Http11NioProtocol-Initializing ProtocolHandler ["http-nio-8081"]
INFO 2020-05-07 22:52:58.474 [main] o.a.catalina.core.StandardService-Starting service [Tomcat]
INFO 2020-05-07 22:52:58.474 [main] o.a.catalina.core.StandardEngine-Starting Servlet engine: [Apache Tomcat/9.0.31]
INFO 2020-05-07 22:52:58.562 [main] o.a.c.c.C.[Tomcat].[localhost].[/]-Initializing Spring embedded WebApplicationContext
INFO 2020-05-07 22:52:58.562 [main] o.s.web.context.ContextLoader-Root WebApplicationContext: initialization completed in 886 ms
WARN 2020-05-07 22:52:58.602 [main] o.s.b.w.s.c.AnnotationConfigServletWebServerApplicationContext-Exception encountered during context initialization - cancelling refresh attempt: org.springframework.beans.factory.UnsatisfiedDependencyException: Error creating bean with name '/v1/user': Unsatisfied dependency expressed through field 'baseService'; nested exception is org.springframework.beans.factory.NoSuchBeanDefinitionException: No qualifying bean of type 'com.example.demo.base.service.BaseService<com.example.demo.user.vo.User, com.example.demo.user.vo.AddUserVo, com.example.demo.user.vo.EditUserVo>' available: expected at least 1 bean which qualifies as autowire candidate. Dependency annotations: {@org.springframework.beans.factory.annotation.Autowired(required=true)}
INFO 2020-05-07 22:52:58.603 [main] o.a.catalina.core.StandardService-Stopping service [Tomcat]
INFO 2020-05-07 22:52:58.614 [main] o.s.b.a.l.ConditionEvaluationReportLoggingListener-

Error starting ApplicationContext. To display the conditions report re-run your application with 'debug' enabled.
ERROR2020-05-07 22:52:58.685 [main] o.s.b.d.LoggingFailureAnalysisReporter-

***************************
APPLICATION FAILED TO START
***************************

Description:

Field baseService in com.example.demo.base.controller.BaseController required a bean of type 'com.example.demo.base.service.BaseService' that could not be found.

The injection point has the following annotations:
	- @org.springframework.beans.factory.annotation.Autowired(required=true)


Action:

Consider defining a bean of type 'com.example.demo.base.service.BaseService' in your configuration.

INFO 2020-05-07 22:54:39.097 [main] com.example.demo.DemoApplication-Starting DemoApplication on LAPTOP-C1QADBMM with PID 12092 (D:\example\target\classes started by Tyler Wong in D:\example)
INFO 2020-05-07 22:54:39.100 [main] com.example.demo.DemoApplication-The following profiles are active: dev
WARN 2020-05-07 22:54:39.460 [main] t.m.s.mapper.ClassPathMapperScanner-No MyBatis mapper was found in '[com.example.demo.*.mapper]' package. Please check your configuration.
WARN 2020-05-07 22:54:39.604 [main] o.m.s.mapper.ClassPathMapperScanner-No MyBatis mapper was found in '[com.example.demo]' package. Please check your configuration.
INFO 2020-05-07 22:54:40.213 [main] o.s.b.w.e.tomcat.TomcatWebServer-Tomcat initialized with port(s): 8081 (http)
INFO 2020-05-07 22:54:40.224 [main] o.a.coyote.http11.Http11NioProtocol-Initializing ProtocolHandler ["http-nio-8081"]
INFO 2020-05-07 22:54:40.225 [main] o.a.catalina.core.StandardService-Starting service [Tomcat]
INFO 2020-05-07 22:54:40.226 [main] o.a.catalina.core.StandardEngine-Starting Servlet engine: [Apache Tomcat/9.0.31]
INFO 2020-05-07 22:54:40.352 [main] o.a.c.c.C.[Tomcat].[localhost].[/]-Initializing Spring embedded WebApplicationContext
INFO 2020-05-07 22:54:40.352 [main] o.s.web.context.ContextLoader-Root WebApplicationContext: initialization completed in 1208 ms
WARN 2020-05-07 22:54:40.407 [main] o.s.b.w.s.c.AnnotationConfigServletWebServerApplicationContext-Exception encountered during context initialization - cancelling refresh attempt: org.springframework.beans.factory.UnsatisfiedDependencyException: Error creating bean with name '/v1/user': Unsatisfied dependency expressed through field 'baseService'; nested exception is org.springframework.beans.factory.NoSuchBeanDefinitionException: No qualifying bean of type 'com.example.demo.base.service.BaseService<com.example.demo.user.vo.User, com.example.demo.user.vo.AddUserVo, com.example.demo.user.vo.EditUserVo>' available: expected at least 1 bean which qualifies as autowire candidate. Dependency annotations: {@org.springframework.beans.factory.annotation.Autowired(required=true)}
INFO 2020-05-07 22:54:40.411 [main] o.a.catalina.core.StandardService-Stopping service [Tomcat]
INFO 2020-05-07 22:54:40.425 [main] o.s.b.a.l.ConditionEvaluationReportLoggingListener-

Error starting ApplicationContext. To display the conditions report re-run your application with 'debug' enabled.
ERROR2020-05-07 22:54:40.524 [main] o.s.b.d.LoggingFailureAnalysisReporter-

***************************
APPLICATION FAILED TO START
***************************

Description:

Field baseService in com.example.demo.base.controller.BaseController required a bean of type 'com.example.demo.base.service.BaseService' that could not be found.

The injection point has the following annotations:
	- @org.springframework.beans.factory.annotation.Autowired(required=true)


Action:

Consider defining a bean of type 'com.example.demo.base.service.BaseService' in your configuration.

INFO 2020-05-07 22:54:49.493 [main] com.example.demo.DemoApplication-Starting DemoApplication on LAPTOP-C1QADBMM with PID 9624 (D:\example\target\classes started by Tyler Wong in D:\example)
INFO 2020-05-07 22:54:49.497 [main] com.example.demo.DemoApplication-The following profiles are active: dev
WARN 2020-05-07 22:54:49.945 [main] t.m.s.mapper.ClassPathMapperScanner-No MyBatis mapper was found in '[com.example.demo.*.mapper]' package. Please check your configuration.
WARN 2020-05-07 22:54:50.089 [main] o.m.s.mapper.ClassPathMapperScanner-No MyBatis mapper was found in '[com.example.demo]' package. Please check your configuration.
INFO 2020-05-07 22:54:50.544 [main] o.s.b.w.e.tomcat.TomcatWebServer-Tomcat initialized with port(s): 8081 (http)
INFO 2020-05-07 22:54:50.551 [main] o.a.coyote.http11.Http11NioProtocol-Initializing ProtocolHandler ["http-nio-8081"]
INFO 2020-05-07 22:54:50.552 [main] o.a.catalina.core.StandardService-Starting service [Tomcat]
INFO 2020-05-07 22:54:50.552 [main] o.a.catalina.core.StandardEngine-Starting Servlet engine: [Apache Tomcat/9.0.31]
INFO 2020-05-07 22:54:50.642 [main] o.a.c.c.C.[Tomcat].[localhost].[/]-Initializing Spring embedded WebApplicationContext
INFO 2020-05-07 22:54:50.642 [main] o.s.web.context.ContextLoader-Root WebApplicationContext: initialization completed in 1085 ms
WARN 2020-05-07 22:54:50.688 [main] o.s.b.w.s.c.AnnotationConfigServletWebServerApplicationContext-Exception encountered during context initialization - cancelling refresh attempt: org.springframework.beans.factory.UnsatisfiedDependencyException: Error creating bean with name '/v1/user': Unsatisfied dependency expressed through field 'baseService'; nested exception is org.springframework.beans.factory.NoSuchBeanDefinitionException: No qualifying bean of type 'com.example.demo.base.service.BaseService<com.example.demo.user.vo.User, com.example.demo.user.vo.AddUserVo, com.example.demo.user.vo.EditUserVo>' available: expected at least 1 bean which qualifies as autowire candidate. Dependency annotations: {@org.springframework.beans.factory.annotation.Autowired(required=true)}
INFO 2020-05-07 22:54:50.692 [main] o.a.catalina.core.StandardService-Stopping service [Tomcat]
INFO 2020-05-07 22:54:50.708 [main] o.s.b.a.l.ConditionEvaluationReportLoggingListener-

Error starting ApplicationContext. To display the conditions report re-run your application with 'debug' enabled.
ERROR2020-05-07 22:54:50.786 [main] o.s.b.d.LoggingFailureAnalysisReporter-

***************************
APPLICATION FAILED TO START
***************************

Description:

Field baseService in com.example.demo.base.controller.BaseController required a bean of type 'com.example.demo.base.service.BaseService' that could not be found.

The injection point has the following annotations:
	- @org.springframework.beans.factory.annotation.Autowired(required=true)


Action:

Consider defining a bean of type 'com.example.demo.base.service.BaseService' in your configuration.

INFO 2020-05-07 22:57:54.330 [main] com.example.demo.DemoApplication-Starting DemoApplication on LAPTOP-C1QADBMM with PID 29632 (D:\example\target\classes started by Tyler Wong in D:\example)
INFO 2020-05-07 22:57:54.331 [main] com.example.demo.DemoApplication-The following profiles are active: dev
WARN 2020-05-07 22:57:54.688 [main] t.m.s.mapper.ClassPathMapperScanner-No MyBatis mapper was found in '[com.example.demo.*.mapper]' package. Please check your configuration.
WARN 2020-05-07 22:57:54.834 [main] o.m.s.mapper.ClassPathMapperScanner-No MyBatis mapper was found in '[com.example.demo]' package. Please check your configuration.
INFO 2020-05-07 22:57:55.240 [main] o.s.b.w.e.tomcat.TomcatWebServer-Tomcat initialized with port(s): 8081 (http)
INFO 2020-05-07 22:57:55.247 [main] o.a.coyote.http11.Http11NioProtocol-Initializing ProtocolHandler ["http-nio-8081"]
INFO 2020-05-07 22:57:55.248 [main] o.a.catalina.core.StandardService-Starting service [Tomcat]
INFO 2020-05-07 22:57:55.248 [main] o.a.catalina.core.StandardEngine-Starting Servlet engine: [Apache Tomcat/9.0.31]
INFO 2020-05-07 22:57:55.332 [main] o.a.c.c.C.[Tomcat].[localhost].[/]-Initializing Spring embedded WebApplicationContext
INFO 2020-05-07 22:57:55.332 [main] o.s.web.context.ContextLoader-Root WebApplicationContext: initialization completed in 947 ms
WARN 2020-05-07 22:57:55.378 [main] o.s.b.w.s.c.AnnotationConfigServletWebServerApplicationContext-Exception encountered during context initialization - cancelling refresh attempt: org.springframework.beans.factory.UnsatisfiedDependencyException: Error creating bean with name '/v1/user': Unsatisfied dependency expressed through field 'baseService'; nested exception is org.springframework.beans.factory.UnsatisfiedDependencyException: Error creating bean with name 'userServiceImpl': Unsatisfied dependency expressed through field 'mapper'; nested exception is org.springframework.beans.factory.NoSuchBeanDefinitionException: No qualifying bean of type 'com.example.demo.base.dao.BaseMapper<com.example.demo.user.vo.User>' available: expected at least 1 bean which qualifies as autowire candidate. Dependency annotations: {@org.springframework.beans.factory.annotation.Autowired(required=true)}
INFO 2020-05-07 22:57:55.380 [main] o.a.catalina.core.StandardService-Stopping service [Tomcat]
INFO 2020-05-07 22:57:55.390 [main] o.s.b.a.l.ConditionEvaluationReportLoggingListener-

Error starting ApplicationContext. To display the conditions report re-run your application with 'debug' enabled.
ERROR2020-05-07 22:57:55.457 [main] o.s.b.d.LoggingFailureAnalysisReporter-

***************************
APPLICATION FAILED TO START
***************************

Description:

Field mapper in com.example.demo.base.service.impl.BaseServiceImpl required a bean of type 'com.example.demo.base.dao.BaseMapper' that could not be found.

The injection point has the following annotations:
	- @org.springframework.beans.factory.annotation.Autowired(required=true)


Action:

Consider defining a bean of type 'com.example.demo.base.dao.BaseMapper' in your configuration.

INFO 2020-05-07 23:04:30.045 [main] com.example.demo.DemoApplication-Starting DemoApplication on LAPTOP-C1QADBMM with PID 8428 (D:\example\target\classes started by Tyler Wong in D:\example)
INFO 2020-05-07 23:04:30.046 [main] com.example.demo.DemoApplication-The following profiles are active: dev
WARN 2020-05-07 23:04:30.513 [main] o.m.s.mapper.ClassPathMapperScanner-No MyBatis mapper was found in '[com.example.demo]' package. Please check your configuration.
INFO 2020-05-07 23:04:30.884 [main] o.s.b.w.e.tomcat.TomcatWebServer-Tomcat initialized with port(s): 8081 (http)
INFO 2020-05-07 23:04:30.891 [main] o.a.coyote.http11.Http11NioProtocol-Initializing ProtocolHandler ["http-nio-8081"]
INFO 2020-05-07 23:04:30.891 [main] o.a.catalina.core.StandardService-Starting service [Tomcat]
INFO 2020-05-07 23:04:30.892 [main] o.a.catalina.core.StandardEngine-Starting Servlet engine: [Apache Tomcat/9.0.31]
INFO 2020-05-07 23:04:30.973 [main] o.a.c.c.C.[Tomcat].[localhost].[/]-Initializing Spring embedded WebApplicationContext
INFO 2020-05-07 23:04:30.973 [main] o.s.web.context.ContextLoader-Root WebApplicationContext: initialization completed in 877 ms
WARN 2020-05-07 23:04:31.017 [main] o.s.b.w.s.c.AnnotationConfigServletWebServerApplicationContext-Exception encountered during context initialization - cancelling refresh attempt: org.springframework.beans.factory.UnsatisfiedDependencyException: Error creating bean with name '/v1/user': Unsatisfied dependency expressed through field 'baseService'; nested exception is org.springframework.beans.factory.UnsatisfiedDependencyException: Error creating bean with name 'userServiceImpl': Unsatisfied dependency expressed through field 'mapper'; nested exception is org.springframework.beans.factory.NoSuchBeanDefinitionException: No qualifying bean of type 'com.example.demo.base.dao.BaseMapper<com.example.demo.user.vo.User>' available: expected at least 1 bean which qualifies as autowire candidate. Dependency annotations: {@org.springframework.beans.factory.annotation.Autowired(required=true)}
INFO 2020-05-07 23:04:31.019 [main] o.a.catalina.core.StandardService-Stopping service [Tomcat]
INFO 2020-05-07 23:04:31.030 [main] o.s.b.a.l.ConditionEvaluationReportLoggingListener-

Error starting ApplicationContext. To display the conditions report re-run your application with 'debug' enabled.
ERROR2020-05-07 23:04:31.097 [main] o.s.b.d.LoggingFailureAnalysisReporter-

***************************
APPLICATION FAILED TO START
***************************

Description:

Field mapper in com.example.demo.base.service.impl.BaseServiceImpl required a bean of type 'com.example.demo.base.dao.BaseMapper' that could not be found.

The injection point has the following annotations:
	- @org.springframework.beans.factory.annotation.Autowired(required=true)


Action:

Consider defining a bean of type 'com.example.demo.base.dao.BaseMapper' in your configuration.

INFO 2020-05-07 23:05:09.770 [main] com.example.demo.DemoApplication-Starting DemoApplication on LAPTOP-C1QADBMM with PID 29204 (D:\example\target\classes started by Tyler Wong in D:\example)
INFO 2020-05-07 23:05:09.772 [main] com.example.demo.DemoApplication-The following profiles are active: dev
WARN 2020-05-07 23:05:10.129 [main] t.m.s.mapper.ClassPathMapperScanner-No MyBatis mapper was found in '[com.example.demo.*.dao]' package. Please check your configuration.
WARN 2020-05-07 23:05:10.262 [main] o.m.s.mapper.ClassPathMapperScanner-No MyBatis mapper was found in '[com.example.demo]' package. Please check your configuration.
INFO 2020-05-07 23:05:10.653 [main] o.s.b.w.e.tomcat.TomcatWebServer-Tomcat initialized with port(s): 8081 (http)
INFO 2020-05-07 23:05:10.660 [main] o.a.coyote.http11.Http11NioProtocol-Initializing ProtocolHandler ["http-nio-8081"]
INFO 2020-05-07 23:05:10.660 [main] o.a.catalina.core.StandardService-Starting service [Tomcat]
INFO 2020-05-07 23:05:10.660 [main] o.a.catalina.core.StandardEngine-Starting Servlet engine: [Apache Tomcat/9.0.31]
INFO 2020-05-07 23:05:10.747 [main] o.a.c.c.C.[Tomcat].[localhost].[/]-Initializing Spring embedded WebApplicationContext
INFO 2020-05-07 23:05:10.747 [main] o.s.web.context.ContextLoader-Root WebApplicationContext: initialization completed in 923 ms
WARN 2020-05-07 23:05:10.792 [main] o.s.b.w.s.c.AnnotationConfigServletWebServerApplicationContext-Exception encountered during context initialization - cancelling refresh attempt: org.springframework.beans.factory.UnsatisfiedDependencyException: Error creating bean with name '/v1/user': Unsatisfied dependency expressed through field 'baseService'; nested exception is org.springframework.beans.factory.UnsatisfiedDependencyException: Error creating bean with name 'userServiceImpl': Unsatisfied dependency expressed through field 'mapper'; nested exception is org.springframework.beans.factory.NoSuchBeanDefinitionException: No qualifying bean of type 'com.example.demo.base.dao.BaseMapper<com.example.demo.user.vo.User>' available: expected at least 1 bean which qualifies as autowire candidate. Dependency annotations: {@org.springframework.beans.factory.annotation.Autowired(required=true)}
INFO 2020-05-07 23:05:10.794 [main] o.a.catalina.core.StandardService-Stopping service [Tomcat]
INFO 2020-05-07 23:05:10.805 [main] o.s.b.a.l.ConditionEvaluationReportLoggingListener-

Error starting ApplicationContext. To display the conditions report re-run your application with 'debug' enabled.
ERROR2020-05-07 23:05:10.868 [main] o.s.b.d.LoggingFailureAnalysisReporter-

***************************
APPLICATION FAILED TO START
***************************

Description:

Field mapper in com.example.demo.base.service.impl.BaseServiceImpl required a bean of type 'com.example.demo.base.dao.BaseMapper' that could not be found.

The injection point has the following annotations:
	- @org.springframework.beans.factory.annotation.Autowired(required=true)


Action:

Consider defining a bean of type 'com.example.demo.base.dao.BaseMapper' in your configuration.

INFO 2020-05-07 23:08:31.672 [main] com.example.demo.DemoApplication-Starting DemoApplication on LAPTOP-C1QADBMM with PID 28736 (D:\example\target\classes started by Tyler Wong in D:\example)
INFO 2020-05-07 23:08:31.677 [main] com.example.demo.DemoApplication-The following profiles are active: dev
WARN 2020-05-07 23:08:32.057 [main] t.m.s.mapper.ClassPathMapperScanner-No MyBatis mapper was found in '[com.example.demo.*.dao]' package. Please check your configuration.
WARN 2020-05-07 23:08:32.191 [main] o.m.s.mapper.ClassPathMapperScanner-No MyBatis mapper was found in '[com.example.demo]' package. Please check your configuration.
INFO 2020-05-07 23:08:32.602 [main] o.s.b.w.e.tomcat.TomcatWebServer-Tomcat initialized with port(s): 8081 (http)
INFO 2020-05-07 23:08:32.609 [main] o.a.coyote.http11.Http11NioProtocol-Initializing ProtocolHandler ["http-nio-8081"]
INFO 2020-05-07 23:08:32.609 [main] o.a.catalina.core.StandardService-Starting service [Tomcat]
INFO 2020-05-07 23:08:32.609 [main] o.a.catalina.core.StandardEngine-Starting Servlet engine: [Apache Tomcat/9.0.31]
INFO 2020-05-07 23:08:32.689 [main] o.a.c.c.C.[Tomcat].[localhost].[/]-Initializing Spring embedded WebApplicationContext
INFO 2020-05-07 23:08:32.690 [main] o.s.web.context.ContextLoader-Root WebApplicationContext: initialization completed in 962 ms
WARN 2020-05-07 23:08:32.734 [main] o.s.b.w.s.c.AnnotationConfigServletWebServerApplicationContext-Exception encountered during context initialization - cancelling refresh attempt: org.springframework.beans.factory.UnsatisfiedDependencyException: Error creating bean with name '/v1/user': Unsatisfied dependency expressed through field 'baseService'; nested exception is org.springframework.beans.factory.UnsatisfiedDependencyException: Error creating bean with name 'userServiceImpl': Unsatisfied dependency expressed through field 'mapper'; nested exception is org.springframework.beans.factory.NoSuchBeanDefinitionException: No qualifying bean of type 'com.example.demo.base.dao.BaseMapper<com.example.demo.user.vo.User>' available: expected at least 1 bean which qualifies as autowire candidate. Dependency annotations: {@org.springframework.beans.factory.annotation.Autowired(required=true)}
INFO 2020-05-07 23:08:32.736 [main] o.a.catalina.core.StandardService-Stopping service [Tomcat]
INFO 2020-05-07 23:08:32.750 [main] o.s.b.a.l.ConditionEvaluationReportLoggingListener-

Error starting ApplicationContext. To display the conditions report re-run your application with 'debug' enabled.
ERROR2020-05-07 23:08:32.825 [main] o.s.b.d.LoggingFailureAnalysisReporter-

***************************
APPLICATION FAILED TO START
***************************

Description:

Field mapper in com.example.demo.base.service.impl.BaseServiceImpl required a bean of type 'com.example.demo.base.dao.BaseMapper' that could not be found.

The injection point has the following annotations:
	- @org.springframework.beans.factory.annotation.Autowired(required=true)


Action:

Consider defining a bean of type 'com.example.demo.base.dao.BaseMapper' in your configuration.

INFO 2020-05-07 23:09:02.662 [main] com.example.demo.DemoApplication-Starting DemoApplication on LAPTOP-C1QADBMM with PID 11904 (D:\example\target\classes started by Tyler Wong in D:\example)
INFO 2020-05-07 23:09:02.665 [main] com.example.demo.DemoApplication-The following profiles are active: dev
WARN 2020-05-07 23:09:03.025 [main] t.m.s.mapper.ClassPathMapperScanner-No MyBatis mapper was found in '[com.example.demo.*.mapper]' package. Please check your configuration.
WARN 2020-05-07 23:09:03.139 [main] o.m.s.mapper.ClassPathMapperScanner-No MyBatis mapper was found in '[com.example.demo]' package. Please check your configuration.
INFO 2020-05-07 23:09:03.515 [main] o.s.b.w.e.tomcat.TomcatWebServer-Tomcat initialized with port(s): 8081 (http)
INFO 2020-05-07 23:09:03.522 [main] o.a.coyote.http11.Http11NioProtocol-Initializing ProtocolHandler ["http-nio-8081"]
INFO 2020-05-07 23:09:03.523 [main] o.a.catalina.core.StandardService-Starting service [Tomcat]
INFO 2020-05-07 23:09:03.523 [main] o.a.catalina.core.StandardEngine-Starting Servlet engine: [Apache Tomcat/9.0.31]
INFO 2020-05-07 23:09:03.617 [main] o.a.c.c.C.[Tomcat].[localhost].[/]-Initializing Spring embedded WebApplicationContext
INFO 2020-05-07 23:09:03.617 [main] o.s.web.context.ContextLoader-Root WebApplicationContext: initialization completed in 909 ms
WARN 2020-05-07 23:09:03.668 [main] o.s.b.w.s.c.AnnotationConfigServletWebServerApplicationContext-Exception encountered during context initialization - cancelling refresh attempt: org.springframework.beans.factory.UnsatisfiedDependencyException: Error creating bean with name '/v1/user': Unsatisfied dependency expressed through field 'baseService'; nested exception is org.springframework.beans.factory.UnsatisfiedDependencyException: Error creating bean with name 'userServiceImpl': Unsatisfied dependency expressed through field 'mapper'; nested exception is org.springframework.beans.factory.NoSuchBeanDefinitionException: No qualifying bean of type 'com.example.demo.base.dao.BaseMapper<com.example.demo.user.vo.User>' available: expected at least 1 bean which qualifies as autowire candidate. Dependency annotations: {@org.springframework.beans.factory.annotation.Autowired(required=true)}
INFO 2020-05-07 23:09:03.670 [main] o.a.catalina.core.StandardService-Stopping service [Tomcat]
INFO 2020-05-07 23:09:03.682 [main] o.s.b.a.l.ConditionEvaluationReportLoggingListener-

Error starting ApplicationContext. To display the conditions report re-run your application with 'debug' enabled.
ERROR2020-05-07 23:09:03.767 [main] o.s.b.d.LoggingFailureAnalysisReporter-

***************************
APPLICATION FAILED TO START
***************************

Description:

Field mapper in com.example.demo.base.service.impl.BaseServiceImpl required a bean of type 'com.example.demo.base.dao.BaseMapper' that could not be found.

The injection point has the following annotations:
	- @org.springframework.beans.factory.annotation.Autowired(required=true)


Action:

Consider defining a bean of type 'com.example.demo.base.dao.BaseMapper' in your configuration.

INFO 2020-05-07 23:09:19.790 [main] com.example.demo.DemoApplication-Starting DemoApplication on LAPTOP-C1QADBMM with PID 9220 (D:\example\target\classes started by Tyler Wong in D:\example)
INFO 2020-05-07 23:09:19.792 [main] com.example.demo.DemoApplication-The following profiles are active: dev
WARN 2020-05-07 23:09:20.249 [main] o.m.s.mapper.ClassPathMapperScanner-No MyBatis mapper was found in '[com.example.demo]' package. Please check your configuration.
INFO 2020-05-07 23:09:20.616 [main] o.s.b.w.e.tomcat.TomcatWebServer-Tomcat initialized with port(s): 8081 (http)
INFO 2020-05-07 23:09:20.623 [main] o.a.coyote.http11.Http11NioProtocol-Initializing ProtocolHandler ["http-nio-8081"]
INFO 2020-05-07 23:09:20.624 [main] o.a.catalina.core.StandardService-Starting service [Tomcat]
INFO 2020-05-07 23:09:20.624 [main] o.a.catalina.core.StandardEngine-Starting Servlet engine: [Apache Tomcat/9.0.31]
INFO 2020-05-07 23:09:20.695 [main] o.a.c.c.C.[Tomcat].[localhost].[/]-Initializing Spring embedded WebApplicationContext
INFO 2020-05-07 23:09:20.696 [main] o.s.web.context.ContextLoader-Root WebApplicationContext: initialization completed in 853 ms
WARN 2020-05-07 23:09:20.748 [main] o.s.b.w.s.c.AnnotationConfigServletWebServerApplicationContext-Exception encountered during context initialization - cancelling refresh attempt: org.springframework.beans.factory.UnsatisfiedDependencyException: Error creating bean with name '/v1/user': Unsatisfied dependency expressed through field 'baseService'; nested exception is org.springframework.beans.factory.UnsatisfiedDependencyException: Error creating bean with name 'userServiceImpl': Unsatisfied dependency expressed through field 'mapper'; nested exception is org.springframework.beans.factory.NoSuchBeanDefinitionException: No qualifying bean of type 'com.example.demo.base.dao.BaseMapper<com.example.demo.user.vo.User>' available: expected at least 1 bean which qualifies as autowire candidate. Dependency annotations: {@org.springframework.beans.factory.annotation.Autowired(required=true)}
INFO 2020-05-07 23:09:20.751 [main] o.a.catalina.core.StandardService-Stopping service [Tomcat]
INFO 2020-05-07 23:09:20.762 [main] o.s.b.a.l.ConditionEvaluationReportLoggingListener-

Error starting ApplicationContext. To display the conditions report re-run your application with 'debug' enabled.
ERROR2020-05-07 23:09:20.848 [main] o.s.b.d.LoggingFailureAnalysisReporter-

***************************
APPLICATION FAILED TO START
***************************

Description:

Field mapper in com.example.demo.base.service.impl.BaseServiceImpl required a bean of type 'com.example.demo.base.dao.BaseMapper' that could not be found.

The injection point has the following annotations:
	- @org.springframework.beans.factory.annotation.Autowired(required=true)


Action:

Consider defining a bean of type 'com.example.demo.base.dao.BaseMapper' in your configuration.

INFO 2020-05-07 23:11:38.900 [main] com.example.demo.DemoApplication-Starting DemoApplication on LAPTOP-C1QADBMM with PID 29308 (D:\example\target\classes started by Tyler Wong in D:\example)
INFO 2020-05-07 23:11:38.906 [main] com.example.demo.DemoApplication-The following profiles are active: dev
WARN 2020-05-07 23:11:40.775 [main] t.m.s.mapper.ClassPathMapperScanner-No MyBatis mapper was found in '[com.example.demo.*.dao]' package. Please check your configuration.
WARN 2020-05-07 23:11:41.411 [main] o.m.s.mapper.ClassPathMapperScanner-No MyBatis mapper was found in '[com.example.demo]' package. Please check your configuration.
INFO 2020-05-07 23:11:44.392 [main] o.s.b.w.e.tomcat.TomcatWebServer-Tomcat initialized with port(s): 8081 (http)
INFO 2020-05-07 23:11:44.422 [main] o.a.coyote.http11.Http11NioProtocol-Initializing ProtocolHandler ["http-nio-8081"]
INFO 2020-05-07 23:11:44.424 [main] o.a.catalina.core.StandardService-Starting service [Tomcat]
INFO 2020-05-07 23:11:44.424 [main] o.a.catalina.core.StandardEngine-Starting Servlet engine: [Apache Tomcat/9.0.31]
INFO 2020-05-07 23:11:44.787 [main] o.a.c.c.C.[Tomcat].[localhost].[/]-Initializing Spring embedded WebApplicationContext
INFO 2020-05-07 23:11:44.788 [main] o.s.web.context.ContextLoader-Root WebApplicationContext: initialization completed in 5654 ms
WARN 2020-05-07 23:11:45.223 [main] o.s.b.w.s.c.AnnotationConfigServletWebServerApplicationContext-Exception encountered during context initialization - cancelling refresh attempt: org.springframework.beans.factory.UnsatisfiedDependencyException: Error creating bean with name '/v1/user': Unsatisfied dependency expressed through field 'baseService'; nested exception is org.springframework.beans.factory.UnsatisfiedDependencyException: Error creating bean with name 'userServiceImpl': Unsatisfied dependency expressed through field 'mapper'; nested exception is org.springframework.beans.factory.NoSuchBeanDefinitionException: No qualifying bean of type 'com.example.demo.base.dao.BaseMapper<com.example.demo.user.vo.User>' available: expected at least 1 bean which qualifies as autowire candidate. Dependency annotations: {@org.springframework.beans.factory.annotation.Autowired(required=true)}
INFO 2020-05-07 23:11:45.236 [main] o.a.catalina.core.StandardService-Stopping service [Tomcat]
INFO 2020-05-07 23:11:45.333 [main] o.s.b.a.l.ConditionEvaluationReportLoggingListener-

Error starting ApplicationContext. To display the conditions report re-run your application with 'debug' enabled.
ERROR2020-05-07 23:11:45.915 [main] o.s.b.d.LoggingFailureAnalysisReporter-

***************************
APPLICATION FAILED TO START
***************************

Description:

Field mapper in com.example.demo.base.service.impl.BaseServiceImpl required a bean of type 'com.example.demo.base.dao.BaseMapper' that could not be found.

The injection point has the following annotations:
	- @org.springframework.beans.factory.annotation.Autowired(required=true)


Action:

Consider defining a bean of type 'com.example.demo.base.dao.BaseMapper' in your configuration.

INFO 2020-05-07 23:12:24.626 [main] com.example.demo.DemoApplication-Starting DemoApplication on LAPTOP-C1QADBMM with PID 28084 (D:\example\target\classes started by Tyler Wong in D:\example)
INFO 2020-05-07 23:12:24.630 [main] com.example.demo.DemoApplication-The following profiles are active: dev
WARN 2020-05-07 23:12:24.992 [main] t.m.s.mapper.ClassPathMapperScanner-No MyBatis mapper was found in '[com.example.demo.*.dao]' package. Please check your configuration.
WARN 2020-05-07 23:12:25.107 [main] o.m.s.mapper.ClassPathMapperScanner-No MyBatis mapper was found in '[com.example.demo]' package. Please check your configuration.
INFO 2020-05-07 23:12:25.522 [main] o.s.b.w.e.tomcat.TomcatWebServer-Tomcat initialized with port(s): 8081 (http)
INFO 2020-05-07 23:12:25.529 [main] o.a.coyote.http11.Http11NioProtocol-Initializing ProtocolHandler ["http-nio-8081"]
INFO 2020-05-07 23:12:25.530 [main] o.a.catalina.core.StandardService-Starting service [Tomcat]
INFO 2020-05-07 23:12:25.530 [main] o.a.catalina.core.StandardEngine-Starting Servlet engine: [Apache Tomcat/9.0.31]
INFO 2020-05-07 23:12:25.612 [main] o.a.c.c.C.[Tomcat].[localhost].[/]-Initializing Spring embedded WebApplicationContext
INFO 2020-05-07 23:12:25.613 [main] o.s.web.context.ContextLoader-Root WebApplicationContext: initialization completed in 933 ms
WARN 2020-05-07 23:12:25.658 [main] o.s.b.w.s.c.AnnotationConfigServletWebServerApplicationContext-Exception encountered during context initialization - cancelling refresh attempt: org.springframework.beans.factory.UnsatisfiedDependencyException: Error creating bean with name '/v1/user': Unsatisfied dependency expressed through field 'baseService'; nested exception is org.springframework.beans.factory.UnsatisfiedDependencyException: Error creating bean with name 'userServiceImpl': Unsatisfied dependency expressed through field 'mapper'; nested exception is org.springframework.beans.factory.NoSuchBeanDefinitionException: No qualifying bean of type 'com.example.demo.base.dao.BaseMapper<com.example.demo.user.vo.User>' available: expected at least 1 bean which qualifies as autowire candidate. Dependency annotations: {@org.springframework.beans.factory.annotation.Autowired(required=true)}
INFO 2020-05-07 23:12:25.660 [main] o.a.catalina.core.StandardService-Stopping service [Tomcat]
INFO 2020-05-07 23:12:25.670 [main] o.s.b.a.l.ConditionEvaluationReportLoggingListener-

Error starting ApplicationContext. To display the conditions report re-run your application with 'debug' enabled.
ERROR2020-05-07 23:12:25.737 [main] o.s.b.d.LoggingFailureAnalysisReporter-

***************************
APPLICATION FAILED TO START
***************************

Description:

Field mapper in com.example.demo.base.service.impl.BaseServiceImpl required a bean of type 'com.example.demo.base.dao.BaseMapper' that could not be found.

The injection point has the following annotations:
	- @org.springframework.beans.factory.annotation.Autowired(required=true)


Action:

Consider defining a bean of type 'com.example.demo.base.dao.BaseMapper' in your configuration.

INFO 2020-05-07 23:24:41.034 [main] com.example.demo.DemoApplication-Starting DemoApplication on LAPTOP-C1QADBMM with PID 22192 (D:\example\target\classes started by Tyler Wong in D:\example)
INFO 2020-05-07 23:24:41.037 [main] com.example.demo.DemoApplication-The following profiles are active: dev
WARN 2020-05-07 23:24:41.523 [main] o.m.s.mapper.ClassPathMapperScanner-No MyBatis mapper was found in '[com.example.demo]' package. Please check your configuration.
INFO 2020-05-07 23:24:41.899 [main] o.s.b.w.e.tomcat.TomcatWebServer-Tomcat initialized with port(s): 8081 (http)
INFO 2020-05-07 23:24:41.906 [main] o.a.coyote.http11.Http11NioProtocol-Initializing ProtocolHandler ["http-nio-8081"]
INFO 2020-05-07 23:24:41.906 [main] o.a.catalina.core.StandardService-Starting service [Tomcat]
INFO 2020-05-07 23:24:41.906 [main] o.a.catalina.core.StandardEngine-Starting Servlet engine: [Apache Tomcat/9.0.31]
INFO 2020-05-07 23:24:41.995 [main] o.a.c.c.C.[Tomcat].[localhost].[/]-Initializing Spring embedded WebApplicationContext
INFO 2020-05-07 23:24:41.995 [main] o.s.web.context.ContextLoader-Root WebApplicationContext: initialization completed in 899 ms
WARN 2020-05-07 23:24:42.039 [main] o.s.b.w.s.c.AnnotationConfigServletWebServerApplicationContext-Exception encountered during context initialization - cancelling refresh attempt: org.springframework.beans.factory.UnsatisfiedDependencyException: Error creating bean with name '/v1/user': Unsatisfied dependency expressed through field 'baseService'; nested exception is org.springframework.beans.factory.UnsatisfiedDependencyException: Error creating bean with name 'userServiceImpl': Unsatisfied dependency expressed through field 'mapper'; nested exception is org.springframework.beans.factory.NoSuchBeanDefinitionException: No qualifying bean of type 'com.example.demo.base.dao.BaseMapper<com.example.demo.user.vo.User>' available: expected at least 1 bean which qualifies as autowire candidate. Dependency annotations: {@org.springframework.beans.factory.annotation.Autowired(required=true)}
INFO 2020-05-07 23:24:42.041 [main] o.a.catalina.core.StandardService-Stopping service [Tomcat]
INFO 2020-05-07 23:24:42.052 [main] o.s.b.a.l.ConditionEvaluationReportLoggingListener-

Error starting ApplicationContext. To display the conditions report re-run your application with 'debug' enabled.
ERROR2020-05-07 23:24:42.121 [main] o.s.b.d.LoggingFailureAnalysisReporter-

***************************
APPLICATION FAILED TO START
***************************

Description:

Field mapper in com.example.demo.base.service.impl.BaseServiceImpl required a bean of type 'com.example.demo.base.dao.BaseMapper' that could not be found.

The injection point has the following annotations:
	- @org.springframework.beans.factory.annotation.Autowired(required=true)


Action:

Consider defining a bean of type 'com.example.demo.base.dao.BaseMapper' in your configuration.

INFO 2020-05-07 23:25:42.974 [main] com.example.demo.DemoApplication-Starting DemoApplication on LAPTOP-C1QADBMM with PID 22900 (D:\example\target\classes started by Tyler Wong in D:\example)
INFO 2020-05-07 23:25:42.977 [main] com.example.demo.DemoApplication-The following profiles are active: dev
INFO 2020-05-07 23:25:43.840 [main] o.s.b.w.e.tomcat.TomcatWebServer-Tomcat initialized with port(s): 8081 (http)
INFO 2020-05-07 23:25:43.846 [main] o.a.coyote.http11.Http11NioProtocol-Initializing ProtocolHandler ["http-nio-8081"]
INFO 2020-05-07 23:25:43.847 [main] o.a.catalina.core.StandardService-Starting service [Tomcat]
INFO 2020-05-07 23:25:43.847 [main] o.a.catalina.core.StandardEngine-Starting Servlet engine: [Apache Tomcat/9.0.31]
INFO 2020-05-07 23:25:43.927 [main] o.a.c.c.C.[Tomcat].[localhost].[/]-Initializing Spring embedded WebApplicationContext
INFO 2020-05-07 23:25:43.927 [main] o.s.web.context.ContextLoader-Root WebApplicationContext: initialization completed in 900 ms
INFO 2020-05-07 23:25:44.185 [main] o.s.s.c.ThreadPoolTaskExecutor-Initializing ExecutorService 'applicationTaskExecutor'
WARN 2020-05-07 23:25:44.288 [main] o.s.b.w.s.c.AnnotationConfigServletWebServerApplicationContext-Exception encountered during context initialization - cancelling refresh attempt: org.springframework.beans.factory.BeanCreationException: Error creating bean with name 'requestMappingHandlerMapping' defined in class path resource [org/springframework/boot/autoconfigure/web/servlet/WebMvcAutoConfiguration$EnableWebMvcConfiguration.class]: Invocation of init method failed; nested exception is java.lang.IllegalStateException: Invalid mapping on handler class [com.example.demo.user.controller.UserController]: public java.lang.String com.example.demo.base.controller.BaseController.AddObject(java.lang.String,java.lang.String,com.example.demo.base.vo.AddEntityVo)
INFO 2020-05-07 23:25:44.288 [main] o.s.s.c.ThreadPoolTaskExecutor-Shutting down ExecutorService 'applicationTaskExecutor'
INFO 2020-05-07 23:25:44.290 [main] o.a.catalina.core.StandardService-Stopping service [Tomcat]
INFO 2020-05-07 23:25:44.298 [main] o.s.b.a.l.ConditionEvaluationReportLoggingListener-

Error starting ApplicationContext. To display the conditions report re-run your application with 'debug' enabled.
ERROR2020-05-07 23:25:44.305 [main] o.s.boot.SpringApplication-Application run failed
org.springframework.beans.factory.BeanCreationException: Error creating bean with name 'requestMappingHandlerMapping' defined in class path resource [org/springframework/boot/autoconfigure/web/servlet/WebMvcAutoConfiguration$EnableWebMvcConfiguration.class]: Invocation of init method failed; nested exception is java.lang.IllegalStateException: Invalid mapping on handler class [com.example.demo.user.controller.UserController]: public java.lang.String com.example.demo.base.controller.BaseController.AddObject(java.lang.String,java.lang.String,com.example.demo.base.vo.AddEntityVo)
	at org.springframework.beans.factory.support.AbstractAutowireCapableBeanFactory.initializeBean(AbstractAutowireCapableBeanFactory.java:1796)
	at org.springframework.beans.factory.support.AbstractAutowireCapableBeanFactory.doCreateBean(AbstractAutowireCapableBeanFactory.java:595)
	at org.springframework.beans.factory.support.AbstractAutowireCapableBeanFactory.createBean(AbstractAutowireCapableBeanFactory.java:517)
	at org.springframework.beans.factory.support.AbstractBeanFactory.lambda$doGetBean$0(AbstractBeanFactory.java:323)
	at org.springframework.beans.factory.support.DefaultSingletonBeanRegistry.getSingleton(DefaultSingletonBeanRegistry.java:222)
	at org.springframework.beans.factory.support.AbstractBeanFactory.doGetBean(AbstractBeanFactory.java:321)
	at org.springframework.beans.factory.support.AbstractBeanFactory.getBean(AbstractBeanFactory.java:202)
	at org.springframework.beans.factory.support.DefaultListableBeanFactory.preInstantiateSingletons(DefaultListableBeanFactory.java:879)
	at org.springframework.context.support.AbstractApplicationContext.finishBeanFactoryInitialization(AbstractApplicationContext.java:878)
	at org.springframework.context.support.AbstractApplicationContext.refresh(AbstractApplicationContext.java:550)
	at org.springframework.boot.web.servlet.context.ServletWebServerApplicationContext.refresh(ServletWebServerApplicationContext.java:141)
	at org.springframework.boot.SpringApplication.refresh(SpringApplication.java:747)
	at org.springframework.boot.SpringApplication.refreshContext(SpringApplication.java:397)
	at org.springframework.boot.SpringApplication.run(SpringApplication.java:315)
	at org.springframework.boot.SpringApplication.run(SpringApplication.java:1226)
	at org.springframework.boot.SpringApplication.run(SpringApplication.java:1215)
	at com.example.demo.DemoApplication.main(DemoApplication.java:18)
Caused by: java.lang.IllegalStateException: Invalid mapping on handler class [com.example.demo.user.controller.UserController]: public java.lang.String com.example.demo.base.controller.BaseController.AddObject(java.lang.String,java.lang.String,com.example.demo.base.vo.AddEntityVo)
	at org.springframework.web.servlet.handler.AbstractHandlerMethodMapping.lambda$detectHandlerMethods$0(AbstractHandlerMethodMapping.java:280)
	at org.springframework.core.MethodIntrospector.lambda$selectMethods$0(MethodIntrospector.java:74)
	at org.springframework.util.ReflectionUtils.doWithMethods(ReflectionUtils.java:364)
	at org.springframework.util.ReflectionUtils.doWithMethods(ReflectionUtils.java:371)
	at org.springframework.core.MethodIntrospector.selectMethods(MethodIntrospector.java:72)
	at org.springframework.web.servlet.handler.AbstractHandlerMethodMapping.detectHandlerMethods(AbstractHandlerMethodMapping.java:273)
	at org.springframework.web.servlet.handler.AbstractHandlerMethodMapping.processCandidateBean(AbstractHandlerMethodMapping.java:258)
	at org.springframework.web.servlet.handler.AbstractHandlerMethodMapping.initHandlerMethods(AbstractHandlerMethodMapping.java:217)
	at org.springframework.web.servlet.handler.AbstractHandlerMethodMapping.afterPropertiesSet(AbstractHandlerMethodMapping.java:205)
	at org.springframework.web.servlet.mvc.method.annotation.RequestMappingHandlerMapping.afterPropertiesSet(RequestMappingHandlerMapping.java:190)
	at org.springframework.beans.factory.support.AbstractAutowireCapableBeanFactory.invokeInitMethods(AbstractAutowireCapableBeanFactory.java:1855)
	at org.springframework.beans.factory.support.AbstractAutowireCapableBeanFactory.initializeBean(AbstractAutowireCapableBeanFactory.java:1792)
	... 16 common frames omitted
Caused by: org.springframework.http.InvalidMediaTypeException: Invalid mime type "application/json,charset=utf-8": Invalid token character ',' in token "json,charset=utf-8"
	at org.springframework.http.MediaType.parseMediaType(MediaType.java:574)
	at org.springframework.web.servlet.mvc.condition.AbstractMediaTypeExpression.<init>(AbstractMediaTypeExpression.java:51)
	at org.springframework.web.servlet.mvc.condition.ProducesRequestCondition$ProduceMediaTypeExpression.<init>(ProducesRequestCondition.java:351)
	at org.springframework.web.servlet.mvc.condition.ProducesRequestCondition.parseExpressions(ProducesRequestCondition.java:127)
	at org.springframework.web.servlet.mvc.condition.ProducesRequestCondition.<init>(ProducesRequestCondition.java:99)
	at org.springframework.web.servlet.mvc.method.RequestMappingInfo$DefaultBuilder.build(RequestMappingInfo.java:518)
	at org.springframework.web.servlet.mvc.method.annotation.RequestMappingHandlerMapping.createRequestMappingInfo(RequestMappingHandlerMapping.java:351)
	at org.springframework.web.servlet.mvc.method.annotation.RequestMappingHandlerMapping.createRequestMappingInfo(RequestMappingHandlerMapping.java:296)
	at org.springframework.web.servlet.mvc.method.annotation.RequestMappingHandlerMapping.getMappingForMethod(RequestMappingHandlerMapping.java:256)
	at org.springframework.web.servlet.mvc.method.annotation.RequestMappingHandlerMapping.getMappingForMethod(RequestMappingHandlerMapping.java:78)
	at org.springframework.web.servlet.handler.AbstractHandlerMethodMapping.lambda$detectHandlerMethods$0(AbstractHandlerMethodMapping.java:276)
	... 27 common frames omitted
Caused by: org.springframework.util.InvalidMimeTypeException: Invalid mime type "application/json,charset=utf-8": Invalid token character ',' in token "json,charset=utf-8"
	at org.springframework.util.MimeTypeUtils.parseMimeTypeInternal(MimeTypeUtils.java:262)
	at org.springframework.util.MimeTypeUtils$ConcurrentLruCache.get(MimeTypeUtils.java:464)
	at org.springframework.util.MimeTypeUtils.parseMimeType(MimeTypeUtils.java:196)
	at org.springframework.http.MediaType.parseMediaType(MediaType.java:571)
	... 37 common frames omitted
INFO 2020-05-07 23:26:12.289 [main] com.example.demo.DemoApplication-Starting DemoApplication on LAPTOP-C1QADBMM with PID 18516 (D:\example\target\classes started by Tyler Wong in D:\example)
INFO 2020-05-07 23:26:12.293 [main] com.example.demo.DemoApplication-The following profiles are active: dev
INFO 2020-05-07 23:26:13.160 [main] o.s.b.w.e.tomcat.TomcatWebServer-Tomcat initialized with port(s): 8081 (http)
INFO 2020-05-07 23:26:13.166 [main] o.a.coyote.http11.Http11NioProtocol-Initializing ProtocolHandler ["http-nio-8081"]
INFO 2020-05-07 23:26:13.167 [main] o.a.catalina.core.StandardService-Starting service [Tomcat]
INFO 2020-05-07 23:26:13.167 [main] o.a.catalina.core.StandardEngine-Starting Servlet engine: [Apache Tomcat/9.0.31]
INFO 2020-05-07 23:26:13.246 [main] o.a.c.c.C.[Tomcat].[localhost].[/]-Initializing Spring embedded WebApplicationContext
INFO 2020-05-07 23:26:13.247 [main] o.s.web.context.ContextLoader-Root WebApplicationContext: initialization completed in 913 ms
INFO 2020-05-07 23:26:13.500 [main] o.s.s.c.ThreadPoolTaskExecutor-Initializing ExecutorService 'applicationTaskExecutor'
INFO 2020-05-07 23:26:13.694 [main] com.zaxxer.hikari.HikariDataSource-HikariPool-1 - Starting...
INFO 2020-05-07 23:26:14.154 [main] com.zaxxer.hikari.HikariDataSource-HikariPool-1 - Start completed.
INFO 2020-05-07 23:26:14.926 [main] liquibase.executor.jvm.JdbcExecutor-SELECT COUNT(*) FROM test.DATABASECHANGELOGLOCK
INFO 2020-05-07 23:26:14.939 [main] liquibase.executor.jvm.JdbcExecutor-SELECT COUNT(*) FROM test.DATABASECHANGELOGLOCK
INFO 2020-05-07 23:26:14.942 [main] liquibase.executor.jvm.JdbcExecutor-SELECT `LOCKED` FROM test.DATABASECHANGELOGLOCK WHERE ID=1
INFO 2020-05-07 23:26:14.958 [main] l.lockservice.StandardLockService-Successfully acquired change log lock
INFO 2020-05-07 23:26:16.079 [main] l.changelog.DatabaseChangeLog-Reading resource: liquibase/changelog/changelog-tyler-1.0.sql
INFO 2020-05-07 23:26:16.139 [main] liquibase.executor.jvm.JdbcExecutor-SELECT MD5SUM FROM test.DATABASECHANGELOG WHERE MD5SUM IS NOT NULL LIMIT 1
INFO 2020-05-07 23:26:16.140 [main] liquibase.executor.jvm.JdbcExecutor-SELECT COUNT(*) FROM test.DATABASECHANGELOG
INFO 2020-05-07 23:26:16.142 [main] l.c.StandardChangeLogHistoryService-Reading from test.DATABASECHANGELOG
INFO 2020-05-07 23:26:16.142 [main] liquibase.executor.jvm.JdbcExecutor-SELECT * FROM test.DATABASECHANGELOG ORDER BY DATEEXECUTED ASC, ORDEREXECUTED ASC
INFO 2020-05-07 23:26:16.150 [main] l.lockservice.StandardLockService-Successfully released change log lock
INFO 2020-05-07 23:26:16.198 [main] o.a.coyote.http11.Http11NioProtocol-Starting ProtocolHandler ["http-nio-8081"]
INFO 2020-05-07 23:26:16.217 [main] o.s.b.w.e.tomcat.TomcatWebServer-Tomcat started on port(s): 8081 (http) with context path ''
INFO 2020-05-07 23:26:16.220 [main] com.example.demo.DemoApplication-Started DemoApplication in 4.55 seconds (JVM running for 5.299)
INFO 2020-05-07 23:26:27.678 [http-nio-8081-exec-2] o.a.c.c.C.[Tomcat].[localhost].[/]-Initializing Spring DispatcherServlet 'dispatcherServlet'
INFO 2020-05-07 23:26:27.678 [http-nio-8081-exec-2] o.s.web.servlet.DispatcherServlet-Initializing Servlet 'dispatcherServlet'
INFO 2020-05-07 23:26:27.684 [http-nio-8081-exec-2] o.s.web.servlet.DispatcherServlet-Completed initialization in 6 ms
INFO 2020-05-07 23:26:27.776 [http-nio-8081-exec-2] c.e.d.b.service.impl.BaseServiceImpl-Add one object start
ERROR2020-05-07 23:26:27.794 [http-nio-8081-exec-2] c.e.d.b.service.impl.BaseServiceImpl-add object error
org.mybatis.spring.MyBatisSystemException: nested exception is org.apache.ibatis.builder.BuilderException: Error invoking SqlProvider method (tk.mybatis.mapper.provider.base.BaseInsertProvider.dynamicSQL).  Cause: java.lang.InstantiationException: tk.mybatis.mapper.provider.base.BaseInsertProvider
	at org.mybatis.spring.MyBatisExceptionTranslator.translateExceptionIfPossible(MyBatisExceptionTranslator.java:77)
	at org.mybatis.spring.SqlSessionTemplate$SqlSessionInterceptor.invoke(SqlSessionTemplate.java:446)
	at com.sun.proxy.$Proxy65.insert(Unknown Source)
	at org.mybatis.spring.SqlSessionTemplate.insert(SqlSessionTemplate.java:278)
	at org.apache.ibatis.binding.MapperMethod.execute(MapperMethod.java:62)
	at org.apache.ibatis.binding.MapperProxy.invoke(MapperProxy.java:58)
	at com.sun.proxy.$Proxy72.insert(Unknown Source)
	at com.example.demo.base.service.impl.BaseServiceImpl.insert(BaseServiceImpl.java:35)
	at sun.reflect.NativeMethodAccessorImpl.invoke0(Native Method)
	at sun.reflect.NativeMethodAccessorImpl.invoke(NativeMethodAccessorImpl.java:62)
	at sun.reflect.DelegatingMethodAccessorImpl.invoke(DelegatingMethodAccessorImpl.java:43)
	at java.lang.reflect.Method.invoke(Method.java:498)
	at org.springframework.aop.support.AopUtils.invokeJoinpointUsingReflection(AopUtils.java:344)
	at org.springframework.aop.framework.ReflectiveMethodInvocation.invokeJoinpoint(ReflectiveMethodInvocation.java:198)
	at org.springframework.aop.framework.ReflectiveMethodInvocation.proceed(ReflectiveMethodInvocation.java:163)
	at org.springframework.transaction.interceptor.TransactionAspectSupport.invokeWithinTransaction(TransactionAspectSupport.java:366)
	at org.springframework.transaction.interceptor.TransactionInterceptor.invoke(TransactionInterceptor.java:99)
	at org.springframework.aop.framework.ReflectiveMethodInvocation.proceed(ReflectiveMethodInvocation.java:186)
	at org.springframework.aop.framework.JdkDynamicAopProxy.invoke(JdkDynamicAopProxy.java:212)
	at com.sun.proxy.$Proxy73.insert(Unknown Source)
	at com.example.demo.base.controller.BaseController.AddObject(BaseController.java:25)
	at sun.reflect.NativeMethodAccessorImpl.invoke0(Native Method)
	at sun.reflect.NativeMethodAccessorImpl.invoke(NativeMethodAccessorImpl.java:62)
	at sun.reflect.DelegatingMethodAccessorImpl.invoke(DelegatingMethodAccessorImpl.java:43)
	at java.lang.reflect.Method.invoke(Method.java:498)
	at org.springframework.web.method.support.InvocableHandlerMethod.doInvoke(InvocableHandlerMethod.java:190)
	at org.springframework.web.method.support.InvocableHandlerMethod.invokeForRequest(InvocableHandlerMethod.java:138)
	at org.springframework.web.servlet.mvc.method.annotation.ServletInvocableHandlerMethod.invokeAndHandle(ServletInvocableHandlerMethod.java:106)
	at org.springframework.web.servlet.mvc.method.annotation.RequestMappingHandlerAdapter.invokeHandlerMethod(RequestMappingHandlerAdapter.java:879)
	at org.springframework.web.servlet.mvc.method.annotation.RequestMappingHandlerAdapter.handleInternal(RequestMappingHandlerAdapter.java:793)
	at org.springframework.web.servlet.mvc.method.AbstractHandlerMethodAdapter.handle(AbstractHandlerMethodAdapter.java:87)
	at org.springframework.web.servlet.DispatcherServlet.doDispatch(DispatcherServlet.java:1040)
	at org.springframework.web.servlet.DispatcherServlet.doService(DispatcherServlet.java:943)
	at org.springframework.web.servlet.FrameworkServlet.processRequest(FrameworkServlet.java:1006)
	at org.springframework.web.servlet.FrameworkServlet.doPost(FrameworkServlet.java:909)
	at javax.servlet.http.HttpServlet.service(HttpServlet.java:660)
	at org.springframework.web.servlet.FrameworkServlet.service(FrameworkServlet.java:883)
	at javax.servlet.http.HttpServlet.service(HttpServlet.java:741)
	at org.apache.catalina.core.ApplicationFilterChain.internalDoFilter(ApplicationFilterChain.java:231)
	at org.apache.catalina.core.ApplicationFilterChain.doFilter(ApplicationFilterChain.java:166)
	at org.apache.tomcat.websocket.server.WsFilter.doFilter(WsFilter.java:53)
	at org.apache.catalina.core.ApplicationFilterChain.internalDoFilter(ApplicationFilterChain.java:193)
	at org.apache.catalina.core.ApplicationFilterChain.doFilter(ApplicationFilterChain.java:166)
	at org.springframework.web.filter.RequestContextFilter.doFilterInternal(RequestContextFilter.java:100)
	at org.springframework.web.filter.OncePerRequestFilter.doFilter(OncePerRequestFilter.java:119)
	at org.apache.catalina.core.ApplicationFilterChain.internalDoFilter(ApplicationFilterChain.java:193)
	at org.apache.catalina.core.ApplicationFilterChain.doFilter(ApplicationFilterChain.java:166)
	at org.springframework.web.filter.FormContentFilter.doFilterInternal(FormContentFilter.java:93)
	at org.springframework.web.filter.OncePerRequestFilter.doFilter(OncePerRequestFilter.java:119)
	at org.apache.catalina.core.ApplicationFilterChain.internalDoFilter(ApplicationFilterChain.java:193)
	at org.apache.catalina.core.ApplicationFilterChain.doFilter(ApplicationFilterChain.java:166)
	at org.springframework.web.filter.CharacterEncodingFilter.doFilterInternal(CharacterEncodingFilter.java:201)
	at org.springframework.web.filter.OncePerRequestFilter.doFilter(OncePerRequestFilter.java:119)
	at org.apache.catalina.core.ApplicationFilterChain.internalDoFilter(ApplicationFilterChain.java:193)
	at org.apache.catalina.core.ApplicationFilterChain.doFilter(ApplicationFilterChain.java:166)
	at org.apache.catalina.core.StandardWrapperValve.invoke(StandardWrapperValve.java:202)
	at org.apache.catalina.core.StandardContextValve.invoke(StandardContextValve.java:96)
	at org.apache.catalina.authenticator.AuthenticatorBase.invoke(AuthenticatorBase.java:541)
	at org.apache.catalina.core.StandardHostValve.invoke(StandardHostValve.java:139)
	at org.apache.catalina.valves.ErrorReportValve.invoke(ErrorReportValve.java:92)
	at org.apache.catalina.core.StandardEngineValve.invoke(StandardEngineValve.java:74)
	at org.apache.catalina.connector.CoyoteAdapter.service(CoyoteAdapter.java:343)
	at org.apache.coyote.http11.Http11Processor.service(Http11Processor.java:367)
	at org.apache.coyote.AbstractProcessorLight.process(AbstractProcessorLight.java:65)
	at org.apache.coyote.AbstractProtocol$ConnectionHandler.process(AbstractProtocol.java:868)
	at org.apache.tomcat.util.net.NioEndpoint$SocketProcessor.doRun(NioEndpoint.java:1639)
	at org.apache.tomcat.util.net.SocketProcessorBase.run(SocketProcessorBase.java:49)
	at java.util.concurrent.ThreadPoolExecutor.runWorker(ThreadPoolExecutor.java:1149)
	at java.util.concurrent.ThreadPoolExecutor$Worker.run(ThreadPoolExecutor.java:624)
	at org.apache.tomcat.util.threads.TaskThread$WrappingRunnable.run(TaskThread.java:61)
	at java.lang.Thread.run(Thread.java:748)
Caused by: org.apache.ibatis.builder.BuilderException: Error invoking SqlProvider method (tk.mybatis.mapper.provider.base.BaseInsertProvider.dynamicSQL).  Cause: java.lang.InstantiationException: tk.mybatis.mapper.provider.base.BaseInsertProvider
	at org.apache.ibatis.builder.annotation.ProviderSqlSource.createSqlSource(ProviderSqlSource.java:141)
	at org.apache.ibatis.builder.annotation.ProviderSqlSource.getBoundSql(ProviderSqlSource.java:109)
	at org.apache.ibatis.mapping.MappedStatement.getBoundSql(MappedStatement.java:297)
	at org.apache.ibatis.executor.statement.BaseStatementHandler.<init>(BaseStatementHandler.java:64)
	at org.apache.ibatis.executor.statement.PreparedStatementHandler.<init>(PreparedStatementHandler.java:41)
	at org.apache.ibatis.executor.statement.RoutingStatementHandler.<init>(RoutingStatementHandler.java:46)
	at org.apache.ibatis.session.Configuration.newStatementHandler(Configuration.java:576)
	at org.apache.ibatis.executor.SimpleExecutor.doUpdate(SimpleExecutor.java:48)
	at org.apache.ibatis.executor.BaseExecutor.update(BaseExecutor.java:117)
	at org.apache.ibatis.executor.CachingExecutor.update(CachingExecutor.java:76)
	at sun.reflect.NativeMethodAccessorImpl.invoke0(Native Method)
	at sun.reflect.NativeMethodAccessorImpl.invoke(NativeMethodAccessorImpl.java:62)
	at sun.reflect.DelegatingMethodAccessorImpl.invoke(DelegatingMethodAccessorImpl.java:43)
	at java.lang.reflect.Method.invoke(Method.java:498)
	at org.apache.ibatis.plugin.Plugin.invoke(Plugin.java:63)
	at com.sun.proxy.$Proxy97.update(Unknown Source)
	at org.apache.ibatis.session.defaults.DefaultSqlSession.update(DefaultSqlSession.java:197)
	at org.apache.ibatis.session.defaults.DefaultSqlSession.insert(DefaultSqlSession.java:184)
	at sun.reflect.NativeMethodAccessorImpl.invoke0(Native Method)
	at sun.reflect.NativeMethodAccessorImpl.invoke(NativeMethodAccessorImpl.java:62)
	at sun.reflect.DelegatingMethodAccessorImpl.invoke(DelegatingMethodAccessorImpl.java:43)
	at java.lang.reflect.Method.invoke(Method.java:498)
	at org.mybatis.spring.SqlSessionTemplate$SqlSessionInterceptor.invoke(SqlSessionTemplate.java:433)
	... 69 common frames omitted
Caused by: java.lang.InstantiationException: tk.mybatis.mapper.provider.base.BaseInsertProvider
	at java.lang.Class.newInstance(Class.java:427)
	at org.apache.ibatis.builder.annotation.ProviderSqlSource.invokeProviderMethod(ProviderSqlSource.java:172)
	at org.apache.ibatis.builder.annotation.ProviderSqlSource.createSqlSource(ProviderSqlSource.java:123)
	... 91 common frames omitted
Caused by: java.lang.NoSuchMethodException: tk.mybatis.mapper.provider.base.BaseInsertProvider.<init>()
	at java.lang.Class.getConstructor0(Class.java:3082)
	at java.lang.Class.newInstance(Class.java:412)
	... 93 common frames omitted
INFO 2020-05-07 23:33:00.875 [SpringContextShutdownHook] o.s.s.c.ThreadPoolTaskExecutor-Shutting down ExecutorService 'applicationTaskExecutor'
INFO 2020-05-07 23:33:00.876 [SpringContextShutdownHook] com.zaxxer.hikari.HikariDataSource-HikariPool-1 - Shutdown initiated...
INFO 2020-05-07 23:33:00.879 [SpringContextShutdownHook] com.zaxxer.hikari.HikariDataSource-HikariPool-1 - Shutdown completed.
INFO 2020-05-07 23:33:05.592 [main] com.example.demo.DemoApplication-Starting DemoApplication on LAPTOP-C1QADBMM with PID 21556 (D:\example\target\classes started by Tyler Wong in D:\example)
INFO 2020-05-07 23:33:05.596 [main] com.example.demo.DemoApplication-The following profiles are active: dev
WARN 2020-05-07 23:33:06.143 [main] o.m.s.mapper.ClassPathMapperScanner-No MyBatis mapper was found in '[com.example.demo]' package. Please check your configuration.
INFO 2020-05-07 23:33:06.569 [main] o.s.b.w.e.tomcat.TomcatWebServer-Tomcat initialized with port(s): 8081 (http)
INFO 2020-05-07 23:33:06.580 [main] o.a.coyote.http11.Http11NioProtocol-Initializing ProtocolHandler ["http-nio-8081"]
INFO 2020-05-07 23:33:06.580 [main] o.a.catalina.core.StandardService-Starting service [Tomcat]
INFO 2020-05-07 23:33:06.580 [main] o.a.catalina.core.StandardEngine-Starting Servlet engine: [Apache Tomcat/9.0.31]
INFO 2020-05-07 23:33:06.671 [main] o.a.c.c.C.[Tomcat].[localhost].[/]-Initializing Spring embedded WebApplicationContext
INFO 2020-05-07 23:33:06.671 [main] o.s.web.context.ContextLoader-Root WebApplicationContext: initialization completed in 1016 ms
WARN 2020-05-07 23:33:06.716 [main] o.s.b.w.s.c.AnnotationConfigServletWebServerApplicationContext-Exception encountered during context initialization - cancelling refresh attempt: org.springframework.beans.factory.UnsatisfiedDependencyException: Error creating bean with name '/v1/user': Unsatisfied dependency expressed through field 'baseService'; nested exception is org.springframework.beans.factory.UnsatisfiedDependencyException: Error creating bean with name 'userServiceImpl': Unsatisfied dependency expressed through field 'mapper'; nested exception is org.springframework.beans.factory.NoSuchBeanDefinitionException: No qualifying bean of type 'com.example.demo.base.dao.BaseMapper<com.example.demo.user.vo.User>' available: expected at least 1 bean which qualifies as autowire candidate. Dependency annotations: {@org.springframework.beans.factory.annotation.Autowired(required=true)}
INFO 2020-05-07 23:33:06.718 [main] o.a.catalina.core.StandardService-Stopping service [Tomcat]
INFO 2020-05-07 23:33:06.730 [main] o.s.b.a.l.ConditionEvaluationReportLoggingListener-

Error starting ApplicationContext. To display the conditions report re-run your application with 'debug' enabled.
ERROR2020-05-07 23:33:06.804 [main] o.s.b.d.LoggingFailureAnalysisReporter-

***************************
APPLICATION FAILED TO START
***************************

Description:

Field mapper in com.example.demo.base.service.impl.BaseServiceImpl required a bean of type 'com.example.demo.base.dao.BaseMapper' that could not be found.

The injection point has the following annotations:
	- @org.springframework.beans.factory.annotation.Autowired(required=true)


Action:

Consider defining a bean of type 'com.example.demo.base.dao.BaseMapper' in your configuration.

INFO 2020-05-07 23:33:20.832 [main] com.example.demo.DemoApplication-Starting DemoApplication on LAPTOP-C1QADBMM with PID 28448 (D:\example\target\classes started by Tyler Wong in D:\example)
INFO 2020-05-07 23:33:20.834 [main] com.example.demo.DemoApplication-The following profiles are active: dev
WARN 2020-05-07 23:33:21.311 [main] o.m.s.mapper.ClassPathMapperScanner-No MyBatis mapper was found in '[com.example.demo]' package. Please check your configuration.
INFO 2020-05-07 23:33:21.676 [main] o.s.b.w.e.tomcat.TomcatWebServer-Tomcat initialized with port(s): 8081 (http)
INFO 2020-05-07 23:33:21.683 [main] o.a.coyote.http11.Http11NioProtocol-Initializing ProtocolHandler ["http-nio-8081"]
INFO 2020-05-07 23:33:21.684 [main] o.a.catalina.core.StandardService-Starting service [Tomcat]
INFO 2020-05-07 23:33:21.684 [main] o.a.catalina.core.StandardEngine-Starting Servlet engine: [Apache Tomcat/9.0.31]
INFO 2020-05-07 23:33:21.765 [main] o.a.c.c.C.[Tomcat].[localhost].[/]-Initializing Spring embedded WebApplicationContext
INFO 2020-05-07 23:33:21.765 [main] o.s.web.context.ContextLoader-Root WebApplicationContext: initialization completed in 885 ms
WARN 2020-05-07 23:33:21.810 [main] o.s.b.w.s.c.AnnotationConfigServletWebServerApplicationContext-Exception encountered during context initialization - cancelling refresh attempt: org.springframework.beans.factory.UnsatisfiedDependencyException: Error creating bean with name '/v1/user': Unsatisfied dependency expressed through field 'baseService'; nested exception is org.springframework.beans.factory.UnsatisfiedDependencyException: Error creating bean with name 'userServiceImpl': Unsatisfied dependency expressed through field 'mapper'; nested exception is org.springframework.beans.factory.NoSuchBeanDefinitionException: No qualifying bean of type 'com.example.demo.base.dao.BaseMapper<com.example.demo.user.vo.User>' available: expected at least 1 bean which qualifies as autowire candidate. Dependency annotations: {@org.springframework.beans.factory.annotation.Autowired(required=true)}
INFO 2020-05-07 23:33:21.813 [main] o.a.catalina.core.StandardService-Stopping service [Tomcat]
INFO 2020-05-07 23:33:21.823 [main] o.s.b.a.l.ConditionEvaluationReportLoggingListener-

Error starting ApplicationContext. To display the conditions report re-run your application with 'debug' enabled.
ERROR2020-05-07 23:33:21.894 [main] o.s.b.d.LoggingFailureAnalysisReporter-

***************************
APPLICATION FAILED TO START
***************************

Description:

Field mapper in com.example.demo.base.service.impl.BaseServiceImpl required a bean of type 'com.example.demo.base.dao.BaseMapper' that could not be found.

The injection point has the following annotations:
	- @org.springframework.beans.factory.annotation.Autowired(required=true)


Action:

Consider defining a bean of type 'com.example.demo.base.dao.BaseMapper' in your configuration.

INFO 2020-05-07 23:45:08.352 [main] com.example.demo.DemoApplication-Starting DemoApplication on LAPTOP-C1QADBMM with PID 3156 (D:\example\target\classes started by Tyler Wong in D:\example)
INFO 2020-05-07 23:45:08.355 [main] com.example.demo.DemoApplication-The following profiles are active: dev
WARN 2020-05-07 23:45:08.961 [main] o.m.s.mapper.ClassPathMapperScanner-No MyBatis mapper was found in '[com.example.demo]' package. Please check your configuration.
INFO 2020-05-07 23:45:09.371 [main] o.s.b.w.e.tomcat.TomcatWebServer-Tomcat initialized with port(s): 8081 (http)
INFO 2020-05-07 23:45:09.380 [main] o.a.coyote.http11.Http11NioProtocol-Initializing ProtocolHandler ["http-nio-8081"]
INFO 2020-05-07 23:45:09.381 [main] o.a.catalina.core.StandardService-Starting service [Tomcat]
INFO 2020-05-07 23:45:09.381 [main] o.a.catalina.core.StandardEngine-Starting Servlet engine: [Apache Tomcat/9.0.31]
INFO 2020-05-07 23:45:09.468 [main] o.a.c.c.C.[Tomcat].[localhost].[/]-Initializing Spring embedded WebApplicationContext
INFO 2020-05-07 23:45:09.468 [main] o.s.web.context.ContextLoader-Root WebApplicationContext: initialization completed in 1060 ms
WARN 2020-05-07 23:45:09.521 [main] o.s.b.w.s.c.AnnotationConfigServletWebServerApplicationContext-Exception encountered during context initialization - cancelling refresh attempt: org.springframework.beans.factory.UnsatisfiedDependencyException: Error creating bean with name '/v1/user': Unsatisfied dependency expressed through field 'baseService'; nested exception is org.springframework.beans.factory.UnsatisfiedDependencyException: Error creating bean with name 'userServiceImpl': Unsatisfied dependency expressed through field 'mapper'; nested exception is org.springframework.beans.factory.NoSuchBeanDefinitionException: No qualifying bean of type 'com.example.demo.base.dao.BaseMapper<com.example.demo.user.vo.User>' available: expected at least 1 bean which qualifies as autowire candidate. Dependency annotations: {@org.springframework.beans.factory.annotation.Autowired(required=true)}
INFO 2020-05-07 23:45:09.524 [main] o.a.catalina.core.StandardService-Stopping service [Tomcat]
INFO 2020-05-07 23:45:09.535 [main] o.s.b.a.l.ConditionEvaluationReportLoggingListener-

Error starting ApplicationContext. To display the conditions report re-run your application with 'debug' enabled.
ERROR2020-05-07 23:45:09.632 [main] o.s.b.d.LoggingFailureAnalysisReporter-

***************************
APPLICATION FAILED TO START
***************************

Description:

Field mapper in com.example.demo.base.service.impl.BaseServiceImpl required a bean of type 'com.example.demo.base.dao.BaseMapper' that could not be found.

The injection point has the following annotations:
	- @org.springframework.beans.factory.annotation.Autowired(required=true)


Action:

Consider defining a bean of type 'com.example.demo.base.dao.BaseMapper' in your configuration.

INFO 2020-05-07 23:54:45.906 [main] com.example.demo.DemoApplication-Starting DemoApplication on LAPTOP-C1QADBMM with PID 5904 (D:\example\target\classes started by Tyler Wong in D:\example)
INFO 2020-05-07 23:54:45.912 [main] com.example.demo.DemoApplication-The following profiles are active: dev
WARN 2020-05-07 23:54:46.479 [main] o.m.s.mapper.ClassPathMapperScanner-No MyBatis mapper was found in '[com.example.demo]' package. Please check your configuration.
INFO 2020-05-07 23:54:46.890 [main] o.s.b.w.e.tomcat.TomcatWebServer-Tomcat initialized with port(s): 8081 (http)
INFO 2020-05-07 23:54:46.898 [main] o.a.coyote.http11.Http11NioProtocol-Initializing ProtocolHandler ["http-nio-8081"]
INFO 2020-05-07 23:54:46.898 [main] o.a.catalina.core.StandardService-Starting service [Tomcat]
INFO 2020-05-07 23:54:46.898 [main] o.a.catalina.core.StandardEngine-Starting Servlet engine: [Apache Tomcat/9.0.31]
INFO 2020-05-07 23:54:46.974 [main] o.a.c.c.C.[Tomcat].[localhost].[/]-Initializing Spring embedded WebApplicationContext
INFO 2020-05-07 23:54:46.975 [main] o.s.web.context.ContextLoader-Root WebApplicationContext: initialization completed in 1013 ms
WARN 2020-05-07 23:54:47.022 [main] o.s.b.w.s.c.AnnotationConfigServletWebServerApplicationContext-Exception encountered during context initialization - cancelling refresh attempt: org.springframework.beans.factory.UnsatisfiedDependencyException: Error creating bean with name '/v1/user': Unsatisfied dependency expressed through field 'baseService'; nested exception is org.springframework.beans.factory.UnsatisfiedDependencyException: Error creating bean with name 'userServiceImpl': Unsatisfied dependency expressed through field 'mapper'; nested exception is org.springframework.beans.factory.NoSuchBeanDefinitionException: No qualifying bean of type 'com.example.demo.base.dao.BaseMapper<com.example.demo.user.vo.User>' available: expected at least 1 bean which qualifies as autowire candidate. Dependency annotations: {@org.springframework.beans.factory.annotation.Autowired(required=true)}
INFO 2020-05-07 23:54:47.024 [main] o.a.catalina.core.StandardService-Stopping service [Tomcat]
INFO 2020-05-07 23:54:47.036 [main] o.s.b.a.l.ConditionEvaluationReportLoggingListener-

Error starting ApplicationContext. To display the conditions report re-run your application with 'debug' enabled.
ERROR2020-05-07 23:54:47.115 [main] o.s.b.d.LoggingFailureAnalysisReporter-

***************************
APPLICATION FAILED TO START
***************************

Description:

Field mapper in com.example.demo.base.service.impl.BaseServiceImpl required a bean of type 'com.example.demo.base.dao.BaseMapper' that could not be found.

The injection point has the following annotations:
	- @org.springframework.beans.factory.annotation.Autowired(required=true)


Action:

Consider defining a bean of type 'com.example.demo.base.dao.BaseMapper' in your configuration.

