INFO 2020-05-08 00:01:15.613 [main] com.example.demo.DemoApplication-Starting DemoApplication on LAPTOP-C1QADBMM with PID 25112 (D:\example\target\classes started by Tyler Wong in D:\example)
INFO 2020-05-08 00:01:15.615 [main] com.example.demo.DemoApplication-The following profiles are active: dev
WARN 2020-05-08 00:01:16.081 [main] t.m.s.mapper.ClassPathMapperScanner-No MyBatis mapper was found in '[com.example.demo]' package. Please check your configuration.
INFO 2020-05-08 00:01:16.499 [main] o.s.b.w.e.tomcat.TomcatWebServer-Tomcat initialized with port(s): 8081 (http)
INFO 2020-05-08 00:01:16.506 [main] o.a.coyote.http11.Http11NioProtocol-Initializing ProtocolHandler ["http-nio-8081"]
INFO 2020-05-08 00:01:16.512 [main] o.a.catalina.core.StandardService-Starting service [Tomcat]
INFO 2020-05-08 00:01:16.512 [main] o.a.catalina.core.StandardEngine-Starting Servlet engine: [Apache Tomcat/9.0.31]
INFO 2020-05-08 00:01:16.584 [main] o.a.c.c.C.[Tomcat].[localhost].[/]-Initializing Spring embedded WebApplicationContext
INFO 2020-05-08 00:01:16.584 [main] o.s.web.context.ContextLoader-Root WebApplicationContext: initialization completed in 917 ms
INFO 2020-05-08 00:01:16.843 [main] o.s.s.c.ThreadPoolTaskExecutor-Initializing ExecutorService 'applicationTaskExecutor'
INFO 2020-05-08 00:01:16.986 [main] t.m.m.a.MapperCacheDisabler-Clear tk.mybatis.mapper.util.MsUtil CLASS_CACHE cache.
INFO 2020-05-08 00:01:16.986 [main] t.m.m.a.MapperCacheDisabler-Clear tk.mybatis.mapper.genid.GenIdUtil CACHE cache.
INFO 2020-05-08 00:01:16.987 [main] t.m.m.a.MapperCacheDisabler-Clear tk.mybatis.mapper.version.VersionUtil CACHE cache.
INFO 2020-05-08 00:01:16.988 [main] t.m.m.a.MapperCacheDisabler-Clear EntityHelper entityTableMap cache.
INFO 2020-05-08 00:01:17.041 [main] com.zaxxer.hikari.HikariDataSource-HikariPool-1 - Starting...
WARN 2020-05-08 00:01:17.042 [main] c.z.hikari.util.DriverDataSource-Registered driver with driverClassName=com.mysql.jdbc.Driver was not found, trying direct instantiation.
INFO 2020-05-08 00:01:17.484 [main] com.zaxxer.hikari.HikariDataSource-HikariPool-1 - Start completed.
INFO 2020-05-08 00:01:18.324 [main] liquibase.executor.jvm.JdbcExecutor-SELECT COUNT(*) FROM test.DATABASECHANGELOGLOCK
INFO 2020-05-08 00:01:18.335 [main] liquibase.executor.jvm.JdbcExecutor-SELECT COUNT(*) FROM test.DATABASECHANGELOGLOCK
INFO 2020-05-08 00:01:18.338 [main] liquibase.executor.jvm.JdbcExecutor-SELECT `LOCKED` FROM test.DATABASECHANGELOGLOCK WHERE ID=1
INFO 2020-05-08 00:01:18.352 [main] l.lockservice.StandardLockService-Successfully acquired change log lock
INFO 2020-05-08 00:01:19.522 [main] l.changelog.DatabaseChangeLog-Reading resource: liquibase/changelog/changelog-tyler-1.0.sql
INFO 2020-05-08 00:01:19.586 [main] liquibase.executor.jvm.JdbcExecutor-SELECT MD5SUM FROM test.DATABASECHANGELOG WHERE MD5SUM IS NOT NULL LIMIT 1
INFO 2020-05-08 00:01:19.588 [main] liquibase.executor.jvm.JdbcExecutor-SELECT COUNT(*) FROM test.DATABASECHANGELOG
INFO 2020-05-08 00:01:19.590 [main] l.c.StandardChangeLogHistoryService-Reading from test.DATABASECHANGELOG
INFO 2020-05-08 00:01:19.590 [main] liquibase.executor.jvm.JdbcExecutor-SELECT * FROM test.DATABASECHANGELOG ORDER BY DATEEXECUTED ASC, ORDEREXECUTED ASC
INFO 2020-05-08 00:01:19.596 [main] l.lockservice.StandardLockService-Successfully released change log lock
INFO 2020-05-08 00:01:19.645 [main] o.a.coyote.http11.Http11NioProtocol-Starting ProtocolHandler ["http-nio-8081"]
INFO 2020-05-08 00:01:19.664 [main] o.s.b.w.e.tomcat.TomcatWebServer-Tomcat started on port(s): 8081 (http) with context path ''
INFO 2020-05-08 00:01:19.666 [main] com.example.demo.DemoApplication-Started DemoApplication in 4.693 seconds (JVM running for 5.504)
INFO 2020-05-08 00:01:33.421 [http-nio-8081-exec-2] o.a.c.c.C.[Tomcat].[localhost].[/]-Initializing Spring DispatcherServlet 'dispatcherServlet'
INFO 2020-05-08 00:01:33.421 [http-nio-8081-exec-2] o.s.web.servlet.DispatcherServlet-Initializing Servlet 'dispatcherServlet'
INFO 2020-05-08 00:01:33.427 [http-nio-8081-exec-2] o.s.web.servlet.DispatcherServlet-Completed initialization in 5 ms
INFO 2020-05-08 00:01:52.879 [http-nio-8081-exec-3] c.e.d.b.service.impl.BaseServiceImpl-Add one object start
ERROR2020-05-08 00:01:52.896 [http-nio-8081-exec-3] c.e.d.b.service.impl.BaseServiceImpl-add object error
org.mybatis.spring.MyBatisSystemException: nested exception is org.apache.ibatis.builder.BuilderException: Error invoking SqlProvider method (tk.mybatis.mapper.provider.base.BaseInsertProvider.dynamicSQL).  Cause: java.lang.InstantiationException: tk.mybatis.mapper.provider.base.BaseInsertProvider
	at org.mybatis.spring.MyBatisExceptionTranslator.translateExceptionIfPossible(MyBatisExceptionTranslator.java:77)
	at org.mybatis.spring.SqlSessionTemplate$SqlSessionInterceptor.invoke(SqlSessionTemplate.java:446)
	at com.sun.proxy.$Proxy66.insert(Unknown Source)
	at org.mybatis.spring.SqlSessionTemplate.insert(SqlSessionTemplate.java:278)
	at org.apache.ibatis.binding.MapperMethod.execute(MapperMethod.java:58)
	at org.apache.ibatis.binding.MapperProxy.invoke(MapperProxy.java:59)
	at com.sun.proxy.$Proxy72.insert(Unknown Source)
	at com.example.demo.base.service.impl.BaseServiceImpl.insert(BaseServiceImpl.java:35)
	at sun.reflect.NativeMethodAccessorImpl.invoke0(Native Method)
	at sun.reflect.NativeMethodAccessorImpl.invoke(NativeMethodAccessorImpl.java:62)
	at sun.reflect.DelegatingMethodAccessorImpl.invoke(DelegatingMethodAccessorImpl.java:43)
	at java.lang.reflect.Method.invoke(Method.java:498)
	at org.springframework.aop.support.AopUtils.invokeJoinpointUsingReflection(AopUtils.java:344)
	at org.springframework.aop.framework.ReflectiveMethodInvocation.invokeJoinpoint(ReflectiveMethodInvocation.java:198)
	at org.springframework.aop.framework.ReflectiveMethodInvocation.proceed(ReflectiveMethodInvocation.java:163)
	at org.springframework.transaction.interceptor.TransactionAspectSupport.invokeWithinTransaction(TransactionAspectSupport.java:366)
	at org.springframework.transaction.interceptor.TransactionInterceptor.invoke(TransactionInterceptor.java:99)
	at org.springframework.aop.framework.ReflectiveMethodInvocation.proceed(ReflectiveMethodInvocation.java:186)
	at org.springframework.aop.framework.JdkDynamicAopProxy.invoke(JdkDynamicAopProxy.java:212)
	at com.sun.proxy.$Proxy73.insert(Unknown Source)
	at com.example.demo.base.controller.BaseController.AddObject(BaseController.java:25)
	at sun.reflect.NativeMethodAccessorImpl.invoke0(Native Method)
	at sun.reflect.NativeMethodAccessorImpl.invoke(NativeMethodAccessorImpl.java:62)
	at sun.reflect.DelegatingMethodAccessorImpl.invoke(DelegatingMethodAccessorImpl.java:43)
	at java.lang.reflect.Method.invoke(Method.java:498)
	at org.springframework.web.method.support.InvocableHandlerMethod.doInvoke(InvocableHandlerMethod.java:190)
	at org.springframework.web.method.support.InvocableHandlerMethod.invokeForRequest(InvocableHandlerMethod.java:138)
	at org.springframework.web.servlet.mvc.method.annotation.ServletInvocableHandlerMethod.invokeAndHandle(ServletInvocableHandlerMethod.java:106)
	at org.springframework.web.servlet.mvc.method.annotation.RequestMappingHandlerAdapter.invokeHandlerMethod(RequestMappingHandlerAdapter.java:879)
	at org.springframework.web.servlet.mvc.method.annotation.RequestMappingHandlerAdapter.handleInternal(RequestMappingHandlerAdapter.java:793)
	at org.springframework.web.servlet.mvc.method.AbstractHandlerMethodAdapter.handle(AbstractHandlerMethodAdapter.java:87)
	at org.springframework.web.servlet.DispatcherServlet.doDispatch(DispatcherServlet.java:1040)
	at org.springframework.web.servlet.DispatcherServlet.doService(DispatcherServlet.java:943)
	at org.springframework.web.servlet.FrameworkServlet.processRequest(FrameworkServlet.java:1006)
	at org.springframework.web.servlet.FrameworkServlet.doPost(FrameworkServlet.java:909)
	at javax.servlet.http.HttpServlet.service(HttpServlet.java:660)
	at org.springframework.web.servlet.FrameworkServlet.service(FrameworkServlet.java:883)
	at javax.servlet.http.HttpServlet.service(HttpServlet.java:741)
	at org.apache.catalina.core.ApplicationFilterChain.internalDoFilter(ApplicationFilterChain.java:231)
	at org.apache.catalina.core.ApplicationFilterChain.doFilter(ApplicationFilterChain.java:166)
	at org.apache.tomcat.websocket.server.WsFilter.doFilter(WsFilter.java:53)
	at org.apache.catalina.core.ApplicationFilterChain.internalDoFilter(ApplicationFilterChain.java:193)
	at org.apache.catalina.core.ApplicationFilterChain.doFilter(ApplicationFilterChain.java:166)
	at org.springframework.web.filter.RequestContextFilter.doFilterInternal(RequestContextFilter.java:100)
	at org.springframework.web.filter.OncePerRequestFilter.doFilter(OncePerRequestFilter.java:119)
	at org.apache.catalina.core.ApplicationFilterChain.internalDoFilter(ApplicationFilterChain.java:193)
	at org.apache.catalina.core.ApplicationFilterChain.doFilter(ApplicationFilterChain.java:166)
	at org.springframework.web.filter.FormContentFilter.doFilterInternal(FormContentFilter.java:93)
	at org.springframework.web.filter.OncePerRequestFilter.doFilter(OncePerRequestFilter.java:119)
	at org.apache.catalina.core.ApplicationFilterChain.internalDoFilter(ApplicationFilterChain.java:193)
	at org.apache.catalina.core.ApplicationFilterChain.doFilter(ApplicationFilterChain.java:166)
	at org.springframework.web.filter.CharacterEncodingFilter.doFilterInternal(CharacterEncodingFilter.java:201)
	at org.springframework.web.filter.OncePerRequestFilter.doFilter(OncePerRequestFilter.java:119)
	at org.apache.catalina.core.ApplicationFilterChain.internalDoFilter(ApplicationFilterChain.java:193)
	at org.apache.catalina.core.ApplicationFilterChain.doFilter(ApplicationFilterChain.java:166)
	at org.apache.catalina.core.StandardWrapperValve.invoke(StandardWrapperValve.java:202)
	at org.apache.catalina.core.StandardContextValve.invoke(StandardContextValve.java:96)
	at org.apache.catalina.authenticator.AuthenticatorBase.invoke(AuthenticatorBase.java:541)
	at org.apache.catalina.core.StandardHostValve.invoke(StandardHostValve.java:139)
	at org.apache.catalina.valves.ErrorReportValve.invoke(ErrorReportValve.java:92)
	at org.apache.catalina.core.StandardEngineValve.invoke(StandardEngineValve.java:74)
	at org.apache.catalina.connector.CoyoteAdapter.service(CoyoteAdapter.java:343)
	at org.apache.coyote.http11.Http11Processor.service(Http11Processor.java:367)
	at org.apache.coyote.AbstractProcessorLight.process(AbstractProcessorLight.java:65)
	at org.apache.coyote.AbstractProtocol$ConnectionHandler.process(AbstractProtocol.java:868)
	at org.apache.tomcat.util.net.NioEndpoint$SocketProcessor.doRun(NioEndpoint.java:1639)
	at org.apache.tomcat.util.net.SocketProcessorBase.run(SocketProcessorBase.java:49)
	at java.util.concurrent.ThreadPoolExecutor.runWorker(ThreadPoolExecutor.java:1149)
	at java.util.concurrent.ThreadPoolExecutor$Worker.run(ThreadPoolExecutor.java:624)
	at org.apache.tomcat.util.threads.TaskThread$WrappingRunnable.run(TaskThread.java:61)
	at java.lang.Thread.run(Thread.java:748)
Caused by: org.apache.ibatis.builder.BuilderException: Error invoking SqlProvider method (tk.mybatis.mapper.provider.base.BaseInsertProvider.dynamicSQL).  Cause: java.lang.InstantiationException: tk.mybatis.mapper.provider.base.BaseInsertProvider
	at org.apache.ibatis.builder.annotation.ProviderSqlSource.createSqlSource(ProviderSqlSource.java:134)
	at org.apache.ibatis.builder.annotation.ProviderSqlSource.getBoundSql(ProviderSqlSource.java:102)
	at org.apache.ibatis.mapping.MappedStatement.getBoundSql(MappedStatement.java:292)
	at org.apache.ibatis.executor.statement.BaseStatementHandler.<init>(BaseStatementHandler.java:64)
	at org.apache.ibatis.executor.statement.PreparedStatementHandler.<init>(PreparedStatementHandler.java:40)
	at org.apache.ibatis.executor.statement.RoutingStatementHandler.<init>(RoutingStatementHandler.java:46)
	at org.apache.ibatis.session.Configuration.newStatementHandler(Configuration.java:558)
	at org.apache.ibatis.executor.SimpleExecutor.doUpdate(SimpleExecutor.java:48)
	at org.apache.ibatis.executor.BaseExecutor.update(BaseExecutor.java:117)
	at org.apache.ibatis.executor.CachingExecutor.update(CachingExecutor.java:76)
	at sun.reflect.NativeMethodAccessorImpl.invoke0(Native Method)
	at sun.reflect.NativeMethodAccessorImpl.invoke(NativeMethodAccessorImpl.java:62)
	at sun.reflect.DelegatingMethodAccessorImpl.invoke(DelegatingMethodAccessorImpl.java:43)
	at java.lang.reflect.Method.invoke(Method.java:498)
	at org.apache.ibatis.plugin.Plugin.invoke(Plugin.java:63)
	at com.sun.proxy.$Proxy97.update(Unknown Source)
	at org.apache.ibatis.session.defaults.DefaultSqlSession.update(DefaultSqlSession.java:198)
	at org.apache.ibatis.session.defaults.DefaultSqlSession.insert(DefaultSqlSession.java:185)
	at sun.reflect.NativeMethodAccessorImpl.invoke0(Native Method)
	at sun.reflect.NativeMethodAccessorImpl.invoke(NativeMethodAccessorImpl.java:62)
	at sun.reflect.DelegatingMethodAccessorImpl.invoke(DelegatingMethodAccessorImpl.java:43)
	at java.lang.reflect.Method.invoke(Method.java:498)
	at org.mybatis.spring.SqlSessionTemplate$SqlSessionInterceptor.invoke(SqlSessionTemplate.java:433)
	... 69 common frames omitted
Caused by: java.lang.InstantiationException: tk.mybatis.mapper.provider.base.BaseInsertProvider
	at java.lang.Class.newInstance(Class.java:427)
	at org.apache.ibatis.builder.annotation.ProviderSqlSource.invokeProviderMethod(ProviderSqlSource.java:165)
	at org.apache.ibatis.builder.annotation.ProviderSqlSource.createSqlSource(ProviderSqlSource.java:116)
	... 91 common frames omitted
Caused by: java.lang.NoSuchMethodException: tk.mybatis.mapper.provider.base.BaseInsertProvider.<init>()
	at java.lang.Class.getConstructor0(Class.java:3082)
	at java.lang.Class.newInstance(Class.java:412)
	... 93 common frames omitted
INFO 2020-05-08 00:02:06.991 [SpringContextShutdownHook] o.s.s.c.ThreadPoolTaskExecutor-Shutting down ExecutorService 'applicationTaskExecutor'
INFO 2020-05-08 00:02:06.991 [SpringContextShutdownHook] com.zaxxer.hikari.HikariDataSource-HikariPool-1 - Shutdown initiated...
INFO 2020-05-08 00:02:06.994 [SpringContextShutdownHook] com.zaxxer.hikari.HikariDataSource-HikariPool-1 - Shutdown completed.
INFO 2020-05-08 00:02:31.770 [main] com.example.demo.DemoApplication-Starting DemoApplication on LAPTOP-C1QADBMM with PID 16004 (D:\example\target\classes started by Tyler Wong in D:\example)
INFO 2020-05-08 00:02:31.775 [main] com.example.demo.DemoApplication-The following profiles are active: dev
WARN 2020-05-08 00:02:32.691 [main] t.m.s.mapper.ClassPathMapperScanner-No MyBatis mapper was found in '[com.example.demo]' package. Please check your configuration.
INFO 2020-05-08 00:02:33.298 [main] o.s.b.w.e.tomcat.TomcatWebServer-Tomcat initialized with port(s): 8081 (http)
INFO 2020-05-08 00:02:33.309 [main] o.a.coyote.http11.Http11NioProtocol-Initializing ProtocolHandler ["http-nio-8081"]
INFO 2020-05-08 00:02:33.310 [main] o.a.catalina.core.StandardService-Starting service [Tomcat]
INFO 2020-05-08 00:02:33.310 [main] o.a.catalina.core.StandardEngine-Starting Servlet engine: [Apache Tomcat/9.0.31]
INFO 2020-05-08 00:02:33.439 [main] o.a.c.c.C.[Tomcat].[localhost].[/]-Initializing Spring embedded WebApplicationContext
INFO 2020-05-08 00:02:33.439 [main] o.s.web.context.ContextLoader-Root WebApplicationContext: initialization completed in 1563 ms
INFO 2020-05-08 00:02:33.937 [main] o.s.s.c.ThreadPoolTaskExecutor-Initializing ExecutorService 'applicationTaskExecutor'
INFO 2020-05-08 00:02:34.243 [main] t.m.m.a.MapperCacheDisabler-Clear tk.mybatis.mapper.util.MsUtil CLASS_CACHE cache.
INFO 2020-05-08 00:02:34.244 [main] t.m.m.a.MapperCacheDisabler-Clear tk.mybatis.mapper.genid.GenIdUtil CACHE cache.
INFO 2020-05-08 00:02:34.244 [main] t.m.m.a.MapperCacheDisabler-Clear tk.mybatis.mapper.version.VersionUtil CACHE cache.
INFO 2020-05-08 00:02:34.245 [main] t.m.m.a.MapperCacheDisabler-Clear EntityHelper entityTableMap cache.
INFO 2020-05-08 00:02:34.377 [main] com.zaxxer.hikari.HikariDataSource-HikariPool-1 - Starting...
WARN 2020-05-08 00:02:34.380 [main] c.z.hikari.util.DriverDataSource-Registered driver with driverClassName=com.mysql.jdbc.Driver was not found, trying direct instantiation.
INFO 2020-05-08 00:02:34.974 [main] com.zaxxer.hikari.HikariDataSource-HikariPool-1 - Start completed.
INFO 2020-05-08 00:02:36.075 [main] liquibase.executor.jvm.JdbcExecutor-SELECT COUNT(*) FROM test.DATABASECHANGELOGLOCK
INFO 2020-05-08 00:02:36.086 [main] liquibase.executor.jvm.JdbcExecutor-SELECT COUNT(*) FROM test.DATABASECHANGELOGLOCK
INFO 2020-05-08 00:02:36.089 [main] liquibase.executor.jvm.JdbcExecutor-SELECT `LOCKED` FROM test.DATABASECHANGELOGLOCK WHERE ID=1
INFO 2020-05-08 00:02:36.110 [main] l.lockservice.StandardLockService-Successfully acquired change log lock
INFO 2020-05-08 00:02:38.092 [main] l.changelog.DatabaseChangeLog-Reading resource: liquibase/changelog/changelog-tyler-1.0.sql
INFO 2020-05-08 00:02:38.204 [main] liquibase.executor.jvm.JdbcExecutor-SELECT MD5SUM FROM test.DATABASECHANGELOG WHERE MD5SUM IS NOT NULL LIMIT 1
INFO 2020-05-08 00:02:38.207 [main] liquibase.executor.jvm.JdbcExecutor-SELECT COUNT(*) FROM test.DATABASECHANGELOG
INFO 2020-05-08 00:02:38.210 [main] l.c.StandardChangeLogHistoryService-Reading from test.DATABASECHANGELOG
INFO 2020-05-08 00:02:38.210 [main] liquibase.executor.jvm.JdbcExecutor-SELECT * FROM test.DATABASECHANGELOG ORDER BY DATEEXECUTED ASC, ORDEREXECUTED ASC
INFO 2020-05-08 00:02:38.224 [main] l.lockservice.StandardLockService-Successfully released change log lock
INFO 2020-05-08 00:02:38.298 [main] o.a.coyote.http11.Http11NioProtocol-Starting ProtocolHandler ["http-nio-8081"]
INFO 2020-05-08 00:02:38.353 [main] o.s.b.w.e.tomcat.TomcatWebServer-Tomcat started on port(s): 8081 (http) with context path ''
INFO 2020-05-08 00:02:38.358 [main] com.example.demo.DemoApplication-Started DemoApplication in 7.791 seconds (JVM running for 9.712)
INFO 2020-05-08 00:02:39.767 [http-nio-8081-exec-1] o.a.c.c.C.[Tomcat].[localhost].[/]-Initializing Spring DispatcherServlet 'dispatcherServlet'
INFO 2020-05-08 00:02:39.767 [http-nio-8081-exec-1] o.s.web.servlet.DispatcherServlet-Initializing Servlet 'dispatcherServlet'
INFO 2020-05-08 00:02:39.778 [http-nio-8081-exec-1] o.s.web.servlet.DispatcherServlet-Completed initialization in 10 ms
INFO 2020-05-08 00:02:40.028 [http-nio-8081-exec-1] c.e.d.b.service.impl.BaseServiceImpl-Add one object start
ERROR2020-05-08 00:02:40.060 [http-nio-8081-exec-1] c.e.d.b.service.impl.BaseServiceImpl-add object error
org.mybatis.spring.MyBatisSystemException: nested exception is org.apache.ibatis.builder.BuilderException: Error invoking SqlProvider method (tk.mybatis.mapper.provider.base.BaseInsertProvider.dynamicSQL).  Cause: java.lang.InstantiationException: tk.mybatis.mapper.provider.base.BaseInsertProvider
	at org.mybatis.spring.MyBatisExceptionTranslator.translateExceptionIfPossible(MyBatisExceptionTranslator.java:77)
	at org.mybatis.spring.SqlSessionTemplate$SqlSessionInterceptor.invoke(SqlSessionTemplate.java:446)
	at com.sun.proxy.$Proxy66.insert(Unknown Source)
	at org.mybatis.spring.SqlSessionTemplate.insert(SqlSessionTemplate.java:278)
	at org.apache.ibatis.binding.MapperMethod.execute(MapperMethod.java:58)
	at org.apache.ibatis.binding.MapperProxy.invoke(MapperProxy.java:59)
	at com.sun.proxy.$Proxy72.insert(Unknown Source)
	at com.example.demo.base.service.impl.BaseServiceImpl.insert(BaseServiceImpl.java:35)
	at sun.reflect.NativeMethodAccessorImpl.invoke0(Native Method)
	at sun.reflect.NativeMethodAccessorImpl.invoke(NativeMethodAccessorImpl.java:62)
	at sun.reflect.DelegatingMethodAccessorImpl.invoke(DelegatingMethodAccessorImpl.java:43)
	at java.lang.reflect.Method.invoke(Method.java:498)
	at org.springframework.aop.support.AopUtils.invokeJoinpointUsingReflection(AopUtils.java:344)
	at org.springframework.aop.framework.ReflectiveMethodInvocation.invokeJoinpoint(ReflectiveMethodInvocation.java:198)
	at org.springframework.aop.framework.ReflectiveMethodInvocation.proceed(ReflectiveMethodInvocation.java:163)
	at org.springframework.transaction.interceptor.TransactionAspectSupport.invokeWithinTransaction(TransactionAspectSupport.java:366)
	at org.springframework.transaction.interceptor.TransactionInterceptor.invoke(TransactionInterceptor.java:99)
	at org.springframework.aop.framework.ReflectiveMethodInvocation.proceed(ReflectiveMethodInvocation.java:186)
	at org.springframework.aop.framework.JdkDynamicAopProxy.invoke(JdkDynamicAopProxy.java:212)
	at com.sun.proxy.$Proxy73.insert(Unknown Source)
	at com.example.demo.base.controller.BaseController.AddObject(BaseController.java:25)
	at sun.reflect.NativeMethodAccessorImpl.invoke0(Native Method)
	at sun.reflect.NativeMethodAccessorImpl.invoke(NativeMethodAccessorImpl.java:62)
	at sun.reflect.DelegatingMethodAccessorImpl.invoke(DelegatingMethodAccessorImpl.java:43)
	at java.lang.reflect.Method.invoke(Method.java:498)
	at org.springframework.web.method.support.InvocableHandlerMethod.doInvoke(InvocableHandlerMethod.java:190)
	at org.springframework.web.method.support.InvocableHandlerMethod.invokeForRequest(InvocableHandlerMethod.java:138)
	at org.springframework.web.servlet.mvc.method.annotation.ServletInvocableHandlerMethod.invokeAndHandle(ServletInvocableHandlerMethod.java:106)
	at org.springframework.web.servlet.mvc.method.annotation.RequestMappingHandlerAdapter.invokeHandlerMethod(RequestMappingHandlerAdapter.java:879)
	at org.springframework.web.servlet.mvc.method.annotation.RequestMappingHandlerAdapter.handleInternal(RequestMappingHandlerAdapter.java:793)
	at org.springframework.web.servlet.mvc.method.AbstractHandlerMethodAdapter.handle(AbstractHandlerMethodAdapter.java:87)
	at org.springframework.web.servlet.DispatcherServlet.doDispatch(DispatcherServlet.java:1040)
	at org.springframework.web.servlet.DispatcherServlet.doService(DispatcherServlet.java:943)
	at org.springframework.web.servlet.FrameworkServlet.processRequest(FrameworkServlet.java:1006)
	at org.springframework.web.servlet.FrameworkServlet.doPost(FrameworkServlet.java:909)
	at javax.servlet.http.HttpServlet.service(HttpServlet.java:660)
	at org.springframework.web.servlet.FrameworkServlet.service(FrameworkServlet.java:883)
	at javax.servlet.http.HttpServlet.service(HttpServlet.java:741)
	at org.apache.catalina.core.ApplicationFilterChain.internalDoFilter(ApplicationFilterChain.java:231)
	at org.apache.catalina.core.ApplicationFilterChain.doFilter(ApplicationFilterChain.java:166)
	at org.apache.tomcat.websocket.server.WsFilter.doFilter(WsFilter.java:53)
	at org.apache.catalina.core.ApplicationFilterChain.internalDoFilter(ApplicationFilterChain.java:193)
	at org.apache.catalina.core.ApplicationFilterChain.doFilter(ApplicationFilterChain.java:166)
	at org.springframework.web.filter.RequestContextFilter.doFilterInternal(RequestContextFilter.java:100)
	at org.springframework.web.filter.OncePerRequestFilter.doFilter(OncePerRequestFilter.java:119)
	at org.apache.catalina.core.ApplicationFilterChain.internalDoFilter(ApplicationFilterChain.java:193)
	at org.apache.catalina.core.ApplicationFilterChain.doFilter(ApplicationFilterChain.java:166)
	at org.springframework.web.filter.FormContentFilter.doFilterInternal(FormContentFilter.java:93)
	at org.springframework.web.filter.OncePerRequestFilter.doFilter(OncePerRequestFilter.java:119)
	at org.apache.catalina.core.ApplicationFilterChain.internalDoFilter(ApplicationFilterChain.java:193)
	at org.apache.catalina.core.ApplicationFilterChain.doFilter(ApplicationFilterChain.java:166)
	at org.springframework.web.filter.CharacterEncodingFilter.doFilterInternal(CharacterEncodingFilter.java:201)
	at org.springframework.web.filter.OncePerRequestFilter.doFilter(OncePerRequestFilter.java:119)
	at org.apache.catalina.core.ApplicationFilterChain.internalDoFilter(ApplicationFilterChain.java:193)
	at org.apache.catalina.core.ApplicationFilterChain.doFilter(ApplicationFilterChain.java:166)
	at org.apache.catalina.core.StandardWrapperValve.invoke(StandardWrapperValve.java:202)
	at org.apache.catalina.core.StandardContextValve.invoke(StandardContextValve.java:96)
	at org.apache.catalina.authenticator.AuthenticatorBase.invoke(AuthenticatorBase.java:541)
	at org.apache.catalina.core.StandardHostValve.invoke(StandardHostValve.java:139)
	at org.apache.catalina.valves.ErrorReportValve.invoke(ErrorReportValve.java:92)
	at org.apache.catalina.core.StandardEngineValve.invoke(StandardEngineValve.java:74)
	at org.apache.catalina.connector.CoyoteAdapter.service(CoyoteAdapter.java:343)
	at org.apache.coyote.http11.Http11Processor.service(Http11Processor.java:367)
	at org.apache.coyote.AbstractProcessorLight.process(AbstractProcessorLight.java:65)
	at org.apache.coyote.AbstractProtocol$ConnectionHandler.process(AbstractProtocol.java:868)
	at org.apache.tomcat.util.net.NioEndpoint$SocketProcessor.doRun(NioEndpoint.java:1639)
	at org.apache.tomcat.util.net.SocketProcessorBase.run(SocketProcessorBase.java:49)
	at java.util.concurrent.ThreadPoolExecutor.runWorker(ThreadPoolExecutor.java:1149)
	at java.util.concurrent.ThreadPoolExecutor$Worker.run(ThreadPoolExecutor.java:624)
	at org.apache.tomcat.util.threads.TaskThread$WrappingRunnable.run(TaskThread.java:61)
	at java.lang.Thread.run(Thread.java:748)
Caused by: org.apache.ibatis.builder.BuilderException: Error invoking SqlProvider method (tk.mybatis.mapper.provider.base.BaseInsertProvider.dynamicSQL).  Cause: java.lang.InstantiationException: tk.mybatis.mapper.provider.base.BaseInsertProvider
	at org.apache.ibatis.builder.annotation.ProviderSqlSource.createSqlSource(ProviderSqlSource.java:134)
	at org.apache.ibatis.builder.annotation.ProviderSqlSource.getBoundSql(ProviderSqlSource.java:102)
	at org.apache.ibatis.mapping.MappedStatement.getBoundSql(MappedStatement.java:292)
	at org.apache.ibatis.executor.statement.BaseStatementHandler.<init>(BaseStatementHandler.java:64)
	at org.apache.ibatis.executor.statement.PreparedStatementHandler.<init>(PreparedStatementHandler.java:40)
	at org.apache.ibatis.executor.statement.RoutingStatementHandler.<init>(RoutingStatementHandler.java:46)
	at org.apache.ibatis.session.Configuration.newStatementHandler(Configuration.java:558)
	at org.apache.ibatis.executor.SimpleExecutor.doUpdate(SimpleExecutor.java:48)
	at org.apache.ibatis.executor.BaseExecutor.update(BaseExecutor.java:117)
	at org.apache.ibatis.executor.CachingExecutor.update(CachingExecutor.java:76)
	at sun.reflect.NativeMethodAccessorImpl.invoke0(Native Method)
	at sun.reflect.NativeMethodAccessorImpl.invoke(NativeMethodAccessorImpl.java:62)
	at sun.reflect.DelegatingMethodAccessorImpl.invoke(DelegatingMethodAccessorImpl.java:43)
	at java.lang.reflect.Method.invoke(Method.java:498)
	at org.apache.ibatis.plugin.Plugin.invoke(Plugin.java:63)
	at com.sun.proxy.$Proxy97.update(Unknown Source)
	at org.apache.ibatis.session.defaults.DefaultSqlSession.update(DefaultSqlSession.java:198)
	at org.apache.ibatis.session.defaults.DefaultSqlSession.insert(DefaultSqlSession.java:185)
	at sun.reflect.NativeMethodAccessorImpl.invoke0(Native Method)
	at sun.reflect.NativeMethodAccessorImpl.invoke(NativeMethodAccessorImpl.java:62)
	at sun.reflect.DelegatingMethodAccessorImpl.invoke(DelegatingMethodAccessorImpl.java:43)
	at java.lang.reflect.Method.invoke(Method.java:498)
	at org.mybatis.spring.SqlSessionTemplate$SqlSessionInterceptor.invoke(SqlSessionTemplate.java:433)
	... 69 common frames omitted
Caused by: java.lang.InstantiationException: tk.mybatis.mapper.provider.base.BaseInsertProvider
	at java.lang.Class.newInstance(Class.java:427)
	at org.apache.ibatis.builder.annotation.ProviderSqlSource.invokeProviderMethod(ProviderSqlSource.java:165)
	at org.apache.ibatis.builder.annotation.ProviderSqlSource.createSqlSource(ProviderSqlSource.java:116)
	... 91 common frames omitted
Caused by: java.lang.NoSuchMethodException: tk.mybatis.mapper.provider.base.BaseInsertProvider.<init>()
	at java.lang.Class.getConstructor0(Class.java:3082)
	at java.lang.Class.newInstance(Class.java:412)
	... 93 common frames omitted
INFO 2020-05-08 00:03:07.025 [SpringContextShutdownHook] o.s.s.c.ThreadPoolTaskExecutor-Shutting down ExecutorService 'applicationTaskExecutor'
INFO 2020-05-08 00:03:07.025 [SpringContextShutdownHook] com.zaxxer.hikari.HikariDataSource-HikariPool-1 - Shutdown initiated...
INFO 2020-05-08 00:03:07.034 [SpringContextShutdownHook] com.zaxxer.hikari.HikariDataSource-HikariPool-1 - Shutdown completed.
INFO 2020-05-08 00:03:12.541 [main] com.example.demo.DemoApplication-Starting DemoApplication on LAPTOP-C1QADBMM with PID 1276 (D:\example\target\classes started by Tyler Wong in D:\example)
INFO 2020-05-08 00:03:12.545 [main] com.example.demo.DemoApplication-The following profiles are active: dev
WARN 2020-05-08 00:03:13.192 [main] t.m.s.mapper.ClassPathMapperScanner-No MyBatis mapper was found in '[com.example.demo]' package. Please check your configuration.
INFO 2020-05-08 00:03:13.841 [main] o.s.b.w.e.tomcat.TomcatWebServer-Tomcat initialized with port(s): 8081 (http)
INFO 2020-05-08 00:03:13.849 [main] o.a.coyote.http11.Http11NioProtocol-Initializing ProtocolHandler ["http-nio-8081"]
INFO 2020-05-08 00:03:13.850 [main] o.a.catalina.core.StandardService-Starting service [Tomcat]
INFO 2020-05-08 00:03:13.850 [main] o.a.catalina.core.StandardEngine-Starting Servlet engine: [Apache Tomcat/9.0.31]
INFO 2020-05-08 00:03:13.935 [main] o.a.c.c.C.[Tomcat].[localhost].[/]-Initializing Spring embedded WebApplicationContext
INFO 2020-05-08 00:03:13.936 [main] o.s.web.context.ContextLoader-Root WebApplicationContext: initialization completed in 1324 ms
INFO 2020-05-08 00:03:14.213 [main] o.s.s.c.ThreadPoolTaskExecutor-Initializing ExecutorService 'applicationTaskExecutor'
INFO 2020-05-08 00:03:14.383 [main] t.m.m.a.MapperCacheDisabler-Clear tk.mybatis.mapper.util.MsUtil CLASS_CACHE cache.
INFO 2020-05-08 00:03:14.385 [main] t.m.m.a.MapperCacheDisabler-Clear tk.mybatis.mapper.genid.GenIdUtil CACHE cache.
INFO 2020-05-08 00:03:14.385 [main] t.m.m.a.MapperCacheDisabler-Clear tk.mybatis.mapper.version.VersionUtil CACHE cache.
INFO 2020-05-08 00:03:14.386 [main] t.m.m.a.MapperCacheDisabler-Clear EntityHelper entityTableMap cache.
INFO 2020-05-08 00:03:14.450 [main] com.zaxxer.hikari.HikariDataSource-HikariPool-1 - Starting...
WARN 2020-05-08 00:03:14.452 [main] c.z.hikari.util.DriverDataSource-Registered driver with driverClassName=com.mysql.jdbc.Driver was not found, trying direct instantiation.
INFO 2020-05-08 00:03:14.947 [main] com.zaxxer.hikari.HikariDataSource-HikariPool-1 - Start completed.
INFO 2020-05-08 00:03:16.029 [main] liquibase.executor.jvm.JdbcExecutor-SELECT COUNT(*) FROM test.DATABASECHANGELOGLOCK
INFO 2020-05-08 00:03:16.039 [main] liquibase.executor.jvm.JdbcExecutor-SELECT COUNT(*) FROM test.DATABASECHANGELOGLOCK
INFO 2020-05-08 00:03:16.042 [main] liquibase.executor.jvm.JdbcExecutor-SELECT `LOCKED` FROM test.DATABASECHANGELOGLOCK WHERE ID=1
INFO 2020-05-08 00:03:16.055 [main] l.lockservice.StandardLockService-Successfully acquired change log lock
INFO 2020-05-08 00:03:17.325 [main] l.changelog.DatabaseChangeLog-Reading resource: liquibase/changelog/changelog-tyler-1.0.sql
INFO 2020-05-08 00:03:17.418 [main] liquibase.executor.jvm.JdbcExecutor-SELECT MD5SUM FROM test.DATABASECHANGELOG WHERE MD5SUM IS NOT NULL LIMIT 1
INFO 2020-05-08 00:03:17.420 [main] liquibase.executor.jvm.JdbcExecutor-SELECT COUNT(*) FROM test.DATABASECHANGELOG
INFO 2020-05-08 00:03:17.423 [main] l.c.StandardChangeLogHistoryService-Reading from test.DATABASECHANGELOG
INFO 2020-05-08 00:03:17.423 [main] liquibase.executor.jvm.JdbcExecutor-SELECT * FROM test.DATABASECHANGELOG ORDER BY DATEEXECUTED ASC, ORDEREXECUTED ASC
INFO 2020-05-08 00:03:17.439 [main] l.lockservice.StandardLockService-Successfully released change log lock
INFO 2020-05-08 00:03:17.524 [main] o.a.coyote.http11.Http11NioProtocol-Starting ProtocolHandler ["http-nio-8081"]
INFO 2020-05-08 00:03:17.554 [main] o.s.b.w.e.tomcat.TomcatWebServer-Tomcat started on port(s): 8081 (http) with context path ''
INFO 2020-05-08 00:03:17.557 [main] com.example.demo.DemoApplication-Started DemoApplication in 5.849 seconds (JVM running for 6.817)
INFO 2020-05-08 00:03:23.538 [SpringContextShutdownHook] o.s.s.c.ThreadPoolTaskExecutor-Shutting down ExecutorService 'applicationTaskExecutor'
INFO 2020-05-08 00:03:23.538 [SpringContextShutdownHook] com.zaxxer.hikari.HikariDataSource-HikariPool-1 - Shutdown initiated...
INFO 2020-05-08 00:03:23.541 [SpringContextShutdownHook] com.zaxxer.hikari.HikariDataSource-HikariPool-1 - Shutdown completed.
INFO 2020-05-08 00:03:26.613 [main] com.example.demo.DemoApplication-Starting DemoApplication on LAPTOP-C1QADBMM with PID 25084 (D:\example\target\classes started by Tyler Wong in D:\example)
INFO 2020-05-08 00:03:26.616 [main] com.example.demo.DemoApplication-The following profiles are active: dev
WARN 2020-05-08 00:03:27.124 [main] t.m.s.mapper.ClassPathMapperScanner-No MyBatis mapper was found in '[com.example.demo]' package. Please check your configuration.
INFO 2020-05-08 00:03:27.615 [main] o.s.b.w.e.tomcat.TomcatWebServer-Tomcat initialized with port(s): 8081 (http)
INFO 2020-05-08 00:03:27.623 [main] o.a.coyote.http11.Http11NioProtocol-Initializing ProtocolHandler ["http-nio-8081"]
INFO 2020-05-08 00:03:27.623 [main] o.a.catalina.core.StandardService-Starting service [Tomcat]
INFO 2020-05-08 00:03:27.623 [main] o.a.catalina.core.StandardEngine-Starting Servlet engine: [Apache Tomcat/9.0.31]
INFO 2020-05-08 00:03:27.718 [main] o.a.c.c.C.[Tomcat].[localhost].[/]-Initializing Spring embedded WebApplicationContext
INFO 2020-05-08 00:03:27.718 [main] o.s.web.context.ContextLoader-Root WebApplicationContext: initialization completed in 1059 ms
INFO 2020-05-08 00:03:27.976 [main] o.s.s.c.ThreadPoolTaskExecutor-Initializing ExecutorService 'applicationTaskExecutor'
INFO 2020-05-08 00:03:28.130 [main] t.m.m.a.MapperCacheDisabler-Clear tk.mybatis.mapper.util.MsUtil CLASS_CACHE cache.
INFO 2020-05-08 00:03:28.130 [main] t.m.m.a.MapperCacheDisabler-Clear tk.mybatis.mapper.genid.GenIdUtil CACHE cache.
INFO 2020-05-08 00:03:28.131 [main] t.m.m.a.MapperCacheDisabler-Clear tk.mybatis.mapper.version.VersionUtil CACHE cache.
INFO 2020-05-08 00:03:28.132 [main] t.m.m.a.MapperCacheDisabler-Clear EntityHelper entityTableMap cache.
INFO 2020-05-08 00:03:28.188 [main] com.zaxxer.hikari.HikariDataSource-HikariPool-1 - Starting...
INFO 2020-05-08 00:03:28.662 [main] com.zaxxer.hikari.HikariDataSource-HikariPool-1 - Start completed.
INFO 2020-05-08 00:03:29.647 [main] liquibase.executor.jvm.JdbcExecutor-SELECT COUNT(*) FROM test.DATABASECHANGELOGLOCK
INFO 2020-05-08 00:03:29.655 [main] liquibase.executor.jvm.JdbcExecutor-SELECT COUNT(*) FROM test.DATABASECHANGELOGLOCK
INFO 2020-05-08 00:03:29.658 [main] liquibase.executor.jvm.JdbcExecutor-SELECT `LOCKED` FROM test.DATABASECHANGELOGLOCK WHERE ID=1
INFO 2020-05-08 00:03:29.671 [main] l.lockservice.StandardLockService-Successfully acquired change log lock
INFO 2020-05-08 00:03:30.972 [main] l.changelog.DatabaseChangeLog-Reading resource: liquibase/changelog/changelog-tyler-1.0.sql
INFO 2020-05-08 00:03:31.044 [main] liquibase.executor.jvm.JdbcExecutor-SELECT MD5SUM FROM test.DATABASECHANGELOG WHERE MD5SUM IS NOT NULL LIMIT 1
INFO 2020-05-08 00:03:31.045 [main] liquibase.executor.jvm.JdbcExecutor-SELECT COUNT(*) FROM test.DATABASECHANGELOG
INFO 2020-05-08 00:03:31.047 [main] l.c.StandardChangeLogHistoryService-Reading from test.DATABASECHANGELOG
INFO 2020-05-08 00:03:31.047 [main] liquibase.executor.jvm.JdbcExecutor-SELECT * FROM test.DATABASECHANGELOG ORDER BY DATEEXECUTED ASC, ORDEREXECUTED ASC
INFO 2020-05-08 00:03:31.055 [main] l.lockservice.StandardLockService-Successfully released change log lock
INFO 2020-05-08 00:03:31.106 [main] o.a.coyote.http11.Http11NioProtocol-Starting ProtocolHandler ["http-nio-8081"]
INFO 2020-05-08 00:03:31.128 [main] o.s.b.w.e.tomcat.TomcatWebServer-Tomcat started on port(s): 8081 (http) with context path ''
INFO 2020-05-08 00:03:31.131 [main] com.example.demo.DemoApplication-Started DemoApplication in 5.169 seconds (JVM running for 5.999)
INFO 2020-05-08 00:03:33.299 [http-nio-8081-exec-1] o.a.c.c.C.[Tomcat].[localhost].[/]-Initializing Spring DispatcherServlet 'dispatcherServlet'
INFO 2020-05-08 00:03:33.299 [http-nio-8081-exec-1] o.s.web.servlet.DispatcherServlet-Initializing Servlet 'dispatcherServlet'
INFO 2020-05-08 00:03:33.306 [http-nio-8081-exec-1] o.s.web.servlet.DispatcherServlet-Completed initialization in 7 ms
ERROR2020-05-08 00:03:33.421 [http-nio-8081-exec-1] o.a.c.c.C.[.[.[.[dispatcherServlet]-Servlet.service() for servlet [dispatcherServlet] in context with path [] threw exception [Request processing failed; nested exception is org.apache.ibatis.binding.BindingException: Invalid bound statement (not found): com.example.demo.base.service.BaseService.insert] with root cause
org.apache.ibatis.binding.BindingException: Invalid bound statement (not found): com.example.demo.base.service.BaseService.insert
	at org.apache.ibatis.binding.MapperMethod$SqlCommand.<init>(MapperMethod.java:227)
	at org.apache.ibatis.binding.MapperMethod.<init>(MapperMethod.java:49)
	at org.apache.ibatis.binding.MapperProxy.cachedMapperMethod(MapperProxy.java:65)
	at org.apache.ibatis.binding.MapperProxy.invoke(MapperProxy.java:58)
	at com.sun.proxy.$Proxy66.insert(Unknown Source)
	at com.example.demo.base.controller.BaseController.AddObject(BaseController.java:25)
	at sun.reflect.NativeMethodAccessorImpl.invoke0(Native Method)
	at sun.reflect.NativeMethodAccessorImpl.invoke(NativeMethodAccessorImpl.java:62)
	at sun.reflect.DelegatingMethodAccessorImpl.invoke(DelegatingMethodAccessorImpl.java:43)
	at java.lang.reflect.Method.invoke(Method.java:498)
	at org.springframework.web.method.support.InvocableHandlerMethod.doInvoke(InvocableHandlerMethod.java:190)
	at org.springframework.web.method.support.InvocableHandlerMethod.invokeForRequest(InvocableHandlerMethod.java:138)
	at org.springframework.web.servlet.mvc.method.annotation.ServletInvocableHandlerMethod.invokeAndHandle(ServletInvocableHandlerMethod.java:106)
	at org.springframework.web.servlet.mvc.method.annotation.RequestMappingHandlerAdapter.invokeHandlerMethod(RequestMappingHandlerAdapter.java:879)
	at org.springframework.web.servlet.mvc.method.annotation.RequestMappingHandlerAdapter.handleInternal(RequestMappingHandlerAdapter.java:793)
	at org.springframework.web.servlet.mvc.method.AbstractHandlerMethodAdapter.handle(AbstractHandlerMethodAdapter.java:87)
	at org.springframework.web.servlet.DispatcherServlet.doDispatch(DispatcherServlet.java:1040)
	at org.springframework.web.servlet.DispatcherServlet.doService(DispatcherServlet.java:943)
	at org.springframework.web.servlet.FrameworkServlet.processRequest(FrameworkServlet.java:1006)
	at org.springframework.web.servlet.FrameworkServlet.doPost(FrameworkServlet.java:909)
	at javax.servlet.http.HttpServlet.service(HttpServlet.java:660)
	at org.springframework.web.servlet.FrameworkServlet.service(FrameworkServlet.java:883)
	at javax.servlet.http.HttpServlet.service(HttpServlet.java:741)
	at org.apache.catalina.core.ApplicationFilterChain.internalDoFilter(ApplicationFilterChain.java:231)
	at org.apache.catalina.core.ApplicationFilterChain.doFilter(ApplicationFilterChain.java:166)
	at org.apache.tomcat.websocket.server.WsFilter.doFilter(WsFilter.java:53)
	at org.apache.catalina.core.ApplicationFilterChain.internalDoFilter(ApplicationFilterChain.java:193)
	at org.apache.catalina.core.ApplicationFilterChain.doFilter(ApplicationFilterChain.java:166)
	at org.springframework.web.filter.RequestContextFilter.doFilterInternal(RequestContextFilter.java:100)
	at org.springframework.web.filter.OncePerRequestFilter.doFilter(OncePerRequestFilter.java:119)
	at org.apache.catalina.core.ApplicationFilterChain.internalDoFilter(ApplicationFilterChain.java:193)
	at org.apache.catalina.core.ApplicationFilterChain.doFilter(ApplicationFilterChain.java:166)
	at org.springframework.web.filter.FormContentFilter.doFilterInternal(FormContentFilter.java:93)
	at org.springframework.web.filter.OncePerRequestFilter.doFilter(OncePerRequestFilter.java:119)
	at org.apache.catalina.core.ApplicationFilterChain.internalDoFilter(ApplicationFilterChain.java:193)
	at org.apache.catalina.core.ApplicationFilterChain.doFilter(ApplicationFilterChain.java:166)
	at org.springframework.web.filter.CharacterEncodingFilter.doFilterInternal(CharacterEncodingFilter.java:201)
	at org.springframework.web.filter.OncePerRequestFilter.doFilter(OncePerRequestFilter.java:119)
	at org.apache.catalina.core.ApplicationFilterChain.internalDoFilter(ApplicationFilterChain.java:193)
	at org.apache.catalina.core.ApplicationFilterChain.doFilter(ApplicationFilterChain.java:166)
	at org.apache.catalina.core.StandardWrapperValve.invoke(StandardWrapperValve.java:202)
	at org.apache.catalina.core.StandardContextValve.invoke(StandardContextValve.java:96)
	at org.apache.catalina.authenticator.AuthenticatorBase.invoke(AuthenticatorBase.java:541)
	at org.apache.catalina.core.StandardHostValve.invoke(StandardHostValve.java:139)
	at org.apache.catalina.valves.ErrorReportValve.invoke(ErrorReportValve.java:92)
	at org.apache.catalina.core.StandardEngineValve.invoke(StandardEngineValve.java:74)
	at org.apache.catalina.connector.CoyoteAdapter.service(CoyoteAdapter.java:343)
	at org.apache.coyote.http11.Http11Processor.service(Http11Processor.java:367)
	at org.apache.coyote.AbstractProcessorLight.process(AbstractProcessorLight.java:65)
	at org.apache.coyote.AbstractProtocol$ConnectionHandler.process(AbstractProtocol.java:868)
	at org.apache.tomcat.util.net.NioEndpoint$SocketProcessor.doRun(NioEndpoint.java:1639)
	at org.apache.tomcat.util.net.SocketProcessorBase.run(SocketProcessorBase.java:49)
	at java.util.concurrent.ThreadPoolExecutor.runWorker(ThreadPoolExecutor.java:1149)
	at java.util.concurrent.ThreadPoolExecutor$Worker.run(ThreadPoolExecutor.java:624)
	at org.apache.tomcat.util.threads.TaskThread$WrappingRunnable.run(TaskThread.java:61)
	at java.lang.Thread.run(Thread.java:748)
INFO 2020-05-08 00:04:19.211 [SpringContextShutdownHook] o.s.s.c.ThreadPoolTaskExecutor-Shutting down ExecutorService 'applicationTaskExecutor'
INFO 2020-05-08 00:04:19.212 [SpringContextShutdownHook] com.zaxxer.hikari.HikariDataSource-HikariPool-1 - Shutdown initiated...
INFO 2020-05-08 00:04:19.215 [SpringContextShutdownHook] com.zaxxer.hikari.HikariDataSource-HikariPool-1 - Shutdown completed.
INFO 2020-05-08 00:04:21.611 [main] com.example.demo.DemoApplication-Starting DemoApplication on LAPTOP-C1QADBMM with PID 2616 (D:\example\target\classes started by Tyler Wong in D:\example)
INFO 2020-05-08 00:04:21.613 [main] com.example.demo.DemoApplication-The following profiles are active: dev
WARN 2020-05-08 00:04:22.188 [main] t.m.s.mapper.ClassPathMapperScanner-No MyBatis mapper was found in '[com.example.demo]' package. Please check your configuration.
INFO 2020-05-08 00:04:22.588 [main] o.s.b.w.e.tomcat.TomcatWebServer-Tomcat initialized with port(s): 8081 (http)
INFO 2020-05-08 00:04:22.595 [main] o.a.coyote.http11.Http11NioProtocol-Initializing ProtocolHandler ["http-nio-8081"]
INFO 2020-05-08 00:04:22.595 [main] o.a.catalina.core.StandardService-Starting service [Tomcat]
INFO 2020-05-08 00:04:22.595 [main] o.a.catalina.core.StandardEngine-Starting Servlet engine: [Apache Tomcat/9.0.31]
INFO 2020-05-08 00:04:22.674 [main] o.a.c.c.C.[Tomcat].[localhost].[/]-Initializing Spring embedded WebApplicationContext
INFO 2020-05-08 00:04:22.676 [main] o.s.web.context.ContextLoader-Root WebApplicationContext: initialization completed in 1000 ms
INFO 2020-05-08 00:04:22.912 [main] o.s.s.c.ThreadPoolTaskExecutor-Initializing ExecutorService 'applicationTaskExecutor'
INFO 2020-05-08 00:04:23.051 [main] t.m.m.a.MapperCacheDisabler-Clear tk.mybatis.mapper.util.MsUtil CLASS_CACHE cache.
INFO 2020-05-08 00:04:23.052 [main] t.m.m.a.MapperCacheDisabler-Clear tk.mybatis.mapper.genid.GenIdUtil CACHE cache.
INFO 2020-05-08 00:04:23.053 [main] t.m.m.a.MapperCacheDisabler-Clear tk.mybatis.mapper.version.VersionUtil CACHE cache.
INFO 2020-05-08 00:04:23.053 [main] t.m.m.a.MapperCacheDisabler-Clear EntityHelper entityTableMap cache.
INFO 2020-05-08 00:04:23.103 [main] com.zaxxer.hikari.HikariDataSource-HikariPool-1 - Starting...
INFO 2020-05-08 00:04:23.527 [main] com.zaxxer.hikari.HikariDataSource-HikariPool-1 - Start completed.
INFO 2020-05-08 00:04:24.294 [main] liquibase.executor.jvm.JdbcExecutor-SELECT COUNT(*) FROM test.DATABASECHANGELOGLOCK
INFO 2020-05-08 00:04:24.300 [main] liquibase.executor.jvm.JdbcExecutor-SELECT COUNT(*) FROM test.DATABASECHANGELOGLOCK
INFO 2020-05-08 00:04:24.303 [main] liquibase.executor.jvm.JdbcExecutor-SELECT `LOCKED` FROM test.DATABASECHANGELOGLOCK WHERE ID=1
INFO 2020-05-08 00:04:24.313 [main] l.lockservice.StandardLockService-Successfully acquired change log lock
INFO 2020-05-08 00:04:25.424 [main] l.changelog.DatabaseChangeLog-Reading resource: liquibase/changelog/changelog-tyler-1.0.sql
INFO 2020-05-08 00:04:25.480 [main] liquibase.executor.jvm.JdbcExecutor-SELECT MD5SUM FROM test.DATABASECHANGELOG WHERE MD5SUM IS NOT NULL LIMIT 1
INFO 2020-05-08 00:04:25.481 [main] liquibase.executor.jvm.JdbcExecutor-SELECT COUNT(*) FROM test.DATABASECHANGELOG
INFO 2020-05-08 00:04:25.483 [main] l.c.StandardChangeLogHistoryService-Reading from test.DATABASECHANGELOG
INFO 2020-05-08 00:04:25.484 [main] liquibase.executor.jvm.JdbcExecutor-SELECT * FROM test.DATABASECHANGELOG ORDER BY DATEEXECUTED ASC, ORDEREXECUTED ASC
INFO 2020-05-08 00:04:25.492 [main] l.lockservice.StandardLockService-Successfully released change log lock
INFO 2020-05-08 00:04:25.538 [main] o.a.coyote.http11.Http11NioProtocol-Starting ProtocolHandler ["http-nio-8081"]
INFO 2020-05-08 00:04:25.555 [main] o.s.b.w.e.tomcat.TomcatWebServer-Tomcat started on port(s): 8081 (http) with context path ''
INFO 2020-05-08 00:04:25.557 [main] com.example.demo.DemoApplication-Started DemoApplication in 4.655 seconds (JVM running for 5.505)
INFO 2020-05-08 00:04:28.512 [http-nio-8081-exec-2] o.a.c.c.C.[Tomcat].[localhost].[/]-Initializing Spring DispatcherServlet 'dispatcherServlet'
INFO 2020-05-08 00:04:28.512 [http-nio-8081-exec-2] o.s.web.servlet.DispatcherServlet-Initializing Servlet 'dispatcherServlet'
INFO 2020-05-08 00:04:28.516 [http-nio-8081-exec-2] o.s.web.servlet.DispatcherServlet-Completed initialization in 4 ms
ERROR2020-05-08 00:04:44.199 [http-nio-8081-exec-3] o.a.c.c.C.[.[.[.[dispatcherServlet]-Servlet.service() for servlet [dispatcherServlet] in context with path [] threw exception [Request processing failed; nested exception is org.apache.ibatis.binding.BindingException: Invalid bound statement (not found): com.example.demo.base.service.BaseService.insert] with root cause
org.apache.ibatis.binding.BindingException: Invalid bound statement (not found): com.example.demo.base.service.BaseService.insert
	at org.apache.ibatis.binding.MapperMethod$SqlCommand.<init>(MapperMethod.java:227)
	at org.apache.ibatis.binding.MapperMethod.<init>(MapperMethod.java:49)
	at org.apache.ibatis.binding.MapperProxy.cachedMapperMethod(MapperProxy.java:65)
	at org.apache.ibatis.binding.MapperProxy.invoke(MapperProxy.java:58)
	at com.sun.proxy.$Proxy66.insert(Unknown Source)
	at com.example.demo.base.controller.BaseController.AddObject(BaseController.java:25)
	at sun.reflect.NativeMethodAccessorImpl.invoke0(Native Method)
	at sun.reflect.NativeMethodAccessorImpl.invoke(NativeMethodAccessorImpl.java:62)
	at sun.reflect.DelegatingMethodAccessorImpl.invoke(DelegatingMethodAccessorImpl.java:43)
	at java.lang.reflect.Method.invoke(Method.java:498)
	at org.springframework.web.method.support.InvocableHandlerMethod.doInvoke(InvocableHandlerMethod.java:190)
	at org.springframework.web.method.support.InvocableHandlerMethod.invokeForRequest(InvocableHandlerMethod.java:138)
	at org.springframework.web.servlet.mvc.method.annotation.ServletInvocableHandlerMethod.invokeAndHandle(ServletInvocableHandlerMethod.java:106)
	at org.springframework.web.servlet.mvc.method.annotation.RequestMappingHandlerAdapter.invokeHandlerMethod(RequestMappingHandlerAdapter.java:879)
	at org.springframework.web.servlet.mvc.method.annotation.RequestMappingHandlerAdapter.handleInternal(RequestMappingHandlerAdapter.java:793)
	at org.springframework.web.servlet.mvc.method.AbstractHandlerMethodAdapter.handle(AbstractHandlerMethodAdapter.java:87)
	at org.springframework.web.servlet.DispatcherServlet.doDispatch(DispatcherServlet.java:1040)
	at org.springframework.web.servlet.DispatcherServlet.doService(DispatcherServlet.java:943)
	at org.springframework.web.servlet.FrameworkServlet.processRequest(FrameworkServlet.java:1006)
	at org.springframework.web.servlet.FrameworkServlet.doPost(FrameworkServlet.java:909)
	at javax.servlet.http.HttpServlet.service(HttpServlet.java:660)
	at org.springframework.web.servlet.FrameworkServlet.service(FrameworkServlet.java:883)
	at javax.servlet.http.HttpServlet.service(HttpServlet.java:741)
	at org.apache.catalina.core.ApplicationFilterChain.internalDoFilter(ApplicationFilterChain.java:231)
	at org.apache.catalina.core.ApplicationFilterChain.doFilter(ApplicationFilterChain.java:166)
	at org.apache.tomcat.websocket.server.WsFilter.doFilter(WsFilter.java:53)
	at org.apache.catalina.core.ApplicationFilterChain.internalDoFilter(ApplicationFilterChain.java:193)
	at org.apache.catalina.core.ApplicationFilterChain.doFilter(ApplicationFilterChain.java:166)
	at org.springframework.web.filter.RequestContextFilter.doFilterInternal(RequestContextFilter.java:100)
	at org.springframework.web.filter.OncePerRequestFilter.doFilter(OncePerRequestFilter.java:119)
	at org.apache.catalina.core.ApplicationFilterChain.internalDoFilter(ApplicationFilterChain.java:193)
	at org.apache.catalina.core.ApplicationFilterChain.doFilter(ApplicationFilterChain.java:166)
	at org.springframework.web.filter.FormContentFilter.doFilterInternal(FormContentFilter.java:93)
	at org.springframework.web.filter.OncePerRequestFilter.doFilter(OncePerRequestFilter.java:119)
	at org.apache.catalina.core.ApplicationFilterChain.internalDoFilter(ApplicationFilterChain.java:193)
	at org.apache.catalina.core.ApplicationFilterChain.doFilter(ApplicationFilterChain.java:166)
	at org.springframework.web.filter.CharacterEncodingFilter.doFilterInternal(CharacterEncodingFilter.java:201)
	at org.springframework.web.filter.OncePerRequestFilter.doFilter(OncePerRequestFilter.java:119)
	at org.apache.catalina.core.ApplicationFilterChain.internalDoFilter(ApplicationFilterChain.java:193)
	at org.apache.catalina.core.ApplicationFilterChain.doFilter(ApplicationFilterChain.java:166)
	at org.apache.catalina.core.StandardWrapperValve.invoke(StandardWrapperValve.java:202)
	at org.apache.catalina.core.StandardContextValve.invoke(StandardContextValve.java:96)
	at org.apache.catalina.authenticator.AuthenticatorBase.invoke(AuthenticatorBase.java:541)
	at org.apache.catalina.core.StandardHostValve.invoke(StandardHostValve.java:139)
	at org.apache.catalina.valves.ErrorReportValve.invoke(ErrorReportValve.java:92)
	at org.apache.catalina.core.StandardEngineValve.invoke(StandardEngineValve.java:74)
	at org.apache.catalina.connector.CoyoteAdapter.service(CoyoteAdapter.java:343)
	at org.apache.coyote.http11.Http11Processor.service(Http11Processor.java:367)
	at org.apache.coyote.AbstractProcessorLight.process(AbstractProcessorLight.java:65)
	at org.apache.coyote.AbstractProtocol$ConnectionHandler.process(AbstractProtocol.java:868)
	at org.apache.tomcat.util.net.NioEndpoint$SocketProcessor.doRun(NioEndpoint.java:1639)
	at org.apache.tomcat.util.net.SocketProcessorBase.run(SocketProcessorBase.java:49)
	at java.util.concurrent.ThreadPoolExecutor.runWorker(ThreadPoolExecutor.java:1149)
	at java.util.concurrent.ThreadPoolExecutor$Worker.run(ThreadPoolExecutor.java:624)
	at org.apache.tomcat.util.threads.TaskThread$WrappingRunnable.run(TaskThread.java:61)
	at java.lang.Thread.run(Thread.java:748)
INFO 2020-05-08 00:05:06.707 [SpringContextShutdownHook] o.s.s.c.ThreadPoolTaskExecutor-Shutting down ExecutorService 'applicationTaskExecutor'
INFO 2020-05-08 00:05:06.708 [SpringContextShutdownHook] com.zaxxer.hikari.HikariDataSource-HikariPool-1 - Shutdown initiated...
INFO 2020-05-08 00:05:06.711 [SpringContextShutdownHook] com.zaxxer.hikari.HikariDataSource-HikariPool-1 - Shutdown completed.
INFO 2020-05-08 00:05:09.749 [main] com.example.demo.DemoApplication-Starting DemoApplication on LAPTOP-C1QADBMM with PID 172 (D:\example\target\classes started by Tyler Wong in D:\example)
INFO 2020-05-08 00:05:09.752 [main] com.example.demo.DemoApplication-The following profiles are active: dev
WARN 2020-05-08 00:05:10.230 [main] t.m.s.mapper.ClassPathMapperScanner-No MyBatis mapper was found in '[com.example.demo]' package. Please check your configuration.
INFO 2020-05-08 00:05:10.634 [main] o.s.b.w.e.tomcat.TomcatWebServer-Tomcat initialized with port(s): 8081 (http)
INFO 2020-05-08 00:05:10.652 [main] o.a.coyote.http11.Http11NioProtocol-Initializing ProtocolHandler ["http-nio-8081"]
INFO 2020-05-08 00:05:10.652 [main] o.a.catalina.core.StandardService-Starting service [Tomcat]
INFO 2020-05-08 00:05:10.652 [main] o.a.catalina.core.StandardEngine-Starting Servlet engine: [Apache Tomcat/9.0.31]
INFO 2020-05-08 00:05:10.726 [main] o.a.c.c.C.[Tomcat].[localhost].[/]-Initializing Spring embedded WebApplicationContext
INFO 2020-05-08 00:05:10.727 [main] o.s.web.context.ContextLoader-Root WebApplicationContext: initialization completed in 918 ms
INFO 2020-05-08 00:05:10.966 [main] o.s.s.c.ThreadPoolTaskExecutor-Initializing ExecutorService 'applicationTaskExecutor'
INFO 2020-05-08 00:05:11.102 [main] t.m.m.a.MapperCacheDisabler-Clear tk.mybatis.mapper.util.MsUtil CLASS_CACHE cache.
INFO 2020-05-08 00:05:11.102 [main] t.m.m.a.MapperCacheDisabler-Clear tk.mybatis.mapper.genid.GenIdUtil CACHE cache.
INFO 2020-05-08 00:05:11.103 [main] t.m.m.a.MapperCacheDisabler-Clear tk.mybatis.mapper.version.VersionUtil CACHE cache.
INFO 2020-05-08 00:05:11.103 [main] t.m.m.a.MapperCacheDisabler-Clear EntityHelper entityTableMap cache.
INFO 2020-05-08 00:05:11.149 [main] com.zaxxer.hikari.HikariDataSource-HikariPool-1 - Starting...
INFO 2020-05-08 00:05:11.639 [main] com.zaxxer.hikari.HikariDataSource-HikariPool-1 - Start completed.
INFO 2020-05-08 00:05:12.403 [main] liquibase.executor.jvm.JdbcExecutor-SELECT COUNT(*) FROM test.DATABASECHANGELOGLOCK
INFO 2020-05-08 00:05:12.411 [main] liquibase.executor.jvm.JdbcExecutor-SELECT COUNT(*) FROM test.DATABASECHANGELOGLOCK
INFO 2020-05-08 00:05:12.414 [main] liquibase.executor.jvm.JdbcExecutor-SELECT `LOCKED` FROM test.DATABASECHANGELOGLOCK WHERE ID=1
INFO 2020-05-08 00:05:12.425 [main] l.lockservice.StandardLockService-Successfully acquired change log lock
INFO 2020-05-08 00:05:13.595 [main] l.changelog.DatabaseChangeLog-Reading resource: liquibase/changelog/changelog-tyler-1.0.sql
INFO 2020-05-08 00:05:13.658 [main] liquibase.executor.jvm.JdbcExecutor-SELECT MD5SUM FROM test.DATABASECHANGELOG WHERE MD5SUM IS NOT NULL LIMIT 1
INFO 2020-05-08 00:05:13.659 [main] liquibase.executor.jvm.JdbcExecutor-SELECT COUNT(*) FROM test.DATABASECHANGELOG
INFO 2020-05-08 00:05:13.661 [main] l.c.StandardChangeLogHistoryService-Reading from test.DATABASECHANGELOG
INFO 2020-05-08 00:05:13.661 [main] liquibase.executor.jvm.JdbcExecutor-SELECT * FROM test.DATABASECHANGELOG ORDER BY DATEEXECUTED ASC, ORDEREXECUTED ASC
INFO 2020-05-08 00:05:13.670 [main] l.lockservice.StandardLockService-Successfully released change log lock
INFO 2020-05-08 00:05:13.720 [main] o.a.coyote.http11.Http11NioProtocol-Starting ProtocolHandler ["http-nio-8081"]
INFO 2020-05-08 00:05:13.738 [main] o.s.b.w.e.tomcat.TomcatWebServer-Tomcat started on port(s): 8081 (http) with context path ''
INFO 2020-05-08 00:05:13.741 [main] com.example.demo.DemoApplication-Started DemoApplication in 4.652 seconds (JVM running for 5.467)
INFO 2020-05-08 00:05:14.692 [http-nio-8081-exec-1] o.a.c.c.C.[Tomcat].[localhost].[/]-Initializing Spring DispatcherServlet 'dispatcherServlet'
INFO 2020-05-08 00:05:14.692 [http-nio-8081-exec-1] o.s.web.servlet.DispatcherServlet-Initializing Servlet 'dispatcherServlet'
INFO 2020-05-08 00:05:14.699 [http-nio-8081-exec-1] o.s.web.servlet.DispatcherServlet-Completed initialization in 7 ms
ERROR2020-05-08 00:05:14.807 [http-nio-8081-exec-1] o.a.c.c.C.[.[.[.[dispatcherServlet]-Servlet.service() for servlet [dispatcherServlet] in context with path [] threw exception [Request processing failed; nested exception is org.apache.ibatis.binding.BindingException: Invalid bound statement (not found): com.example.demo.base.service.BaseService.insert] with root cause
org.apache.ibatis.binding.BindingException: Invalid bound statement (not found): com.example.demo.base.service.BaseService.insert
	at org.apache.ibatis.binding.MapperMethod$SqlCommand.<init>(MapperMethod.java:227)
	at org.apache.ibatis.binding.MapperMethod.<init>(MapperMethod.java:49)
	at org.apache.ibatis.binding.MapperProxy.cachedMapperMethod(MapperProxy.java:65)
	at org.apache.ibatis.binding.MapperProxy.invoke(MapperProxy.java:58)
	at com.sun.proxy.$Proxy66.insert(Unknown Source)
	at com.example.demo.base.controller.BaseController.AddObject(BaseController.java:25)
	at sun.reflect.NativeMethodAccessorImpl.invoke0(Native Method)
	at sun.reflect.NativeMethodAccessorImpl.invoke(NativeMethodAccessorImpl.java:62)
	at sun.reflect.DelegatingMethodAccessorImpl.invoke(DelegatingMethodAccessorImpl.java:43)
	at java.lang.reflect.Method.invoke(Method.java:498)
	at org.springframework.web.method.support.InvocableHandlerMethod.doInvoke(InvocableHandlerMethod.java:190)
	at org.springframework.web.method.support.InvocableHandlerMethod.invokeForRequest(InvocableHandlerMethod.java:138)
	at org.springframework.web.servlet.mvc.method.annotation.ServletInvocableHandlerMethod.invokeAndHandle(ServletInvocableHandlerMethod.java:106)
	at org.springframework.web.servlet.mvc.method.annotation.RequestMappingHandlerAdapter.invokeHandlerMethod(RequestMappingHandlerAdapter.java:879)
	at org.springframework.web.servlet.mvc.method.annotation.RequestMappingHandlerAdapter.handleInternal(RequestMappingHandlerAdapter.java:793)
	at org.springframework.web.servlet.mvc.method.AbstractHandlerMethodAdapter.handle(AbstractHandlerMethodAdapter.java:87)
	at org.springframework.web.servlet.DispatcherServlet.doDispatch(DispatcherServlet.java:1040)
	at org.springframework.web.servlet.DispatcherServlet.doService(DispatcherServlet.java:943)
	at org.springframework.web.servlet.FrameworkServlet.processRequest(FrameworkServlet.java:1006)
	at org.springframework.web.servlet.FrameworkServlet.doPost(FrameworkServlet.java:909)
	at javax.servlet.http.HttpServlet.service(HttpServlet.java:660)
	at org.springframework.web.servlet.FrameworkServlet.service(FrameworkServlet.java:883)
	at javax.servlet.http.HttpServlet.service(HttpServlet.java:741)
	at org.apache.catalina.core.ApplicationFilterChain.internalDoFilter(ApplicationFilterChain.java:231)
	at org.apache.catalina.core.ApplicationFilterChain.doFilter(ApplicationFilterChain.java:166)
	at org.apache.tomcat.websocket.server.WsFilter.doFilter(WsFilter.java:53)
	at org.apache.catalina.core.ApplicationFilterChain.internalDoFilter(ApplicationFilterChain.java:193)
	at org.apache.catalina.core.ApplicationFilterChain.doFilter(ApplicationFilterChain.java:166)
	at org.springframework.web.filter.RequestContextFilter.doFilterInternal(RequestContextFilter.java:100)
	at org.springframework.web.filter.OncePerRequestFilter.doFilter(OncePerRequestFilter.java:119)
	at org.apache.catalina.core.ApplicationFilterChain.internalDoFilter(ApplicationFilterChain.java:193)
	at org.apache.catalina.core.ApplicationFilterChain.doFilter(ApplicationFilterChain.java:166)
	at org.springframework.web.filter.FormContentFilter.doFilterInternal(FormContentFilter.java:93)
	at org.springframework.web.filter.OncePerRequestFilter.doFilter(OncePerRequestFilter.java:119)
	at org.apache.catalina.core.ApplicationFilterChain.internalDoFilter(ApplicationFilterChain.java:193)
	at org.apache.catalina.core.ApplicationFilterChain.doFilter(ApplicationFilterChain.java:166)
	at org.springframework.web.filter.CharacterEncodingFilter.doFilterInternal(CharacterEncodingFilter.java:201)
	at org.springframework.web.filter.OncePerRequestFilter.doFilter(OncePerRequestFilter.java:119)
	at org.apache.catalina.core.ApplicationFilterChain.internalDoFilter(ApplicationFilterChain.java:193)
	at org.apache.catalina.core.ApplicationFilterChain.doFilter(ApplicationFilterChain.java:166)
	at org.apache.catalina.core.StandardWrapperValve.invoke(StandardWrapperValve.java:202)
	at org.apache.catalina.core.StandardContextValve.invoke(StandardContextValve.java:96)
	at org.apache.catalina.authenticator.AuthenticatorBase.invoke(AuthenticatorBase.java:541)
	at org.apache.catalina.core.StandardHostValve.invoke(StandardHostValve.java:139)
	at org.apache.catalina.valves.ErrorReportValve.invoke(ErrorReportValve.java:92)
	at org.apache.catalina.core.StandardEngineValve.invoke(StandardEngineValve.java:74)
	at org.apache.catalina.connector.CoyoteAdapter.service(CoyoteAdapter.java:343)
	at org.apache.coyote.http11.Http11Processor.service(Http11Processor.java:367)
	at org.apache.coyote.AbstractProcessorLight.process(AbstractProcessorLight.java:65)
	at org.apache.coyote.AbstractProtocol$ConnectionHandler.process(AbstractProtocol.java:868)
	at org.apache.tomcat.util.net.NioEndpoint$SocketProcessor.doRun(NioEndpoint.java:1639)
	at org.apache.tomcat.util.net.SocketProcessorBase.run(SocketProcessorBase.java:49)
	at java.util.concurrent.ThreadPoolExecutor.runWorker(ThreadPoolExecutor.java:1149)
	at java.util.concurrent.ThreadPoolExecutor$Worker.run(ThreadPoolExecutor.java:624)
	at org.apache.tomcat.util.threads.TaskThread$WrappingRunnable.run(TaskThread.java:61)
	at java.lang.Thread.run(Thread.java:748)
ERROR2020-05-08 00:05:27.080 [http-nio-8081-exec-3] o.a.c.c.C.[.[.[.[dispatcherServlet]-Servlet.service() for servlet [dispatcherServlet] in context with path [] threw exception [Request processing failed; nested exception is org.apache.ibatis.binding.BindingException: Invalid bound statement (not found): com.example.demo.base.service.BaseService.insert] with root cause
org.apache.ibatis.binding.BindingException: Invalid bound statement (not found): com.example.demo.base.service.BaseService.insert
	at org.apache.ibatis.binding.MapperMethod$SqlCommand.<init>(MapperMethod.java:227)
	at org.apache.ibatis.binding.MapperMethod.<init>(MapperMethod.java:49)
	at org.apache.ibatis.binding.MapperProxy.cachedMapperMethod(MapperProxy.java:65)
	at org.apache.ibatis.binding.MapperProxy.invoke(MapperProxy.java:58)
	at com.sun.proxy.$Proxy66.insert(Unknown Source)
	at com.example.demo.base.controller.BaseController.AddObject(BaseController.java:25)
	at sun.reflect.NativeMethodAccessorImpl.invoke0(Native Method)
	at sun.reflect.NativeMethodAccessorImpl.invoke(NativeMethodAccessorImpl.java:62)
	at sun.reflect.DelegatingMethodAccessorImpl.invoke(DelegatingMethodAccessorImpl.java:43)
	at java.lang.reflect.Method.invoke(Method.java:498)
	at org.springframework.web.method.support.InvocableHandlerMethod.doInvoke(InvocableHandlerMethod.java:190)
	at org.springframework.web.method.support.InvocableHandlerMethod.invokeForRequest(InvocableHandlerMethod.java:138)
	at org.springframework.web.servlet.mvc.method.annotation.ServletInvocableHandlerMethod.invokeAndHandle(ServletInvocableHandlerMethod.java:106)
	at org.springframework.web.servlet.mvc.method.annotation.RequestMappingHandlerAdapter.invokeHandlerMethod(RequestMappingHandlerAdapter.java:879)
	at org.springframework.web.servlet.mvc.method.annotation.RequestMappingHandlerAdapter.handleInternal(RequestMappingHandlerAdapter.java:793)
	at org.springframework.web.servlet.mvc.method.AbstractHandlerMethodAdapter.handle(AbstractHandlerMethodAdapter.java:87)
	at org.springframework.web.servlet.DispatcherServlet.doDispatch(DispatcherServlet.java:1040)
	at org.springframework.web.servlet.DispatcherServlet.doService(DispatcherServlet.java:943)
	at org.springframework.web.servlet.FrameworkServlet.processRequest(FrameworkServlet.java:1006)
	at org.springframework.web.servlet.FrameworkServlet.doPost(FrameworkServlet.java:909)
	at javax.servlet.http.HttpServlet.service(HttpServlet.java:660)
	at org.springframework.web.servlet.FrameworkServlet.service(FrameworkServlet.java:883)
	at javax.servlet.http.HttpServlet.service(HttpServlet.java:741)
	at org.apache.catalina.core.ApplicationFilterChain.internalDoFilter(ApplicationFilterChain.java:231)
	at org.apache.catalina.core.ApplicationFilterChain.doFilter(ApplicationFilterChain.java:166)
	at org.apache.tomcat.websocket.server.WsFilter.doFilter(WsFilter.java:53)
	at org.apache.catalina.core.ApplicationFilterChain.internalDoFilter(ApplicationFilterChain.java:193)
	at org.apache.catalina.core.ApplicationFilterChain.doFilter(ApplicationFilterChain.java:166)
	at org.springframework.web.filter.RequestContextFilter.doFilterInternal(RequestContextFilter.java:100)
	at org.springframework.web.filter.OncePerRequestFilter.doFilter(OncePerRequestFilter.java:119)
	at org.apache.catalina.core.ApplicationFilterChain.internalDoFilter(ApplicationFilterChain.java:193)
	at org.apache.catalina.core.ApplicationFilterChain.doFilter(ApplicationFilterChain.java:166)
	at org.springframework.web.filter.FormContentFilter.doFilterInternal(FormContentFilter.java:93)
	at org.springframework.web.filter.OncePerRequestFilter.doFilter(OncePerRequestFilter.java:119)
	at org.apache.catalina.core.ApplicationFilterChain.internalDoFilter(ApplicationFilterChain.java:193)
	at org.apache.catalina.core.ApplicationFilterChain.doFilter(ApplicationFilterChain.java:166)
	at org.springframework.web.filter.CharacterEncodingFilter.doFilterInternal(CharacterEncodingFilter.java:201)
	at org.springframework.web.filter.OncePerRequestFilter.doFilter(OncePerRequestFilter.java:119)
	at org.apache.catalina.core.ApplicationFilterChain.internalDoFilter(ApplicationFilterChain.java:193)
	at org.apache.catalina.core.ApplicationFilterChain.doFilter(ApplicationFilterChain.java:166)
	at org.apache.catalina.core.StandardWrapperValve.invoke(StandardWrapperValve.java:202)
	at org.apache.catalina.core.StandardContextValve.invoke(StandardContextValve.java:96)
	at org.apache.catalina.authenticator.AuthenticatorBase.invoke(AuthenticatorBase.java:541)
	at org.apache.catalina.core.StandardHostValve.invoke(StandardHostValve.java:139)
	at org.apache.catalina.valves.ErrorReportValve.invoke(ErrorReportValve.java:92)
	at org.apache.catalina.core.StandardEngineValve.invoke(StandardEngineValve.java:74)
	at org.apache.catalina.connector.CoyoteAdapter.service(CoyoteAdapter.java:343)
	at org.apache.coyote.http11.Http11Processor.service(Http11Processor.java:367)
	at org.apache.coyote.AbstractProcessorLight.process(AbstractProcessorLight.java:65)
	at org.apache.coyote.AbstractProtocol$ConnectionHandler.process(AbstractProtocol.java:868)
	at org.apache.tomcat.util.net.NioEndpoint$SocketProcessor.doRun(NioEndpoint.java:1639)
	at org.apache.tomcat.util.net.SocketProcessorBase.run(SocketProcessorBase.java:49)
	at java.util.concurrent.ThreadPoolExecutor.runWorker(ThreadPoolExecutor.java:1149)
	at java.util.concurrent.ThreadPoolExecutor$Worker.run(ThreadPoolExecutor.java:624)
	at org.apache.tomcat.util.threads.TaskThread$WrappingRunnable.run(TaskThread.java:61)
	at java.lang.Thread.run(Thread.java:748)
INFO 2020-05-08 00:05:58.290 [SpringContextShutdownHook] o.s.s.c.ThreadPoolTaskExecutor-Shutting down ExecutorService 'applicationTaskExecutor'
INFO 2020-05-08 00:05:58.291 [SpringContextShutdownHook] com.zaxxer.hikari.HikariDataSource-HikariPool-1 - Shutdown initiated...
INFO 2020-05-08 00:05:58.295 [SpringContextShutdownHook] com.zaxxer.hikari.HikariDataSource-HikariPool-1 - Shutdown completed.
INFO 2020-05-08 00:07:46.533 [main] com.example.demo.DemoApplication-Starting DemoApplication on LAPTOP-C1QADBMM with PID 4612 (D:\example\target\classes started by Tyler Wong in D:\example)
INFO 2020-05-08 00:07:46.535 [main] com.example.demo.DemoApplication-The following profiles are active: dev
WARN 2020-05-08 00:07:47.000 [main] o.m.s.mapper.ClassPathMapperScanner-No MyBatis mapper was found in '[com.example.demo]' package. Please check your configuration.
INFO 2020-05-08 00:07:47.410 [main] o.s.b.w.e.tomcat.TomcatWebServer-Tomcat initialized with port(s): 8081 (http)
INFO 2020-05-08 00:07:47.418 [main] o.a.coyote.http11.Http11NioProtocol-Initializing ProtocolHandler ["http-nio-8081"]
INFO 2020-05-08 00:07:47.418 [main] o.a.catalina.core.StandardService-Starting service [Tomcat]
INFO 2020-05-08 00:07:47.419 [main] o.a.catalina.core.StandardEngine-Starting Servlet engine: [Apache Tomcat/9.0.31]
INFO 2020-05-08 00:07:47.501 [main] o.a.c.c.C.[Tomcat].[localhost].[/]-Initializing Spring embedded WebApplicationContext
INFO 2020-05-08 00:07:47.501 [main] o.s.web.context.ContextLoader-Root WebApplicationContext: initialization completed in 921 ms
INFO 2020-05-08 00:07:47.723 [main] o.s.s.c.ThreadPoolTaskExecutor-Initializing ExecutorService 'applicationTaskExecutor'
INFO 2020-05-08 00:07:47.868 [main] t.m.m.a.MapperCacheDisabler-Clear tk.mybatis.mapper.util.MsUtil CLASS_CACHE cache.
INFO 2020-05-08 00:07:47.868 [main] t.m.m.a.MapperCacheDisabler-Clear tk.mybatis.mapper.genid.GenIdUtil CACHE cache.
INFO 2020-05-08 00:07:47.869 [main] t.m.m.a.MapperCacheDisabler-Clear tk.mybatis.mapper.version.VersionUtil CACHE cache.
INFO 2020-05-08 00:07:47.869 [main] t.m.m.a.MapperCacheDisabler-Clear EntityHelper entityTableMap cache.
INFO 2020-05-08 00:07:47.923 [main] com.zaxxer.hikari.HikariDataSource-HikariPool-1 - Starting...
INFO 2020-05-08 00:07:48.464 [main] com.zaxxer.hikari.HikariDataSource-HikariPool-1 - Start completed.
INFO 2020-05-08 00:07:49.262 [main] liquibase.executor.jvm.JdbcExecutor-SELECT COUNT(*) FROM test.DATABASECHANGELOGLOCK
INFO 2020-05-08 00:07:49.277 [main] liquibase.executor.jvm.JdbcExecutor-SELECT COUNT(*) FROM test.DATABASECHANGELOGLOCK
INFO 2020-05-08 00:07:49.281 [main] liquibase.executor.jvm.JdbcExecutor-SELECT `LOCKED` FROM test.DATABASECHANGELOGLOCK WHERE ID=1
INFO 2020-05-08 00:07:49.293 [main] l.lockservice.StandardLockService-Successfully acquired change log lock
INFO 2020-05-08 00:07:50.378 [main] l.changelog.DatabaseChangeLog-Reading resource: liquibase/changelog/changelog-tyler-1.0.sql
INFO 2020-05-08 00:07:50.453 [main] liquibase.executor.jvm.JdbcExecutor-SELECT MD5SUM FROM test.DATABASECHANGELOG WHERE MD5SUM IS NOT NULL LIMIT 1
INFO 2020-05-08 00:07:50.455 [main] liquibase.executor.jvm.JdbcExecutor-SELECT COUNT(*) FROM test.DATABASECHANGELOG
INFO 2020-05-08 00:07:50.456 [main] l.c.StandardChangeLogHistoryService-Reading from test.DATABASECHANGELOG
INFO 2020-05-08 00:07:50.457 [main] liquibase.executor.jvm.JdbcExecutor-SELECT * FROM test.DATABASECHANGELOG ORDER BY DATEEXECUTED ASC, ORDEREXECUTED ASC
INFO 2020-05-08 00:07:50.464 [main] l.lockservice.StandardLockService-Successfully released change log lock
INFO 2020-05-08 00:07:50.509 [main] o.a.coyote.http11.Http11NioProtocol-Starting ProtocolHandler ["http-nio-8081"]
INFO 2020-05-08 00:07:50.528 [main] o.s.b.w.e.tomcat.TomcatWebServer-Tomcat started on port(s): 8081 (http) with context path ''
INFO 2020-05-08 00:07:50.530 [main] com.example.demo.DemoApplication-Started DemoApplication in 4.725 seconds (JVM running for 5.586)
INFO 2020-05-08 00:07:55.058 [http-nio-8081-exec-1] o.a.c.c.C.[Tomcat].[localhost].[/]-Initializing Spring DispatcherServlet 'dispatcherServlet'
INFO 2020-05-08 00:07:55.058 [http-nio-8081-exec-1] o.s.web.servlet.DispatcherServlet-Initializing Servlet 'dispatcherServlet'
INFO 2020-05-08 00:07:55.065 [http-nio-8081-exec-1] o.s.web.servlet.DispatcherServlet-Completed initialization in 6 ms
ERROR2020-05-08 00:07:55.163 [http-nio-8081-exec-1] o.a.c.c.C.[.[.[.[dispatcherServlet]-Servlet.service() for servlet [dispatcherServlet] in context with path [] threw exception [Request processing failed; nested exception is org.apache.ibatis.binding.BindingException: Invalid bound statement (not found): com.example.demo.base.service.BaseService.insert] with root cause
org.apache.ibatis.binding.BindingException: Invalid bound statement (not found): com.example.demo.base.service.BaseService.insert
	at org.apache.ibatis.binding.MapperMethod$SqlCommand.<init>(MapperMethod.java:227)
	at org.apache.ibatis.binding.MapperMethod.<init>(MapperMethod.java:49)
	at org.apache.ibatis.binding.MapperProxy.cachedMapperMethod(MapperProxy.java:65)
	at org.apache.ibatis.binding.MapperProxy.invoke(MapperProxy.java:58)
	at com.sun.proxy.$Proxy66.insert(Unknown Source)
	at com.example.demo.base.controller.BaseController.AddObject(BaseController.java:25)
	at sun.reflect.NativeMethodAccessorImpl.invoke0(Native Method)
	at sun.reflect.NativeMethodAccessorImpl.invoke(NativeMethodAccessorImpl.java:62)
	at sun.reflect.DelegatingMethodAccessorImpl.invoke(DelegatingMethodAccessorImpl.java:43)
	at java.lang.reflect.Method.invoke(Method.java:498)
	at org.springframework.web.method.support.InvocableHandlerMethod.doInvoke(InvocableHandlerMethod.java:190)
	at org.springframework.web.method.support.InvocableHandlerMethod.invokeForRequest(InvocableHandlerMethod.java:138)
	at org.springframework.web.servlet.mvc.method.annotation.ServletInvocableHandlerMethod.invokeAndHandle(ServletInvocableHandlerMethod.java:106)
	at org.springframework.web.servlet.mvc.method.annotation.RequestMappingHandlerAdapter.invokeHandlerMethod(RequestMappingHandlerAdapter.java:879)
	at org.springframework.web.servlet.mvc.method.annotation.RequestMappingHandlerAdapter.handleInternal(RequestMappingHandlerAdapter.java:793)
	at org.springframework.web.servlet.mvc.method.AbstractHandlerMethodAdapter.handle(AbstractHandlerMethodAdapter.java:87)
	at org.springframework.web.servlet.DispatcherServlet.doDispatch(DispatcherServlet.java:1040)
	at org.springframework.web.servlet.DispatcherServlet.doService(DispatcherServlet.java:943)
	at org.springframework.web.servlet.FrameworkServlet.processRequest(FrameworkServlet.java:1006)
	at org.springframework.web.servlet.FrameworkServlet.doPost(FrameworkServlet.java:909)
	at javax.servlet.http.HttpServlet.service(HttpServlet.java:660)
	at org.springframework.web.servlet.FrameworkServlet.service(FrameworkServlet.java:883)
	at javax.servlet.http.HttpServlet.service(HttpServlet.java:741)
	at org.apache.catalina.core.ApplicationFilterChain.internalDoFilter(ApplicationFilterChain.java:231)
	at org.apache.catalina.core.ApplicationFilterChain.doFilter(ApplicationFilterChain.java:166)
	at org.apache.tomcat.websocket.server.WsFilter.doFilter(WsFilter.java:53)
	at org.apache.catalina.core.ApplicationFilterChain.internalDoFilter(ApplicationFilterChain.java:193)
	at org.apache.catalina.core.ApplicationFilterChain.doFilter(ApplicationFilterChain.java:166)
	at org.springframework.web.filter.RequestContextFilter.doFilterInternal(RequestContextFilter.java:100)
	at org.springframework.web.filter.OncePerRequestFilter.doFilter(OncePerRequestFilter.java:119)
	at org.apache.catalina.core.ApplicationFilterChain.internalDoFilter(ApplicationFilterChain.java:193)
	at org.apache.catalina.core.ApplicationFilterChain.doFilter(ApplicationFilterChain.java:166)
	at org.springframework.web.filter.FormContentFilter.doFilterInternal(FormContentFilter.java:93)
	at org.springframework.web.filter.OncePerRequestFilter.doFilter(OncePerRequestFilter.java:119)
	at org.apache.catalina.core.ApplicationFilterChain.internalDoFilter(ApplicationFilterChain.java:193)
	at org.apache.catalina.core.ApplicationFilterChain.doFilter(ApplicationFilterChain.java:166)
	at org.springframework.web.filter.CharacterEncodingFilter.doFilterInternal(CharacterEncodingFilter.java:201)
	at org.springframework.web.filter.OncePerRequestFilter.doFilter(OncePerRequestFilter.java:119)
	at org.apache.catalina.core.ApplicationFilterChain.internalDoFilter(ApplicationFilterChain.java:193)
	at org.apache.catalina.core.ApplicationFilterChain.doFilter(ApplicationFilterChain.java:166)
	at org.apache.catalina.core.StandardWrapperValve.invoke(StandardWrapperValve.java:202)
	at org.apache.catalina.core.StandardContextValve.invoke(StandardContextValve.java:96)
	at org.apache.catalina.authenticator.AuthenticatorBase.invoke(AuthenticatorBase.java:541)
	at org.apache.catalina.core.StandardHostValve.invoke(StandardHostValve.java:139)
	at org.apache.catalina.valves.ErrorReportValve.invoke(ErrorReportValve.java:92)
	at org.apache.catalina.core.StandardEngineValve.invoke(StandardEngineValve.java:74)
	at org.apache.catalina.connector.CoyoteAdapter.service(CoyoteAdapter.java:343)
	at org.apache.coyote.http11.Http11Processor.service(Http11Processor.java:367)
	at org.apache.coyote.AbstractProcessorLight.process(AbstractProcessorLight.java:65)
	at org.apache.coyote.AbstractProtocol$ConnectionHandler.process(AbstractProtocol.java:868)
	at org.apache.tomcat.util.net.NioEndpoint$SocketProcessor.doRun(NioEndpoint.java:1639)
	at org.apache.tomcat.util.net.SocketProcessorBase.run(SocketProcessorBase.java:49)
	at java.util.concurrent.ThreadPoolExecutor.runWorker(ThreadPoolExecutor.java:1149)
	at java.util.concurrent.ThreadPoolExecutor$Worker.run(ThreadPoolExecutor.java:624)
	at org.apache.tomcat.util.threads.TaskThread$WrappingRunnable.run(TaskThread.java:61)
	at java.lang.Thread.run(Thread.java:748)
INFO 2020-05-08 00:08:12.638 [SpringContextShutdownHook] o.s.s.c.ThreadPoolTaskExecutor-Shutting down ExecutorService 'applicationTaskExecutor'
INFO 2020-05-08 00:08:12.639 [SpringContextShutdownHook] com.zaxxer.hikari.HikariDataSource-HikariPool-1 - Shutdown initiated...
INFO 2020-05-08 00:08:12.642 [SpringContextShutdownHook] com.zaxxer.hikari.HikariDataSource-HikariPool-1 - Shutdown completed.
INFO 2020-05-08 00:08:14.942 [main] com.example.demo.DemoApplication-Starting DemoApplication on LAPTOP-C1QADBMM with PID 20024 (D:\example\target\classes started by Tyler Wong in D:\example)
INFO 2020-05-08 00:08:14.945 [main] com.example.demo.DemoApplication-The following profiles are active: dev
WARN 2020-05-08 00:08:15.384 [main] o.m.s.mapper.ClassPathMapperScanner-No MyBatis mapper was found in '[com.example.demo]' package. Please check your configuration.
INFO 2020-05-08 00:08:15.746 [main] o.s.b.w.e.tomcat.TomcatWebServer-Tomcat initialized with port(s): 8081 (http)
INFO 2020-05-08 00:08:15.753 [main] o.a.coyote.http11.Http11NioProtocol-Initializing ProtocolHandler ["http-nio-8081"]
INFO 2020-05-08 00:08:15.753 [main] o.a.catalina.core.StandardService-Starting service [Tomcat]
INFO 2020-05-08 00:08:15.753 [main] o.a.catalina.core.StandardEngine-Starting Servlet engine: [Apache Tomcat/9.0.31]
INFO 2020-05-08 00:08:15.822 [main] o.a.c.c.C.[Tomcat].[localhost].[/]-Initializing Spring embedded WebApplicationContext
INFO 2020-05-08 00:08:15.822 [main] o.s.web.context.ContextLoader-Root WebApplicationContext: initialization completed in 837 ms
INFO 2020-05-08 00:08:16.028 [main] o.s.s.c.ThreadPoolTaskExecutor-Initializing ExecutorService 'applicationTaskExecutor'
INFO 2020-05-08 00:08:16.159 [main] t.m.m.a.MapperCacheDisabler-Clear tk.mybatis.mapper.util.MsUtil CLASS_CACHE cache.
INFO 2020-05-08 00:08:16.159 [main] t.m.m.a.MapperCacheDisabler-Clear tk.mybatis.mapper.genid.GenIdUtil CACHE cache.
INFO 2020-05-08 00:08:16.159 [main] t.m.m.a.MapperCacheDisabler-Clear tk.mybatis.mapper.version.VersionUtil CACHE cache.
INFO 2020-05-08 00:08:16.160 [main] t.m.m.a.MapperCacheDisabler-Clear EntityHelper entityTableMap cache.
INFO 2020-05-08 00:08:16.207 [main] com.zaxxer.hikari.HikariDataSource-HikariPool-1 - Starting...
INFO 2020-05-08 00:08:16.619 [main] com.zaxxer.hikari.HikariDataSource-HikariPool-1 - Start completed.
INFO 2020-05-08 00:08:17.372 [main] liquibase.executor.jvm.JdbcExecutor-SELECT COUNT(*) FROM test.DATABASECHANGELOGLOCK
INFO 2020-05-08 00:08:17.378 [main] liquibase.executor.jvm.JdbcExecutor-SELECT COUNT(*) FROM test.DATABASECHANGELOGLOCK
INFO 2020-05-08 00:08:17.380 [main] liquibase.executor.jvm.JdbcExecutor-SELECT `LOCKED` FROM test.DATABASECHANGELOGLOCK WHERE ID=1
INFO 2020-05-08 00:08:17.389 [main] l.lockservice.StandardLockService-Successfully acquired change log lock
INFO 2020-05-08 00:08:18.462 [main] l.changelog.DatabaseChangeLog-Reading resource: liquibase/changelog/changelog-tyler-1.0.sql
INFO 2020-05-08 00:08:18.518 [main] liquibase.executor.jvm.JdbcExecutor-SELECT MD5SUM FROM test.DATABASECHANGELOG WHERE MD5SUM IS NOT NULL LIMIT 1
INFO 2020-05-08 00:08:18.519 [main] liquibase.executor.jvm.JdbcExecutor-SELECT COUNT(*) FROM test.DATABASECHANGELOG
INFO 2020-05-08 00:08:18.521 [main] l.c.StandardChangeLogHistoryService-Reading from test.DATABASECHANGELOG
INFO 2020-05-08 00:08:18.521 [main] liquibase.executor.jvm.JdbcExecutor-SELECT * FROM test.DATABASECHANGELOG ORDER BY DATEEXECUTED ASC, ORDEREXECUTED ASC
INFO 2020-05-08 00:08:18.527 [main] l.lockservice.StandardLockService-Successfully released change log lock
INFO 2020-05-08 00:08:18.568 [main] o.a.coyote.http11.Http11NioProtocol-Starting ProtocolHandler ["http-nio-8081"]
INFO 2020-05-08 00:08:18.585 [main] o.s.b.w.e.tomcat.TomcatWebServer-Tomcat started on port(s): 8081 (http) with context path ''
INFO 2020-05-08 00:08:18.588 [main] com.example.demo.DemoApplication-Started DemoApplication in 4.279 seconds (JVM running for 5.084)
INFO 2020-05-08 00:08:24.337 [http-nio-8081-exec-2] o.a.c.c.C.[Tomcat].[localhost].[/]-Initializing Spring DispatcherServlet 'dispatcherServlet'
INFO 2020-05-08 00:08:24.337 [http-nio-8081-exec-2] o.s.web.servlet.DispatcherServlet-Initializing Servlet 'dispatcherServlet'
INFO 2020-05-08 00:08:24.341 [http-nio-8081-exec-2] o.s.web.servlet.DispatcherServlet-Completed initialization in 4 ms
ERROR2020-05-08 00:08:24.420 [http-nio-8081-exec-2] o.a.c.c.C.[.[.[.[dispatcherServlet]-Servlet.service() for servlet [dispatcherServlet] in context with path [] threw exception [Request processing failed; nested exception is org.apache.ibatis.binding.BindingException: Invalid bound statement (not found): com.example.demo.base.service.BaseService.insert] with root cause
org.apache.ibatis.binding.BindingException: Invalid bound statement (not found): com.example.demo.base.service.BaseService.insert
	at org.apache.ibatis.binding.MapperMethod$SqlCommand.<init>(MapperMethod.java:227)
	at org.apache.ibatis.binding.MapperMethod.<init>(MapperMethod.java:49)
	at org.apache.ibatis.binding.MapperProxy.cachedMapperMethod(MapperProxy.java:65)
	at org.apache.ibatis.binding.MapperProxy.invoke(MapperProxy.java:58)
	at com.sun.proxy.$Proxy66.insert(Unknown Source)
	at com.example.demo.base.controller.BaseController.AddObject(BaseController.java:25)
	at sun.reflect.NativeMethodAccessorImpl.invoke0(Native Method)
	at sun.reflect.NativeMethodAccessorImpl.invoke(NativeMethodAccessorImpl.java:62)
	at sun.reflect.DelegatingMethodAccessorImpl.invoke(DelegatingMethodAccessorImpl.java:43)
	at java.lang.reflect.Method.invoke(Method.java:498)
	at org.springframework.web.method.support.InvocableHandlerMethod.doInvoke(InvocableHandlerMethod.java:190)
	at org.springframework.web.method.support.InvocableHandlerMethod.invokeForRequest(InvocableHandlerMethod.java:138)
	at org.springframework.web.servlet.mvc.method.annotation.ServletInvocableHandlerMethod.invokeAndHandle(ServletInvocableHandlerMethod.java:106)
	at org.springframework.web.servlet.mvc.method.annotation.RequestMappingHandlerAdapter.invokeHandlerMethod(RequestMappingHandlerAdapter.java:879)
	at org.springframework.web.servlet.mvc.method.annotation.RequestMappingHandlerAdapter.handleInternal(RequestMappingHandlerAdapter.java:793)
	at org.springframework.web.servlet.mvc.method.AbstractHandlerMethodAdapter.handle(AbstractHandlerMethodAdapter.java:87)
	at org.springframework.web.servlet.DispatcherServlet.doDispatch(DispatcherServlet.java:1040)
	at org.springframework.web.servlet.DispatcherServlet.doService(DispatcherServlet.java:943)
	at org.springframework.web.servlet.FrameworkServlet.processRequest(FrameworkServlet.java:1006)
	at org.springframework.web.servlet.FrameworkServlet.doPost(FrameworkServlet.java:909)
	at javax.servlet.http.HttpServlet.service(HttpServlet.java:660)
	at org.springframework.web.servlet.FrameworkServlet.service(FrameworkServlet.java:883)
	at javax.servlet.http.HttpServlet.service(HttpServlet.java:741)
	at org.apache.catalina.core.ApplicationFilterChain.internalDoFilter(ApplicationFilterChain.java:231)
	at org.apache.catalina.core.ApplicationFilterChain.doFilter(ApplicationFilterChain.java:166)
	at org.apache.tomcat.websocket.server.WsFilter.doFilter(WsFilter.java:53)
	at org.apache.catalina.core.ApplicationFilterChain.internalDoFilter(ApplicationFilterChain.java:193)
	at org.apache.catalina.core.ApplicationFilterChain.doFilter(ApplicationFilterChain.java:166)
	at org.springframework.web.filter.RequestContextFilter.doFilterInternal(RequestContextFilter.java:100)
	at org.springframework.web.filter.OncePerRequestFilter.doFilter(OncePerRequestFilter.java:119)
	at org.apache.catalina.core.ApplicationFilterChain.internalDoFilter(ApplicationFilterChain.java:193)
	at org.apache.catalina.core.ApplicationFilterChain.doFilter(ApplicationFilterChain.java:166)
	at org.springframework.web.filter.FormContentFilter.doFilterInternal(FormContentFilter.java:93)
	at org.springframework.web.filter.OncePerRequestFilter.doFilter(OncePerRequestFilter.java:119)
	at org.apache.catalina.core.ApplicationFilterChain.internalDoFilter(ApplicationFilterChain.java:193)
	at org.apache.catalina.core.ApplicationFilterChain.doFilter(ApplicationFilterChain.java:166)
	at org.springframework.web.filter.CharacterEncodingFilter.doFilterInternal(CharacterEncodingFilter.java:201)
	at org.springframework.web.filter.OncePerRequestFilter.doFilter(OncePerRequestFilter.java:119)
	at org.apache.catalina.core.ApplicationFilterChain.internalDoFilter(ApplicationFilterChain.java:193)
	at org.apache.catalina.core.ApplicationFilterChain.doFilter(ApplicationFilterChain.java:166)
	at org.apache.catalina.core.StandardWrapperValve.invoke(StandardWrapperValve.java:202)
	at org.apache.catalina.core.StandardContextValve.invoke(StandardContextValve.java:96)
	at org.apache.catalina.authenticator.AuthenticatorBase.invoke(AuthenticatorBase.java:541)
	at org.apache.catalina.core.StandardHostValve.invoke(StandardHostValve.java:139)
	at org.apache.catalina.valves.ErrorReportValve.invoke(ErrorReportValve.java:92)
	at org.apache.catalina.core.StandardEngineValve.invoke(StandardEngineValve.java:74)
	at org.apache.catalina.connector.CoyoteAdapter.service(CoyoteAdapter.java:343)
	at org.apache.coyote.http11.Http11Processor.service(Http11Processor.java:367)
	at org.apache.coyote.AbstractProcessorLight.process(AbstractProcessorLight.java:65)
	at org.apache.coyote.AbstractProtocol$ConnectionHandler.process(AbstractProtocol.java:868)
	at org.apache.tomcat.util.net.NioEndpoint$SocketProcessor.doRun(NioEndpoint.java:1639)
	at org.apache.tomcat.util.net.SocketProcessorBase.run(SocketProcessorBase.java:49)
	at java.util.concurrent.ThreadPoolExecutor.runWorker(ThreadPoolExecutor.java:1149)
	at java.util.concurrent.ThreadPoolExecutor$Worker.run(ThreadPoolExecutor.java:624)
	at org.apache.tomcat.util.threads.TaskThread$WrappingRunnable.run(TaskThread.java:61)
	at java.lang.Thread.run(Thread.java:748)
INFO 2020-05-08 00:09:11.364 [SpringContextShutdownHook] o.s.s.c.ThreadPoolTaskExecutor-Shutting down ExecutorService 'applicationTaskExecutor'
INFO 2020-05-08 00:09:11.365 [SpringContextShutdownHook] com.zaxxer.hikari.HikariDataSource-HikariPool-1 - Shutdown initiated...
INFO 2020-05-08 00:09:11.367 [SpringContextShutdownHook] com.zaxxer.hikari.HikariDataSource-HikariPool-1 - Shutdown completed.
INFO 2020-05-08 00:09:14.171 [main] com.example.demo.DemoApplication-Starting DemoApplication on LAPTOP-C1QADBMM with PID 8436 (D:\example\target\classes started by Tyler Wong in D:\example)
INFO 2020-05-08 00:09:14.175 [main] com.example.demo.DemoApplication-The following profiles are active: dev
WARN 2020-05-08 00:09:14.605 [main] o.m.s.mapper.ClassPathMapperScanner-No MyBatis mapper was found in '[com.example.demo]' package. Please check your configuration.
INFO 2020-05-08 00:09:14.954 [main] o.s.b.w.e.tomcat.TomcatWebServer-Tomcat initialized with port(s): 8081 (http)
INFO 2020-05-08 00:09:14.969 [main] o.a.coyote.http11.Http11NioProtocol-Initializing ProtocolHandler ["http-nio-8081"]
INFO 2020-05-08 00:09:14.970 [main] o.a.catalina.core.StandardService-Starting service [Tomcat]
INFO 2020-05-08 00:09:14.970 [main] o.a.catalina.core.StandardEngine-Starting Servlet engine: [Apache Tomcat/9.0.31]
INFO 2020-05-08 00:09:15.039 [main] o.a.c.c.C.[Tomcat].[localhost].[/]-Initializing Spring embedded WebApplicationContext
INFO 2020-05-08 00:09:15.040 [main] o.s.web.context.ContextLoader-Root WebApplicationContext: initialization completed in 825 ms
INFO 2020-05-08 00:09:15.289 [main] o.s.s.c.ThreadPoolTaskExecutor-Initializing ExecutorService 'applicationTaskExecutor'
INFO 2020-05-08 00:09:15.433 [main] t.m.m.a.MapperCacheDisabler-Clear tk.mybatis.mapper.util.MsUtil CLASS_CACHE cache.
INFO 2020-05-08 00:09:15.433 [main] t.m.m.a.MapperCacheDisabler-Clear tk.mybatis.mapper.genid.GenIdUtil CACHE cache.
INFO 2020-05-08 00:09:15.434 [main] t.m.m.a.MapperCacheDisabler-Clear tk.mybatis.mapper.version.VersionUtil CACHE cache.
INFO 2020-05-08 00:09:15.435 [main] t.m.m.a.MapperCacheDisabler-Clear EntityHelper entityTableMap cache.
INFO 2020-05-08 00:09:15.485 [main] com.zaxxer.hikari.HikariDataSource-HikariPool-1 - Starting...
INFO 2020-05-08 00:09:15.940 [main] com.zaxxer.hikari.HikariDataSource-HikariPool-1 - Start completed.
INFO 2020-05-08 00:09:16.656 [main] liquibase.executor.jvm.JdbcExecutor-SELECT COUNT(*) FROM test.DATABASECHANGELOGLOCK
INFO 2020-05-08 00:09:16.665 [main] liquibase.executor.jvm.JdbcExecutor-SELECT COUNT(*) FROM test.DATABASECHANGELOGLOCK
INFO 2020-05-08 00:09:16.667 [main] liquibase.executor.jvm.JdbcExecutor-SELECT `LOCKED` FROM test.DATABASECHANGELOGLOCK WHERE ID=1
INFO 2020-05-08 00:09:16.676 [main] l.lockservice.StandardLockService-Successfully acquired change log lock
INFO 2020-05-08 00:09:17.731 [main] l.changelog.DatabaseChangeLog-Reading resource: liquibase/changelog/changelog-tyler-1.0.sql
INFO 2020-05-08 00:09:17.783 [main] liquibase.executor.jvm.JdbcExecutor-SELECT MD5SUM FROM test.DATABASECHANGELOG WHERE MD5SUM IS NOT NULL LIMIT 1
INFO 2020-05-08 00:09:17.783 [main] liquibase.executor.jvm.JdbcExecutor-SELECT COUNT(*) FROM test.DATABASECHANGELOG
INFO 2020-05-08 00:09:17.785 [main] l.c.StandardChangeLogHistoryService-Reading from test.DATABASECHANGELOG
INFO 2020-05-08 00:09:17.785 [main] liquibase.executor.jvm.JdbcExecutor-SELECT * FROM test.DATABASECHANGELOG ORDER BY DATEEXECUTED ASC, ORDEREXECUTED ASC
INFO 2020-05-08 00:09:17.792 [main] l.lockservice.StandardLockService-Successfully released change log lock
INFO 2020-05-08 00:09:17.833 [main] o.a.coyote.http11.Http11NioProtocol-Starting ProtocolHandler ["http-nio-8081"]
INFO 2020-05-08 00:09:17.850 [main] o.s.b.w.e.tomcat.TomcatWebServer-Tomcat started on port(s): 8081 (http) with context path ''
INFO 2020-05-08 00:09:17.853 [main] com.example.demo.DemoApplication-Started DemoApplication in 4.262 seconds (JVM running for 5.023)
INFO 2020-05-08 00:09:21.707 [http-nio-8081-exec-1] o.a.c.c.C.[Tomcat].[localhost].[/]-Initializing Spring DispatcherServlet 'dispatcherServlet'
INFO 2020-05-08 00:09:21.707 [http-nio-8081-exec-1] o.s.web.servlet.DispatcherServlet-Initializing Servlet 'dispatcherServlet'
INFO 2020-05-08 00:09:21.712 [http-nio-8081-exec-1] o.s.web.servlet.DispatcherServlet-Completed initialization in 5 ms
ERROR2020-05-08 00:09:28.269 [http-nio-8081-exec-3] o.a.c.c.C.[.[.[.[dispatcherServlet]-Servlet.service() for servlet [dispatcherServlet] in context with path [] threw exception [Request processing failed; nested exception is org.apache.ibatis.binding.BindingException: Invalid bound statement (not found): com.example.demo.base.service.BaseService.insert] with root cause
org.apache.ibatis.binding.BindingException: Invalid bound statement (not found): com.example.demo.base.service.BaseService.insert
	at org.apache.ibatis.binding.MapperMethod$SqlCommand.<init>(MapperMethod.java:227)
	at org.apache.ibatis.binding.MapperMethod.<init>(MapperMethod.java:49)
	at org.apache.ibatis.binding.MapperProxy.cachedMapperMethod(MapperProxy.java:65)
	at org.apache.ibatis.binding.MapperProxy.invoke(MapperProxy.java:58)
	at com.sun.proxy.$Proxy66.insert(Unknown Source)
	at com.example.demo.base.controller.BaseController.AddObject(BaseController.java:25)
	at sun.reflect.NativeMethodAccessorImpl.invoke0(Native Method)
	at sun.reflect.NativeMethodAccessorImpl.invoke(NativeMethodAccessorImpl.java:62)
	at sun.reflect.DelegatingMethodAccessorImpl.invoke(DelegatingMethodAccessorImpl.java:43)
	at java.lang.reflect.Method.invoke(Method.java:498)
	at org.springframework.web.method.support.InvocableHandlerMethod.doInvoke(InvocableHandlerMethod.java:190)
	at org.springframework.web.method.support.InvocableHandlerMethod.invokeForRequest(InvocableHandlerMethod.java:138)
	at org.springframework.web.servlet.mvc.method.annotation.ServletInvocableHandlerMethod.invokeAndHandle(ServletInvocableHandlerMethod.java:106)
	at org.springframework.web.servlet.mvc.method.annotation.RequestMappingHandlerAdapter.invokeHandlerMethod(RequestMappingHandlerAdapter.java:879)
	at org.springframework.web.servlet.mvc.method.annotation.RequestMappingHandlerAdapter.handleInternal(RequestMappingHandlerAdapter.java:793)
	at org.springframework.web.servlet.mvc.method.AbstractHandlerMethodAdapter.handle(AbstractHandlerMethodAdapter.java:87)
	at org.springframework.web.servlet.DispatcherServlet.doDispatch(DispatcherServlet.java:1040)
	at org.springframework.web.servlet.DispatcherServlet.doService(DispatcherServlet.java:943)
	at org.springframework.web.servlet.FrameworkServlet.processRequest(FrameworkServlet.java:1006)
	at org.springframework.web.servlet.FrameworkServlet.doPost(FrameworkServlet.java:909)
	at javax.servlet.http.HttpServlet.service(HttpServlet.java:660)
	at org.springframework.web.servlet.FrameworkServlet.service(FrameworkServlet.java:883)
	at javax.servlet.http.HttpServlet.service(HttpServlet.java:741)
	at org.apache.catalina.core.ApplicationFilterChain.internalDoFilter(ApplicationFilterChain.java:231)
	at org.apache.catalina.core.ApplicationFilterChain.doFilter(ApplicationFilterChain.java:166)
	at org.apache.tomcat.websocket.server.WsFilter.doFilter(WsFilter.java:53)
	at org.apache.catalina.core.ApplicationFilterChain.internalDoFilter(ApplicationFilterChain.java:193)
	at org.apache.catalina.core.ApplicationFilterChain.doFilter(ApplicationFilterChain.java:166)
	at org.springframework.web.filter.RequestContextFilter.doFilterInternal(RequestContextFilter.java:100)
	at org.springframework.web.filter.OncePerRequestFilter.doFilter(OncePerRequestFilter.java:119)
	at org.apache.catalina.core.ApplicationFilterChain.internalDoFilter(ApplicationFilterChain.java:193)
	at org.apache.catalina.core.ApplicationFilterChain.doFilter(ApplicationFilterChain.java:166)
	at org.springframework.web.filter.FormContentFilter.doFilterInternal(FormContentFilter.java:93)
	at org.springframework.web.filter.OncePerRequestFilter.doFilter(OncePerRequestFilter.java:119)
	at org.apache.catalina.core.ApplicationFilterChain.internalDoFilter(ApplicationFilterChain.java:193)
	at org.apache.catalina.core.ApplicationFilterChain.doFilter(ApplicationFilterChain.java:166)
	at org.springframework.web.filter.CharacterEncodingFilter.doFilterInternal(CharacterEncodingFilter.java:201)
	at org.springframework.web.filter.OncePerRequestFilter.doFilter(OncePerRequestFilter.java:119)
	at org.apache.catalina.core.ApplicationFilterChain.internalDoFilter(ApplicationFilterChain.java:193)
	at org.apache.catalina.core.ApplicationFilterChain.doFilter(ApplicationFilterChain.java:166)
	at org.apache.catalina.core.StandardWrapperValve.invoke(StandardWrapperValve.java:202)
	at org.apache.catalina.core.StandardContextValve.invoke(StandardContextValve.java:96)
	at org.apache.catalina.authenticator.AuthenticatorBase.invoke(AuthenticatorBase.java:541)
	at org.apache.catalina.core.StandardHostValve.invoke(StandardHostValve.java:139)
	at org.apache.catalina.valves.ErrorReportValve.invoke(ErrorReportValve.java:92)
	at org.apache.catalina.core.StandardEngineValve.invoke(StandardEngineValve.java:74)
	at org.apache.catalina.connector.CoyoteAdapter.service(CoyoteAdapter.java:343)
	at org.apache.coyote.http11.Http11Processor.service(Http11Processor.java:367)
	at org.apache.coyote.AbstractProcessorLight.process(AbstractProcessorLight.java:65)
	at org.apache.coyote.AbstractProtocol$ConnectionHandler.process(AbstractProtocol.java:868)
	at org.apache.tomcat.util.net.NioEndpoint$SocketProcessor.doRun(NioEndpoint.java:1639)
	at org.apache.tomcat.util.net.SocketProcessorBase.run(SocketProcessorBase.java:49)
	at java.util.concurrent.ThreadPoolExecutor.runWorker(ThreadPoolExecutor.java:1149)
	at java.util.concurrent.ThreadPoolExecutor$Worker.run(ThreadPoolExecutor.java:624)
	at org.apache.tomcat.util.threads.TaskThread$WrappingRunnable.run(TaskThread.java:61)
	at java.lang.Thread.run(Thread.java:748)
