WARN 2020-05-10 00:03:31.279 [HikariPool-1 housekeeper] com.zaxxer.hikari.pool.HikariPool-HikariPool-1 - Thread starvation or clock leap detected (housekeeper delta=3m6s782ms610µs900ns).
ERROR2020-05-10 00:03:31.283 [http-nio-8081-exec-4] o.a.c.c.C.[.[.[.[dispatcherServlet]-Servlet.service() for servlet [dispatcherServlet] in context with path [] threw exception [Request processing failed; nested exception is org.springframework.jdbc.BadSqlGrammarException: 
### Error updating database.  Cause: java.sql.SQLSyntaxErrorException: Unknown column 'del_flag' in 'field list'
### The error may involve com.example.demo.user.mapper.UserMapper.insert-Inline
### The error occurred while setting parameters
### SQL: INSERT INTO t_think_user  ( del_flag,user_name,real_name ) VALUES( ?,?,? )
### Cause: java.sql.SQLSyntaxErrorException: Unknown column 'del_flag' in 'field list'
; bad SQL grammar []; nested exception is java.sql.SQLSyntaxErrorException: Unknown column 'del_flag' in 'field list'] with root cause
java.sql.SQLSyntaxErrorException: Unknown column 'del_flag' in 'field list'
	at com.mysql.cj.jdbc.exceptions.SQLError.createSQLException(SQLError.java:120)
	at com.mysql.cj.jdbc.exceptions.SQLError.createSQLException(SQLError.java:97)
	at com.mysql.cj.jdbc.exceptions.SQLExceptionsMapping.translateException(SQLExceptionsMapping.java:122)
	at com.mysql.cj.jdbc.ClientPreparedStatement.executeInternal(ClientPreparedStatement.java:953)
	at com.mysql.cj.jdbc.ClientPreparedStatement.execute(ClientPreparedStatement.java:370)
	at com.zaxxer.hikari.pool.ProxyPreparedStatement.execute(ProxyPreparedStatement.java:44)
	at com.zaxxer.hikari.pool.HikariProxyPreparedStatement.execute(HikariProxyPreparedStatement.java)
	at org.apache.ibatis.executor.statement.PreparedStatementHandler.update(PreparedStatementHandler.java:46)
	at org.apache.ibatis.executor.statement.RoutingStatementHandler.update(RoutingStatementHandler.java:74)
	at org.apache.ibatis.executor.SimpleExecutor.doUpdate(SimpleExecutor.java:50)
	at org.apache.ibatis.executor.BaseExecutor.update(BaseExecutor.java:117)
	at org.apache.ibatis.executor.CachingExecutor.update(CachingExecutor.java:76)
	at org.apache.ibatis.session.defaults.DefaultSqlSession.update(DefaultSqlSession.java:198)
	at org.apache.ibatis.session.defaults.DefaultSqlSession.insert(DefaultSqlSession.java:185)
	at sun.reflect.NativeMethodAccessorImpl.invoke0(Native Method)
	at sun.reflect.NativeMethodAccessorImpl.invoke(NativeMethodAccessorImpl.java:62)
	at sun.reflect.DelegatingMethodAccessorImpl.invoke(DelegatingMethodAccessorImpl.java:43)
	at java.lang.reflect.Method.invoke(Method.java:498)
	at org.mybatis.spring.SqlSessionTemplate$SqlSessionInterceptor.invoke(SqlSessionTemplate.java:433)
	at com.sun.proxy.$Proxy72.insert(Unknown Source)
	at org.mybatis.spring.SqlSessionTemplate.insert(SqlSessionTemplate.java:278)
	at org.apache.ibatis.binding.MapperMethod.execute(MapperMethod.java:58)
	at org.apache.ibatis.binding.MapperProxy.invoke(MapperProxy.java:59)
	at com.sun.proxy.$Proxy78.insert(Unknown Source)
	at com.example.demo.user.service.impl.UserServiceImpl.insert(UserServiceImpl.java:21)
	at com.example.demo.user.service.impl.UserServiceImpl.insert(UserServiceImpl.java:12)
	at sun.reflect.NativeMethodAccessorImpl.invoke0(Native Method)
	at sun.reflect.NativeMethodAccessorImpl.invoke(NativeMethodAccessorImpl.java:62)
	at sun.reflect.DelegatingMethodAccessorImpl.invoke(DelegatingMethodAccessorImpl.java:43)
	at java.lang.reflect.Method.invoke(Method.java:498)
	at org.springframework.aop.support.AopUtils.invokeJoinpointUsingReflection(AopUtils.java:344)
	at org.springframework.aop.framework.ReflectiveMethodInvocation.invokeJoinpoint(ReflectiveMethodInvocation.java:198)
	at org.springframework.aop.framework.ReflectiveMethodInvocation.proceed(ReflectiveMethodInvocation.java:163)
	at org.springframework.transaction.interceptor.TransactionAspectSupport.invokeWithinTransaction(TransactionAspectSupport.java:366)
	at org.springframework.transaction.interceptor.TransactionInterceptor.invoke(TransactionInterceptor.java:99)
	at org.springframework.aop.framework.ReflectiveMethodInvocation.proceed(ReflectiveMethodInvocation.java:186)
	at org.springframework.aop.framework.JdkDynamicAopProxy.invoke(JdkDynamicAopProxy.java:212)
	at com.sun.proxy.$Proxy79.insert(Unknown Source)
	at com.example.demo.base.controller.BaseController.AddObject(BaseController.java:25)
	at sun.reflect.NativeMethodAccessorImpl.invoke0(Native Method)
	at sun.reflect.NativeMethodAccessorImpl.invoke(NativeMethodAccessorImpl.java:62)
	at sun.reflect.DelegatingMethodAccessorImpl.invoke(DelegatingMethodAccessorImpl.java:43)
	at java.lang.reflect.Method.invoke(Method.java:498)
	at org.springframework.web.method.support.InvocableHandlerMethod.doInvoke(InvocableHandlerMethod.java:190)
	at org.springframework.web.method.support.InvocableHandlerMethod.invokeForRequest(InvocableHandlerMethod.java:138)
	at org.springframework.web.servlet.mvc.method.annotation.ServletInvocableHandlerMethod.invokeAndHandle(ServletInvocableHandlerMethod.java:106)
	at org.springframework.web.servlet.mvc.method.annotation.RequestMappingHandlerAdapter.invokeHandlerMethod(RequestMappingHandlerAdapter.java:879)
	at org.springframework.web.servlet.mvc.method.annotation.RequestMappingHandlerAdapter.handleInternal(RequestMappingHandlerAdapter.java:793)
	at org.springframework.web.servlet.mvc.method.AbstractHandlerMethodAdapter.handle(AbstractHandlerMethodAdapter.java:87)
	at org.springframework.web.servlet.DispatcherServlet.doDispatch(DispatcherServlet.java:1040)
	at org.springframework.web.servlet.DispatcherServlet.doService(DispatcherServlet.java:943)
	at org.springframework.web.servlet.FrameworkServlet.processRequest(FrameworkServlet.java:1006)
	at org.springframework.web.servlet.FrameworkServlet.doPost(FrameworkServlet.java:909)
	at javax.servlet.http.HttpServlet.service(HttpServlet.java:660)
	at org.springframework.web.servlet.FrameworkServlet.service(FrameworkServlet.java:883)
	at javax.servlet.http.HttpServlet.service(HttpServlet.java:741)
	at org.apache.catalina.core.ApplicationFilterChain.internalDoFilter(ApplicationFilterChain.java:231)
	at org.apache.catalina.core.ApplicationFilterChain.doFilter(ApplicationFilterChain.java:166)
	at org.apache.tomcat.websocket.server.WsFilter.doFilter(WsFilter.java:53)
	at org.apache.catalina.core.ApplicationFilterChain.internalDoFilter(ApplicationFilterChain.java:193)
	at org.apache.catalina.core.ApplicationFilterChain.doFilter(ApplicationFilterChain.java:166)
	at org.springframework.web.filter.RequestContextFilter.doFilterInternal(RequestContextFilter.java:100)
	at org.springframework.web.filter.OncePerRequestFilter.doFilter(OncePerRequestFilter.java:119)
	at org.apache.catalina.core.ApplicationFilterChain.internalDoFilter(ApplicationFilterChain.java:193)
	at org.apache.catalina.core.ApplicationFilterChain.doFilter(ApplicationFilterChain.java:166)
	at org.springframework.web.filter.FormContentFilter.doFilterInternal(FormContentFilter.java:93)
	at org.springframework.web.filter.OncePerRequestFilter.doFilter(OncePerRequestFilter.java:119)
	at org.apache.catalina.core.ApplicationFilterChain.internalDoFilter(ApplicationFilterChain.java:193)
	at org.apache.catalina.core.ApplicationFilterChain.doFilter(ApplicationFilterChain.java:166)
	at org.springframework.web.filter.CharacterEncodingFilter.doFilterInternal(CharacterEncodingFilter.java:201)
	at org.springframework.web.filter.OncePerRequestFilter.doFilter(OncePerRequestFilter.java:119)
	at org.apache.catalina.core.ApplicationFilterChain.internalDoFilter(ApplicationFilterChain.java:193)
	at org.apache.catalina.core.ApplicationFilterChain.doFilter(ApplicationFilterChain.java:166)
	at org.apache.catalina.core.StandardWrapperValve.invoke(StandardWrapperValve.java:202)
	at org.apache.catalina.core.StandardContextValve.invoke(StandardContextValve.java:96)
	at org.apache.catalina.authenticator.AuthenticatorBase.invoke(AuthenticatorBase.java:541)
	at org.apache.catalina.core.StandardHostValve.invoke(StandardHostValve.java:139)
	at org.apache.catalina.valves.ErrorReportValve.invoke(ErrorReportValve.java:92)
	at org.apache.catalina.core.StandardEngineValve.invoke(StandardEngineValve.java:74)
	at org.apache.catalina.connector.CoyoteAdapter.service(CoyoteAdapter.java:343)
	at org.apache.coyote.http11.Http11Processor.service(Http11Processor.java:367)
	at org.apache.coyote.AbstractProcessorLight.process(AbstractProcessorLight.java:65)
	at org.apache.coyote.AbstractProtocol$ConnectionHandler.process(AbstractProtocol.java:868)
	at org.apache.tomcat.util.net.NioEndpoint$SocketProcessor.doRun(NioEndpoint.java:1639)
	at org.apache.tomcat.util.net.SocketProcessorBase.run(SocketProcessorBase.java:49)
	at java.util.concurrent.ThreadPoolExecutor.runWorker(ThreadPoolExecutor.java:1149)
	at java.util.concurrent.ThreadPoolExecutor$Worker.run(ThreadPoolExecutor.java:624)
	at org.apache.tomcat.util.threads.TaskThread$WrappingRunnable.run(TaskThread.java:61)
	at java.lang.Thread.run(Thread.java:748)
INFO 2020-05-10 00:03:31.327 [SpringContextShutdownHook] o.s.s.c.ThreadPoolTaskExecutor-Shutting down ExecutorService 'applicationTaskExecutor'
INFO 2020-05-10 00:03:31.328 [SpringContextShutdownHook] com.zaxxer.hikari.HikariDataSource-HikariPool-1 - Shutdown initiated...
INFO 2020-05-10 00:03:31.333 [SpringContextShutdownHook] com.zaxxer.hikari.HikariDataSource-HikariPool-1 - Shutdown completed.
INFO 2020-05-10 00:03:38.825 [main] com.example.demo.DemoApplication-Starting DemoApplication on LAPTOP-C1QADBMM with PID 15028 (D:\example\target\classes started by Tyler Wong in D:\example)
INFO 2020-05-10 00:03:38.828 [main] com.example.demo.DemoApplication-The following profiles are active: dev
INFO 2020-05-10 00:03:39.707 [main] o.s.b.w.e.tomcat.TomcatWebServer-Tomcat initialized with port(s): 8081 (http)
INFO 2020-05-10 00:03:39.715 [main] o.a.coyote.http11.Http11NioProtocol-Initializing ProtocolHandler ["http-nio-8081"]
INFO 2020-05-10 00:03:39.715 [main] o.a.catalina.core.StandardService-Starting service [Tomcat]
INFO 2020-05-10 00:03:39.715 [main] o.a.catalina.core.StandardEngine-Starting Servlet engine: [Apache Tomcat/9.0.31]
INFO 2020-05-10 00:03:39.787 [main] o.a.c.c.C.[Tomcat].[localhost].[/]-Initializing Spring embedded WebApplicationContext
INFO 2020-05-10 00:03:39.788 [main] o.s.web.context.ContextLoader-Root WebApplicationContext: initialization completed in 911 ms
INFO 2020-05-10 00:03:40.183 [main] o.s.s.c.ThreadPoolTaskExecutor-Initializing ExecutorService 'applicationTaskExecutor'
INFO 2020-05-10 00:03:40.292 [main] com.zaxxer.hikari.HikariDataSource-HikariPool-1 - Starting...
INFO 2020-05-10 00:03:40.726 [main] com.zaxxer.hikari.HikariDataSource-HikariPool-1 - Start completed.
INFO 2020-05-10 00:03:41.512 [main] liquibase.executor.jvm.JdbcExecutor-SELECT COUNT(*) FROM test.DATABASECHANGELOGLOCK
INFO 2020-05-10 00:03:41.518 [main] liquibase.executor.jvm.JdbcExecutor-SELECT COUNT(*) FROM test.DATABASECHANGELOGLOCK
INFO 2020-05-10 00:03:41.520 [main] liquibase.executor.jvm.JdbcExecutor-SELECT `LOCKED` FROM test.DATABASECHANGELOGLOCK WHERE ID=1
INFO 2020-05-10 00:03:41.531 [main] l.lockservice.StandardLockService-Successfully acquired change log lock
INFO 2020-05-10 00:03:42.672 [main] l.changelog.DatabaseChangeLog-Reading resource: liquibase/changelog/changelog-tyler-1.0.sql
INFO 2020-05-10 00:03:42.724 [main] liquibase.executor.jvm.JdbcExecutor-SELECT MD5SUM FROM test.DATABASECHANGELOG WHERE MD5SUM IS NOT NULL LIMIT 1
INFO 2020-05-10 00:03:42.725 [main] liquibase.executor.jvm.JdbcExecutor-SELECT COUNT(*) FROM test.DATABASECHANGELOG
INFO 2020-05-10 00:03:42.726 [main] l.c.StandardChangeLogHistoryService-Reading from test.DATABASECHANGELOG
INFO 2020-05-10 00:03:42.726 [main] liquibase.executor.jvm.JdbcExecutor-SELECT * FROM test.DATABASECHANGELOG ORDER BY DATEEXECUTED ASC, ORDEREXECUTED ASC
INFO 2020-05-10 00:03:42.731 [main] liquibase.executor.jvm.JdbcExecutor-CREATE TABLE t_think_user (
    id bigint not null AUTO_INCREMENT,
    user_name varchar(20) not null,
    real_name varchar(20) null,
    del_flag int(4) default null,
    primary key (id)
)ENGINE=InnoDB DEFAULT CHARSET=utf8
INFO 2020-05-10 00:03:42.773 [main] liquibase.changelog.ChangeSet-Custom SQL executed
INFO 2020-05-10 00:03:42.773 [main] liquibase.changelog.ChangeSet-ChangeSet liquibase/changelog/changelog-tyler-1.0.sql::1.0::tyler ran successfully in 44ms
INFO 2020-05-10 00:03:42.774 [main] liquibase.executor.jvm.JdbcExecutor-SELECT MAX(ORDEREXECUTED) FROM test.DATABASECHANGELOG
INFO 2020-05-10 00:03:42.776 [main] liquibase.executor.jvm.JdbcExecutor-INSERT INTO test.DATABASECHANGELOG (ID, AUTHOR, FILENAME, DATEEXECUTED, ORDEREXECUTED, MD5SUM, `DESCRIPTION`, COMMENTS, EXECTYPE, CONTEXTS, LABELS, LIQUIBASE, DEPLOYMENT_ID) VALUES ('1.0', 'tyler', 'liquibase/changelog/changelog-tyler-1.0.sql', NOW(), 1, '8:fe41422a577d2e8d8c8e81d8e874ae7e', 'sql', '', 'EXECUTED', NULL, NULL, '3.8.7', '9040222727')
INFO 2020-05-10 00:03:42.782 [main] l.lockservice.StandardLockService-Successfully released change log lock
INFO 2020-05-10 00:03:42.814 [main] t.m.m.a.MapperCacheDisabler-Clear tk.mybatis.mapper.util.MsUtil CLASS_CACHE cache.
INFO 2020-05-10 00:03:42.814 [main] t.m.m.a.MapperCacheDisabler-Clear tk.mybatis.mapper.genid.GenIdUtil CACHE cache.
INFO 2020-05-10 00:03:42.815 [main] t.m.m.a.MapperCacheDisabler-Clear tk.mybatis.mapper.version.VersionUtil CACHE cache.
INFO 2020-05-10 00:03:42.815 [main] t.m.m.a.MapperCacheDisabler-Clear EntityHelper entityTableMap cache.
INFO 2020-05-10 00:03:42.831 [main] o.a.coyote.http11.Http11NioProtocol-Starting ProtocolHandler ["http-nio-8081"]
INFO 2020-05-10 00:03:42.851 [main] o.s.b.w.e.tomcat.TomcatWebServer-Tomcat started on port(s): 8081 (http) with context path ''
INFO 2020-05-10 00:03:42.854 [main] com.example.demo.DemoApplication-Started DemoApplication in 4.653 seconds (JVM running for 5.447)
INFO 2020-05-10 00:03:48.052 [http-nio-8081-exec-2] o.a.c.c.C.[Tomcat].[localhost].[/]-Initializing Spring DispatcherServlet 'dispatcherServlet'
INFO 2020-05-10 00:03:48.052 [http-nio-8081-exec-2] o.s.web.servlet.DispatcherServlet-Initializing Servlet 'dispatcherServlet'
INFO 2020-05-10 00:03:48.057 [http-nio-8081-exec-2] o.s.web.servlet.DispatcherServlet-Completed initialization in 5 ms
INFO 2020-05-10 00:05:43.017 [SpringContextShutdownHook] o.s.s.c.ThreadPoolTaskExecutor-Shutting down ExecutorService 'applicationTaskExecutor'
INFO 2020-05-10 00:05:43.018 [SpringContextShutdownHook] com.zaxxer.hikari.HikariDataSource-HikariPool-1 - Shutdown initiated...
INFO 2020-05-10 00:05:43.022 [SpringContextShutdownHook] com.zaxxer.hikari.HikariDataSource-HikariPool-1 - Shutdown completed.
INFO 2020-05-10 00:05:49.839 [main] com.example.demo.DemoApplication-Starting DemoApplication on LAPTOP-C1QADBMM with PID 17008 (D:\example\target\classes started by Tyler Wong in D:\example)
INFO 2020-05-10 00:05:49.842 [main] com.example.demo.DemoApplication-The following profiles are active: dev
WARN 2020-05-10 00:05:50.333 [main] o.m.s.mapper.ClassPathMapperScanner-Skipping MapperFactoryBean with name 'userMapper' and 'com.example.demo.user.mapper.UserMapper' mapperInterface. Bean already defined with the same name!
WARN 2020-05-10 00:05:50.333 [main] o.m.s.mapper.ClassPathMapperScanner-No MyBatis mapper was found in '[com.example.demo]' package. Please check your configuration.
INFO 2020-05-10 00:05:50.726 [main] o.s.b.w.e.tomcat.TomcatWebServer-Tomcat initialized with port(s): 8081 (http)
INFO 2020-05-10 00:05:50.732 [main] o.a.coyote.http11.Http11NioProtocol-Initializing ProtocolHandler ["http-nio-8081"]
INFO 2020-05-10 00:05:50.733 [main] o.a.catalina.core.StandardService-Starting service [Tomcat]
INFO 2020-05-10 00:05:50.733 [main] o.a.catalina.core.StandardEngine-Starting Servlet engine: [Apache Tomcat/9.0.31]
INFO 2020-05-10 00:05:50.810 [main] o.a.c.c.C.[Tomcat].[localhost].[/]-Initializing Spring embedded WebApplicationContext
INFO 2020-05-10 00:05:50.811 [main] o.s.web.context.ContextLoader-Root WebApplicationContext: initialization completed in 916 ms
INFO 2020-05-10 00:05:51.204 [main] o.s.s.c.ThreadPoolTaskExecutor-Initializing ExecutorService 'applicationTaskExecutor'
INFO 2020-05-10 00:05:51.290 [main] t.m.m.a.MapperCacheDisabler-Clear tk.mybatis.mapper.util.MsUtil CLASS_CACHE cache.
INFO 2020-05-10 00:05:51.291 [main] t.m.m.a.MapperCacheDisabler-Clear tk.mybatis.mapper.genid.GenIdUtil CACHE cache.
INFO 2020-05-10 00:05:51.291 [main] t.m.m.a.MapperCacheDisabler-Clear tk.mybatis.mapper.version.VersionUtil CACHE cache.
INFO 2020-05-10 00:05:51.291 [main] t.m.m.a.MapperCacheDisabler-Clear EntityHelper entityTableMap cache.
INFO 2020-05-10 00:05:51.335 [main] com.zaxxer.hikari.HikariDataSource-HikariPool-1 - Starting...
INFO 2020-05-10 00:05:51.795 [main] com.zaxxer.hikari.HikariDataSource-HikariPool-1 - Start completed.
INFO 2020-05-10 00:05:52.578 [main] liquibase.executor.jvm.JdbcExecutor-SELECT COUNT(*) FROM test.DATABASECHANGELOGLOCK
INFO 2020-05-10 00:05:52.585 [main] liquibase.executor.jvm.JdbcExecutor-SELECT COUNT(*) FROM test.DATABASECHANGELOGLOCK
INFO 2020-05-10 00:05:52.588 [main] liquibase.executor.jvm.JdbcExecutor-SELECT `LOCKED` FROM test.DATABASECHANGELOGLOCK WHERE ID=1
INFO 2020-05-10 00:05:52.598 [main] l.lockservice.StandardLockService-Successfully acquired change log lock
INFO 2020-05-10 00:05:53.738 [main] l.changelog.DatabaseChangeLog-Reading resource: liquibase/changelog/changelog-tyler-1.0.sql
INFO 2020-05-10 00:05:53.790 [main] liquibase.executor.jvm.JdbcExecutor-SELECT MD5SUM FROM test.DATABASECHANGELOG WHERE MD5SUM IS NOT NULL LIMIT 1
INFO 2020-05-10 00:05:53.791 [main] liquibase.executor.jvm.JdbcExecutor-SELECT COUNT(*) FROM test.DATABASECHANGELOG
INFO 2020-05-10 00:05:53.793 [main] l.c.StandardChangeLogHistoryService-Reading from test.DATABASECHANGELOG
INFO 2020-05-10 00:05:53.793 [main] liquibase.executor.jvm.JdbcExecutor-SELECT * FROM test.DATABASECHANGELOG ORDER BY DATEEXECUTED ASC, ORDEREXECUTED ASC
INFO 2020-05-10 00:05:53.801 [main] l.lockservice.StandardLockService-Successfully released change log lock
INFO 2020-05-10 00:05:53.842 [main] o.a.coyote.http11.Http11NioProtocol-Starting ProtocolHandler ["http-nio-8081"]
INFO 2020-05-10 00:05:53.860 [main] o.s.b.w.e.tomcat.TomcatWebServer-Tomcat started on port(s): 8081 (http) with context path ''
INFO 2020-05-10 00:05:53.864 [main] com.example.demo.DemoApplication-Started DemoApplication in 4.736 seconds (JVM running for 5.591)
INFO 2020-05-10 00:05:56.454 [http-nio-8081-exec-2] o.a.c.c.C.[Tomcat].[localhost].[/]-Initializing Spring DispatcherServlet 'dispatcherServlet'
INFO 2020-05-10 00:05:56.454 [http-nio-8081-exec-2] o.s.web.servlet.DispatcherServlet-Initializing Servlet 'dispatcherServlet'
INFO 2020-05-10 00:05:56.458 [http-nio-8081-exec-2] o.s.web.servlet.DispatcherServlet-Completed initialization in 4 ms
