INFO  23:01:24.097[main]-com.example.demo.com.example.demo.DemoApplication-Starting com.example.demo.com.example.demo.DemoApplication on LAPTOP-C1QADBMM with PID 14556 (D:\example\target\classes started by Tyler Wong in D:\example)
INFO  23:01:24.099[main]-com.example.demo.com.example.demo.DemoApplication-The following profiles are active: dev
INFO  23:01:24.824[main]-o.s.b.w.e.tomcat.TomcatWebServer-Tomcat initialized with port(s): 8081 (http)
INFO  23:01:24.831[main]-o.a.coyote.http11.Http11NioProtocol-Initializing ProtocolHandler ["http-nio-8081"]
INFO  23:01:24.832[main]-o.a.catalina.core.StandardService-Starting service [Tomcat]
INFO  23:01:24.832[main]-o.a.catalina.core.StandardEngine-Starting Servlet engine: [Apache Tomcat/9.0.33]
INFO  23:01:24.911[main]-o.a.c.c.C.[Tomcat].[localhost].[/]-Initializing Spring embedded WebApplicationContext
INFO  23:01:24.911[main]-o.s.web.context.ContextLoader-Root WebApplicationContext: initialization completed in 780 ms
INFO  23:01:25.121[main]-o.s.s.c.ThreadPoolTaskExecutor-Initializing ExecutorService 'applicationTaskExecutor'
INFO  23:01:25.228[main]-o.a.coyote.http11.Http11NioProtocol-Starting ProtocolHandler ["http-nio-8081"]
INFO  23:01:25.247[main]-o.s.b.w.e.tomcat.TomcatWebServer-Tomcat started on port(s): 8081 (http) with context path ''
INFO  23:01:25.249[main]-com.example.demo.com.example.demo.DemoApplication-Started com.example.demo.com.example.demo.DemoApplication in 2.048 seconds (JVM running for 2.797)
INFO  23:01:57.581[SpringContextShutdownHook]-o.s.s.c.ThreadPoolTaskExecutor-Shutting down ExecutorService 'applicationTaskExecutor'
[INFO ]-23:02:00.784[main]-com.example.demo.com.example.demo.DemoApplication-Starting com.example.demo.com.example.demo.DemoApplication on LAPTOP-C1QADBMM with PID 6744 (D:\example\target\classes started by Tyler Wong in D:\example)
[INFO ]-23:02:00.786[main]-com.example.demo.com.example.demo.DemoApplication-The following profiles are active: dev
[INFO ]-23:02:01.438[main]-o.s.b.w.e.tomcat.TomcatWebServer-Tomcat initialized with port(s): 8081 (http)
[INFO ]-23:02:01.446[main]-o.a.coyote.http11.Http11NioProtocol-Initializing ProtocolHandler ["http-nio-8081"]
[INFO ]-23:02:01.446[main]-o.a.catalina.core.StandardService-Starting service [Tomcat]
[INFO ]-23:02:01.447[main]-o.a.catalina.core.StandardEngine-Starting Servlet engine: [Apache Tomcat/9.0.33]
[INFO ]-23:02:01.533[main]-o.a.c.c.C.[Tomcat].[localhost].[/]-Initializing Spring embedded WebApplicationContext
[INFO ]-23:02:01.533[main]-o.s.web.context.ContextLoader-Root WebApplicationContext: initialization completed in 712 ms
[INFO ]-23:02:01.651[main]-o.s.s.c.ThreadPoolTaskExecutor-Initializing ExecutorService 'applicationTaskExecutor'
[INFO ]-23:02:01.793[main]-o.a.coyote.http11.Http11NioProtocol-Starting ProtocolHandler ["http-nio-8081"]
[INFO ]-23:02:01.811[main]-o.s.b.w.e.tomcat.TomcatWebServer-Tomcat started on port(s): 8081 (http) with context path ''
[INFO ]-23:02:01.814[main]-com.example.demo.com.example.demo.DemoApplication-Started com.example.demo.com.example.demo.DemoApplication in 2.003 seconds (JVM running for 2.766)
[INFO ]-23:02:20.942[SpringContextShutdownHook]-o.s.s.c.ThreadPoolTaskExecutor-Shutting down ExecutorService 'applicationTaskExecutor'
INFO -23:02:24.027[main]-com.example.demo.com.example.demo.DemoApplication-Starting com.example.demo.com.example.demo.DemoApplication on LAPTOP-C1QADBMM with PID 26116 (D:\example\target\classes started by Tyler Wong in D:\example)
INFO -23:02:24.029[main]-com.example.demo.com.example.demo.DemoApplication-The following profiles are active: dev
INFO -23:02:24.667[main]-o.s.b.w.e.tomcat.TomcatWebServer-Tomcat initialized with port(s): 8081 (http)
INFO -23:02:24.674[main]-o.a.coyote.http11.Http11NioProtocol-Initializing ProtocolHandler ["http-nio-8081"]
INFO -23:02:24.675[main]-o.a.catalina.core.StandardService-Starting service [Tomcat]
INFO -23:02:24.675[main]-o.a.catalina.core.StandardEngine-Starting Servlet engine: [Apache Tomcat/9.0.33]
INFO -23:02:24.756[main]-o.a.c.c.C.[Tomcat].[localhost].[/]-Initializing Spring embedded WebApplicationContext
INFO -23:02:24.756[main]-o.s.web.context.ContextLoader-Root WebApplicationContext: initialization completed in 698 ms
INFO -23:02:24.900[main]-o.s.s.c.ThreadPoolTaskExecutor-Initializing ExecutorService 'applicationTaskExecutor'
INFO -23:02:25.086[main]-o.a.coyote.http11.Http11NioProtocol-Starting ProtocolHandler ["http-nio-8081"]
INFO -23:02:25.104[main]-o.s.b.w.e.tomcat.TomcatWebServer-Tomcat started on port(s): 8081 (http) with context path ''
INFO -23:02:25.106[main]-com.example.demo.com.example.demo.DemoApplication-Started com.example.demo.com.example.demo.DemoApplication in 1.96 seconds (JVM running for 2.741)
INFO -23:02:43.414[SpringContextShutdownHook]-o.s.s.c.ThreadPoolTaskExecutor-Shutting down ExecutorService 'applicationTaskExecutor'
INFO -23:02:46.447 [main]-com.example.demo.com.example.demo.DemoApplication-Starting com.example.demo.com.example.demo.DemoApplication on LAPTOP-C1QADBMM with PID 21168 (D:\example\target\classes started by Tyler Wong in D:\example)
INFO -23:02:46.451 [main]-com.example.demo.com.example.demo.DemoApplication-The following profiles are active: dev
INFO -23:02:47.097 [main]-o.s.b.w.e.tomcat.TomcatWebServer-Tomcat initialized with port(s): 8081 (http)
INFO -23:02:47.104 [main]-o.a.coyote.http11.Http11NioProtocol-Initializing ProtocolHandler ["http-nio-8081"]
INFO -23:02:47.104 [main]-o.a.catalina.core.StandardService-Starting service [Tomcat]
INFO -23:02:47.104 [main]-o.a.catalina.core.StandardEngine-Starting Servlet engine: [Apache Tomcat/9.0.33]
INFO -23:02:47.171 [main]-o.a.c.c.C.[Tomcat].[localhost].[/]-Initializing Spring embedded WebApplicationContext
INFO -23:02:47.171 [main]-o.s.web.context.ContextLoader-Root WebApplicationContext: initialization completed in 690 ms
INFO -23:02:47.375 [main]-o.s.s.c.ThreadPoolTaskExecutor-Initializing ExecutorService 'applicationTaskExecutor'
INFO -23:02:47.485 [main]-o.a.coyote.http11.Http11NioProtocol-Starting ProtocolHandler ["http-nio-8081"]
INFO -23:02:47.504 [main]-o.s.b.w.e.tomcat.TomcatWebServer-Tomcat started on port(s): 8081 (http) with context path ''
INFO -23:02:47.506 [main]-com.example.demo.com.example.demo.DemoApplication-Started com.example.demo.com.example.demo.DemoApplication in 1.985 seconds (JVM running for 2.829)
INFO -23:02:57.267 [SpringContextShutdownHook]-o.s.s.c.ThreadPoolTaskExecutor-Shutting down ExecutorService 'applicationTaskExecutor'
INFO -23:03:00.385 [main] com.example.demo.com.example.demo.DemoApplication-Starting com.example.demo.com.example.demo.DemoApplication on LAPTOP-C1QADBMM with PID 16836 (D:\example\target\classes started by Tyler Wong in D:\example)
INFO -23:03:00.387 [main] com.example.demo.com.example.demo.DemoApplication-The following profiles are active: dev
INFO -23:03:01.032 [main] o.s.b.w.e.tomcat.TomcatWebServer-Tomcat initialized with port(s): 8081 (http)
INFO -23:03:01.039 [main] o.a.coyote.http11.Http11NioProtocol-Initializing ProtocolHandler ["http-nio-8081"]
INFO -23:03:01.040 [main] o.a.catalina.core.StandardService-Starting service [Tomcat]
INFO -23:03:01.040 [main] o.a.catalina.core.StandardEngine-Starting Servlet engine: [Apache Tomcat/9.0.33]
INFO -23:03:01.129 [main] o.a.c.c.C.[Tomcat].[localhost].[/]-Initializing Spring embedded WebApplicationContext
INFO -23:03:01.129 [main] o.s.web.context.ContextLoader-Root WebApplicationContext: initialization completed in 709 ms
INFO -23:03:01.249 [main] o.s.s.c.ThreadPoolTaskExecutor-Initializing ExecutorService 'applicationTaskExecutor'
INFO -23:03:01.385 [main] o.a.coyote.http11.Http11NioProtocol-Starting ProtocolHandler ["http-nio-8081"]
INFO -23:03:01.403 [main] o.s.b.w.e.tomcat.TomcatWebServer-Tomcat started on port(s): 8081 (http) with context path ''
INFO -23:03:01.405 [main] com.example.demo.com.example.demo.DemoApplication-Started com.example.demo.com.example.demo.DemoApplication in 1.921 seconds (JVM running for 2.701)
INFO -23:09:35.500 [SpringContextShutdownHook] o.s.s.c.ThreadPoolTaskExecutor-Shutting down ExecutorService 'applicationTaskExecutor'
INFO -23:09:39.066 [main] com.example.demo.com.example.demo.DemoApplication-Starting com.example.demo.com.example.demo.DemoApplication on LAPTOP-C1QADBMM with PID 30548 (D:\example\target\classes started by Tyler Wong in D:\example)
INFO -23:09:39.068 [main] com.example.demo.com.example.demo.DemoApplication-The following profiles are active: dev
INFO -23:09:39.968 [main] o.s.b.w.e.tomcat.TomcatWebServer-Tomcat initialized with port(s): 8081 (http)
INFO -23:09:39.976 [main] o.a.coyote.http11.Http11NioProtocol-Initializing ProtocolHandler ["http-nio-8081"]
INFO -23:09:39.977 [main] o.a.catalina.core.StandardService-Starting service [Tomcat]
INFO -23:09:39.977 [main] o.a.catalina.core.StandardEngine-Starting Servlet engine: [Apache Tomcat/9.0.33]
INFO -23:09:40.057 [main] o.a.c.c.C.[Tomcat].[localhost].[/]-Initializing Spring embedded WebApplicationContext
INFO -23:09:40.057 [main] o.s.web.context.ContextLoader-Root WebApplicationContext: initialization completed in 952 ms
INFO -23:09:40.268 [main] o.s.s.c.ThreadPoolTaskExecutor-Initializing ExecutorService 'applicationTaskExecutor'
INFO -23:09:40.377 [main] o.a.coyote.http11.Http11NioProtocol-Starting ProtocolHandler ["http-nio-8081"]
INFO -23:09:40.396 [main] o.s.b.w.e.tomcat.TomcatWebServer-Tomcat started on port(s): 8081 (http) with context path ''
INFO -23:09:40.400 [main] com.example.demo.com.example.demo.DemoApplication-Started com.example.demo.com.example.demo.DemoApplication in 2.272 seconds (JVM running for 3.507)
INFO -23:13:50.141 [SpringContextShutdownHook] o.s.s.c.ThreadPoolTaskExecutor-Shutting down ExecutorService 'applicationTaskExecutor'
INFO -23:13:53.730 [main] com.example.demo.com.example.demo.DemoApplication-Starting com.example.demo.com.example.demo.DemoApplication on LAPTOP-C1QADBMM with PID 20012 (D:\example\target\classes started by Tyler Wong in D:\example)
INFO -23:13:53.732 [main] com.example.demo.com.example.demo.DemoApplication-The following profiles are active: dev
INFO -23:13:54.375 [main] o.s.b.w.e.tomcat.TomcatWebServer-Tomcat initialized with port(s): 8081 (http)
INFO -23:13:54.383 [main] o.a.coyote.http11.Http11NioProtocol-Initializing ProtocolHandler ["http-nio-8081"]
INFO -23:13:54.383 [main] o.a.catalina.core.StandardService-Starting service [Tomcat]
INFO -23:13:54.384 [main] o.a.catalina.core.StandardEngine-Starting Servlet engine: [Apache Tomcat/9.0.33]
INFO -23:13:54.464 [main] o.a.c.c.C.[Tomcat].[localhost].[/]-Initializing Spring embedded WebApplicationContext
INFO -23:13:54.465 [main] o.s.web.context.ContextLoader-Root WebApplicationContext: initialization completed in 699 ms
INFO -23:13:54.674 [main] o.s.s.c.ThreadPoolTaskExecutor-Initializing ExecutorService 'applicationTaskExecutor'
INFO -23:13:54.777 [main] o.a.coyote.http11.Http11NioProtocol-Starting ProtocolHandler ["http-nio-8081"]
INFO -23:13:54.799 [main] o.s.b.w.e.tomcat.TomcatWebServer-Tomcat started on port(s): 8081 (http) with context path ''
INFO -23:13:54.803 [main] com.example.demo.com.example.demo.DemoApplication-Started com.example.demo.com.example.demo.DemoApplication in 1.987 seconds (JVM running for 2.931)
INFO -23:21:50.696 [SpringContextShutdownHook] o.s.s.c.ThreadPoolTaskExecutor-Shutting down ExecutorService 'applicationTaskExecutor'
INFO -23:21:54.180 [main] com.example.demo.com.example.demo.DemoApplication-Starting com.example.demo.com.example.demo.DemoApplication on LAPTOP-C1QADBMM with PID 12980 (D:\example\target\classes started by Tyler Wong in D:\example)
INFO -23:21:54.183 [main] com.example.demo.com.example.demo.DemoApplication-The following profiles are active: dev
INFO -23:21:54.826 [main] o.s.b.w.e.tomcat.TomcatWebServer-Tomcat initialized with port(s): 8081 (http)
INFO -23:21:54.833 [main] o.a.coyote.http11.Http11NioProtocol-Initializing ProtocolHandler ["http-nio-8081"]
INFO -23:21:54.834 [main] o.a.catalina.core.StandardService-Starting service [Tomcat]
INFO -23:21:54.834 [main] o.a.catalina.core.StandardEngine-Starting Servlet engine: [Apache Tomcat/9.0.33]
INFO -23:21:54.925 [main] o.a.c.c.C.[Tomcat].[localhost].[/]-Initializing Spring embedded WebApplicationContext
INFO -23:21:54.925 [main] o.s.web.context.ContextLoader-Root WebApplicationContext: initialization completed in 710 ms
INFO -23:21:55.124 [main] o.s.s.c.ThreadPoolTaskExecutor-Initializing ExecutorService 'applicationTaskExecutor'
INFO -23:21:55.228 [main] o.a.coyote.http11.Http11NioProtocol-Starting ProtocolHandler ["http-nio-8081"]
INFO -23:21:55.247 [main] o.s.b.w.e.tomcat.TomcatWebServer-Tomcat started on port(s): 8081 (http) with context path ''
INFO -23:21:55.249 [main] com.example.demo.com.example.demo.DemoApplication-Started com.example.demo.com.example.demo.DemoApplication in 2.062 seconds (JVM running for 2.958)
INFO -23:22:19.742 [SpringContextShutdownHook] o.s.s.c.ThreadPoolTaskExecutor-Shutting down ExecutorService 'applicationTaskExecutor'
INFO -23:22:22.846 [main] com.example.demo.com.example.demo.DemoApplication-Starting com.example.demo.com.example.demo.DemoApplication on LAPTOP-C1QADBMM with PID 15436 (D:\example\target\classes started by Tyler Wong in D:\example)
INFO -23:22:22.849 [main] com.example.demo.com.example.demo.DemoApplication-The following profiles are active: dev
INFO -23:22:23.487 [main] o.s.b.w.e.tomcat.TomcatWebServer-Tomcat initialized with port(s): 8081 (http)
INFO -23:22:23.494 [main] o.a.coyote.http11.Http11NioProtocol-Initializing ProtocolHandler ["http-nio-8081"]
INFO -23:22:23.494 [main] o.a.catalina.core.StandardService-Starting service [Tomcat]
INFO -23:22:23.495 [main] o.a.catalina.core.StandardEngine-Starting Servlet engine: [Apache Tomcat/9.0.33]
INFO -23:22:23.564 [main] o.a.c.c.C.[Tomcat].[localhost].[/]-Initializing Spring embedded WebApplicationContext
INFO -23:22:23.564 [main] o.s.web.context.ContextLoader-Root WebApplicationContext: initialization completed in 685 ms
INFO -23:22:23.775 [main] o.s.s.c.ThreadPoolTaskExecutor-Initializing ExecutorService 'applicationTaskExecutor'
INFO -23:22:23.879 [main] o.a.coyote.http11.Http11NioProtocol-Starting ProtocolHandler ["http-nio-8081"]
INFO -23:22:23.897 [main] o.s.b.w.e.tomcat.TomcatWebServer-Tomcat started on port(s): 8081 (http) with context path ''
INFO -23:22:23.899 [main] com.example.demo.com.example.demo.DemoApplication-Started com.example.demo.com.example.demo.DemoApplication in 1.963 seconds (JVM running for 2.74)
INFO -23:22:33.121 [SpringContextShutdownHook] o.s.s.c.ThreadPoolTaskExecutor-Shutting down ExecutorService 'applicationTaskExecutor'
INFO -23:22:36.145 [main] com.example.demo.com.example.demo.DemoApplication-Starting com.example.demo.com.example.demo.DemoApplication on LAPTOP-C1QADBMM with PID 27772 (D:\example\target\classes started by Tyler Wong in D:\example)
INFO -23:22:36.146 [main] com.example.demo.com.example.demo.DemoApplication-The following profiles are active: dev
INFO -23:22:36.784 [main] o.s.b.w.e.tomcat.TomcatWebServer-Tomcat initialized with port(s): 8081 (http)
INFO -23:22:36.792 [main] o.a.coyote.http11.Http11NioProtocol-Initializing ProtocolHandler ["http-nio-8081"]
INFO -23:22:36.792 [main] o.a.catalina.core.StandardService-Starting service [Tomcat]
INFO -23:22:36.792 [main] o.a.catalina.core.StandardEngine-Starting Servlet engine: [Apache Tomcat/9.0.33]
INFO -23:22:36.859 [main] o.a.c.c.C.[Tomcat].[localhost].[/]-Initializing Spring embedded WebApplicationContext
INFO -23:22:36.859 [main] o.s.web.context.ContextLoader-Root WebApplicationContext: initialization completed in 681 ms
INFO -23:22:36.986 [main] o.s.s.c.ThreadPoolTaskExecutor-Initializing ExecutorService 'applicationTaskExecutor'
INFO -23:22:37.159 [main] o.a.coyote.http11.Http11NioProtocol-Starting ProtocolHandler ["http-nio-8081"]
INFO -23:22:37.177 [main] o.s.b.w.e.tomcat.TomcatWebServer-Tomcat started on port(s): 8081 (http) with context path ''
INFO -23:22:37.179 [main] com.example.demo.com.example.demo.DemoApplication-Started com.example.demo.com.example.demo.DemoApplication in 1.946 seconds (JVM running for 2.724)
INFO -23:30:32.634 [SpringContextShutdownHook] o.s.s.c.ThreadPoolTaskExecutor-Shutting down ExecutorService 'applicationTaskExecutor'
INFO -23:30:35.723 [main] com.example.demo.com.example.demo.DemoApplication-Starting com.example.demo.com.example.demo.DemoApplication on LAPTOP-C1QADBMM with PID 21500 (D:\example\target\classes started by Tyler Wong in D:\example)
INFO -23:30:35.725 [main] com.example.demo.com.example.demo.DemoApplication-The following profiles are active: dev
INFO -23:30:36.353 [main] o.s.b.w.e.tomcat.TomcatWebServer-Tomcat initialized with port(s): 8081 (http)
INFO -23:30:36.360 [main] o.a.coyote.http11.Http11NioProtocol-Initializing ProtocolHandler ["http-nio-8081"]
INFO -23:30:36.361 [main] o.a.catalina.core.StandardService-Starting service [Tomcat]
INFO -23:30:36.361 [main] o.a.catalina.core.StandardEngine-Starting Servlet engine: [Apache Tomcat/9.0.33]
INFO -23:30:36.430 [main] o.a.c.c.C.[Tomcat].[localhost].[/]-Initializing Spring embedded WebApplicationContext
INFO -23:30:36.430 [main] o.s.web.context.ContextLoader-Root WebApplicationContext: initialization completed in 675 ms
INFO -23:30:36.626 [main] o.s.s.c.ThreadPoolTaskExecutor-Initializing ExecutorService 'applicationTaskExecutor'
INFO -23:30:36.729 [main] o.a.coyote.http11.Http11NioProtocol-Starting ProtocolHandler ["http-nio-8081"]
INFO -23:30:36.747 [main] o.s.b.w.e.tomcat.TomcatWebServer-Tomcat started on port(s): 8081 (http) with context path ''
INFO -23:30:36.754 [main] com.example.demo.com.example.demo.DemoApplication-Started com.example.demo.com.example.demo.DemoApplication in 1.91 seconds (JVM running for 2.688)
INFO -23:32:11.467 [SpringContextShutdownHook] o.s.s.c.ThreadPoolTaskExecutor-Shutting down ExecutorService 'applicationTaskExecutor'
INFO -23:32:14.511 [main] com.example.demo.com.example.demo.DemoApplication-Starting com.example.demo.com.example.demo.DemoApplication on LAPTOP-C1QADBMM with PID 13824 (D:\example\target\classes started by Tyler Wong in D:\example)
INFO -23:32:14.513 [main] com.example.demo.com.example.demo.DemoApplication-The following profiles are active: dev
INFO -23:32:15.192 [main] o.s.b.w.e.tomcat.TomcatWebServer-Tomcat initialized with port(s): 8081 (http)
INFO -23:32:15.200 [main] o.a.coyote.http11.Http11NioProtocol-Initializing ProtocolHandler ["http-nio-8081"]
INFO -23:32:15.201 [main] o.a.catalina.core.StandardService-Starting service [Tomcat]
INFO -23:32:15.201 [main] o.a.catalina.core.StandardEngine-Starting Servlet engine: [Apache Tomcat/9.0.33]
INFO -23:32:15.283 [main] o.a.c.c.C.[Tomcat].[localhost].[/]-Initializing Spring embedded WebApplicationContext
INFO -23:32:15.284 [main] o.s.web.context.ContextLoader-Root WebApplicationContext: initialization completed in 741 ms
INFO -23:32:15.401 [main] o.s.s.c.ThreadPoolTaskExecutor-Initializing ExecutorService 'applicationTaskExecutor'
INFO -23:32:15.536 [main] o.a.coyote.http11.Http11NioProtocol-Starting ProtocolHandler ["http-nio-8081"]
INFO -23:32:15.553 [main] o.s.b.w.e.tomcat.TomcatWebServer-Tomcat started on port(s): 8081 (http) with context path ''
INFO -23:32:15.555 [main] com.example.demo.com.example.demo.DemoApplication-Started com.example.demo.com.example.demo.DemoApplication in 1.926 seconds (JVM running for 2.697)
INFO -23:34:04.003 [SpringContextShutdownHook] o.s.s.c.ThreadPoolTaskExecutor-Shutting down ExecutorService 'applicationTaskExecutor'
INFO -23:34:07.483 [main] com.example.demo.com.example.demo.DemoApplication-Starting com.example.demo.com.example.demo.DemoApplication on LAPTOP-C1QADBMM with PID 24168 (D:\example\target\classes started by Tyler Wong in D:\example)
INFO -23:34:07.485 [main] com.example.demo.com.example.demo.DemoApplication-The following profiles are active: dev
INFO -23:34:08.105 [main] o.s.b.w.e.tomcat.TomcatWebServer-Tomcat initialized with port(s): 8081 (http)
INFO -23:34:08.112 [main] o.a.coyote.http11.Http11NioProtocol-Initializing ProtocolHandler ["http-nio-8081"]
INFO -23:34:08.113 [main] o.a.catalina.core.StandardService-Starting service [Tomcat]
INFO -23:34:08.113 [main] o.a.catalina.core.StandardEngine-Starting Servlet engine: [Apache Tomcat/9.0.33]
INFO -23:34:08.185 [main] o.a.c.c.C.[Tomcat].[localhost].[/]-Initializing Spring embedded WebApplicationContext
INFO -23:34:08.186 [main] o.s.web.context.ContextLoader-Root WebApplicationContext: initialization completed in 671 ms
INFO -23:34:08.387 [main] o.s.s.c.ThreadPoolTaskExecutor-Initializing ExecutorService 'applicationTaskExecutor'
INFO -23:34:08.490 [main] o.a.coyote.http11.Http11NioProtocol-Starting ProtocolHandler ["http-nio-8081"]
INFO -23:34:08.509 [main] o.s.b.w.e.tomcat.TomcatWebServer-Tomcat started on port(s): 8081 (http) with context path ''
INFO -23:34:08.511 [main] com.example.demo.com.example.demo.DemoApplication-Started com.example.demo.com.example.demo.DemoApplication in 1.92 seconds (JVM running for 2.689)
INFO -23:40:15.614 [SpringContextShutdownHook] o.s.s.c.ThreadPoolTaskExecutor-Shutting down ExecutorService 'applicationTaskExecutor'
INFO -23:40:18.929 [main] com.example.demo.com.example.demo.DemoApplication-Starting com.example.demo.com.example.demo.DemoApplication on LAPTOP-C1QADBMM with PID 19356 (D:\example\target\classes started by Tyler Wong in D:\example)
INFO -23:40:18.933 [main] com.example.demo.com.example.demo.DemoApplication-The following profiles are active: dev
INFO -23:40:19.620 [main] o.s.b.w.e.tomcat.TomcatWebServer-Tomcat initialized with port(s): 8081 (http)
INFO -23:40:19.627 [main] o.a.coyote.http11.Http11NioProtocol-Initializing ProtocolHandler ["http-nio-8081"]
INFO -23:40:19.628 [main] o.a.catalina.core.StandardService-Starting service [Tomcat]
INFO -23:40:19.628 [main] o.a.catalina.core.StandardEngine-Starting Servlet engine: [Apache Tomcat/9.0.33]
INFO -23:40:19.699 [main] o.a.c.c.C.[Tomcat].[localhost].[/]-Initializing Spring embedded WebApplicationContext
INFO -23:40:19.699 [main] o.s.web.context.ContextLoader-Root WebApplicationContext: initialization completed in 727 ms
INFO -23:40:19.901 [main] o.s.s.c.ThreadPoolTaskExecutor-Initializing ExecutorService 'applicationTaskExecutor'
INFO -23:40:20.005 [main] o.a.coyote.http11.Http11NioProtocol-Starting ProtocolHandler ["http-nio-8081"]
INFO -23:40:20.023 [main] o.s.b.w.e.tomcat.TomcatWebServer-Tomcat started on port(s): 8081 (http) with context path ''
INFO -23:40:20.025 [main] com.example.demo.com.example.demo.DemoApplication-Started com.example.demo.com.example.demo.DemoApplication in 2.031 seconds (JVM running for 2.876)
INFO -23:40:30.015 [SpringContextShutdownHook] o.s.s.c.ThreadPoolTaskExecutor-Shutting down ExecutorService 'applicationTaskExecutor'
INFO -23:40:33.276 [main] com.example.demo.com.example.demo.DemoApplication-Starting com.example.demo.com.example.demo.DemoApplication on LAPTOP-C1QADBMM with PID 9188 (D:\example\target\classes started by Tyler Wong in D:\example)
INFO -23:40:33.278 [main] com.example.demo.com.example.demo.DemoApplication-The following profiles are active: dev
INFO -23:40:34.010 [main] o.s.b.w.e.tomcat.TomcatWebServer-Tomcat initialized with port(s): 8081 (http)
INFO -23:40:34.018 [main] o.a.coyote.http11.Http11NioProtocol-Initializing ProtocolHandler ["http-nio-8081"]
INFO -23:40:34.019 [main] o.a.catalina.core.StandardService-Starting service [Tomcat]
INFO -23:40:34.019 [main] o.a.catalina.core.StandardEngine-Starting Servlet engine: [Apache Tomcat/9.0.33]
INFO -23:40:34.089 [main] o.a.c.c.C.[Tomcat].[localhost].[/]-Initializing Spring embedded WebApplicationContext
INFO -23:40:34.089 [main] o.s.web.context.ContextLoader-Root WebApplicationContext: initialization completed in 776 ms
INFO -23:40:34.289 [main] o.s.s.c.ThreadPoolTaskExecutor-Initializing ExecutorService 'applicationTaskExecutor'
INFO -23:40:34.394 [main] o.a.coyote.http11.Http11NioProtocol-Starting ProtocolHandler ["http-nio-8081"]
INFO -23:40:34.413 [main] o.s.b.w.e.tomcat.TomcatWebServer-Tomcat started on port(s): 8081 (http) with context path ''
INFO -23:40:34.415 [main] com.example.demo.com.example.demo.DemoApplication-Started com.example.demo.com.example.demo.DemoApplication in 2.105 seconds (JVM running for 2.941)
